[0.106s] DEBUG:colcon:Command line arguments: ['/usr/bin/colcon', 'build']
[0.107s] DEBUG:colcon:Parsed command line arguments: Namespace(allow_overriding=[], ament_cmake_args=None, base_paths=['.'], build_base='build', catkin_cmake_args=None, catkin_skip_building_tests=False, cmake_args=None, cmake_clean_cache=False, cmake_clean_first=False, cmake_force_configure=False, cmake_target=None, cmake_target_skip_unavailable=False, continue_on_error=False, event_handlers=None, executor='parallel', ignore_user_meta=False, install_base='install', log_base=None, log_level=None, main=<bound method BuildVerb.main of <colcon_core.verb.build.BuildVerb object at 0x7f26804567f0>>, merge_install=False, metas=['./colcon.meta'], packages_above=None, packages_above_and_dependencies=None, packages_above_depth=None, packages_end=None, packages_ignore=None, packages_ignore_regex=None, packages_select=None, packages_select_build_failed=False, packages_select_by_dep=None, packages_select_regex=None, packages_select_test_failures=False, packages_skip=None, packages_skip_build_finished=False, packages_skip_by_dep=None, packages_skip_regex=None, packages_skip_test_passed=False, packages_skip_up_to=None, packages_start=None, packages_up_to=None, packages_up_to_regex=None, parallel_workers=8, paths=None, symlink_install=False, test_result_base=None, verb_extension=<colcon_core.verb.build.BuildVerb object at 0x7f26804567f0>, verb_name='build', verb_parser=<colcon_defaults.argument_parser.defaults.DefaultArgumentsDecorator object at 0x7f2680456d60>)
[0.129s] Level 1:colcon.colcon_core.package_discovery:discover_packages(colcon_meta) check parameters
[0.129s] Level 1:colcon.colcon_core.package_discovery:discover_packages(recursive) check parameters
[0.129s] Level 1:colcon.colcon_core.package_discovery:discover_packages(ignore) check parameters
[0.129s] Level 1:colcon.colcon_core.package_discovery:discover_packages(path) check parameters
[0.130s] Level 1:colcon.colcon_core.package_discovery:discover_packages(colcon_meta) discover
[0.130s] Level 1:colcon.colcon_core.package_discovery:discover_packages(recursive) discover
[0.130s] INFO:colcon.colcon_core.package_discovery:Crawling recursively for packages in '/home/rgo/ros2/capra/src'
[0.130s] Level 1:colcon.colcon_core.package_identification:_identify(.) by extensions ['ignore', 'ignore_ament_install']
[0.130s] Level 1:colcon.colcon_core.package_identification:_identify(.) by extension 'ignore'
[0.130s] Level 1:colcon.colcon_core.package_identification:_identify(.) by extension 'ignore_ament_install'
[0.130s] Level 1:colcon.colcon_core.package_identification:_identify(.) by extensions ['colcon_pkg']
[0.130s] Level 1:colcon.colcon_core.package_identification:_identify(.) by extension 'colcon_pkg'
[0.130s] Level 1:colcon.colcon_core.package_identification:_identify(.) by extensions ['colcon_meta']
[0.130s] Level 1:colcon.colcon_core.package_identification:_identify(.) by extension 'colcon_meta'
[0.130s] Level 1:colcon.colcon_core.package_identification:_identify(.) by extensions ['ros']
[0.130s] Level 1:colcon.colcon_core.package_identification:_identify(.) by extension 'ros'
[0.140s] Level 1:colcon.colcon_core.package_identification:_identify(.) by extensions ['cmake', 'python']
[0.140s] Level 1:colcon.colcon_core.package_identification:_identify(.) by extension 'cmake'
[0.140s] Level 1:colcon.colcon_core.package_identification:_identify(.) by extension 'python'
[0.140s] Level 1:colcon.colcon_core.package_identification:_identify(.) by extensions ['python_setup_py']
[0.140s] Level 1:colcon.colcon_core.package_identification:_identify(.) by extension 'python_setup_py'
[0.140s] Level 1:colcon.colcon_core.package_identification:_identify(build) by extensions ['ignore', 'ignore_ament_install']
[0.141s] Level 1:colcon.colcon_core.package_identification:_identify(build) by extension 'ignore'
[0.141s] Level 1:colcon.colcon_core.package_identification:_identify(build) ignored
[0.141s] Level 1:colcon.colcon_core.package_identification:_identify(install) by extensions ['ignore', 'ignore_ament_install']
[0.141s] Level 1:colcon.colcon_core.package_identification:_identify(install) by extension 'ignore'
[0.141s] Level 1:colcon.colcon_core.package_identification:_identify(install) ignored
[0.141s] Level 1:colcon.colcon_core.package_identification:_identify(log) by extensions ['ignore', 'ignore_ament_install']
[0.141s] Level 1:colcon.colcon_core.package_identification:_identify(log) by extension 'ignore'
[0.141s] Level 1:colcon.colcon_core.package_identification:_identify(log) ignored
[0.142s] Level 1:colcon.colcon_core.package_identification:_identify(rgo_ros2_pkg) by extensions ['ignore', 'ignore_ament_install']
[0.142s] Level 1:colcon.colcon_core.package_identification:_identify(rgo_ros2_pkg) by extension 'ignore'
[0.142s] Level 1:colcon.colcon_core.package_identification:_identify(rgo_ros2_pkg) by extension 'ignore_ament_install'
[0.142s] Level 1:colcon.colcon_core.package_identification:_identify(rgo_ros2_pkg) by extensions ['colcon_pkg']
[0.142s] Level 1:colcon.colcon_core.package_identification:_identify(rgo_ros2_pkg) by extension 'colcon_pkg'
[0.142s] Level 1:colcon.colcon_core.package_identification:_identify(rgo_ros2_pkg) by extensions ['colcon_meta']
[0.142s] Level 1:colcon.colcon_core.package_identification:_identify(rgo_ros2_pkg) by extension 'colcon_meta'
[0.142s] Level 1:colcon.colcon_core.package_identification:_identify(rgo_ros2_pkg) by extensions ['ros']
[0.142s] Level 1:colcon.colcon_core.package_identification:_identify(rgo_ros2_pkg) by extension 'ros'
[0.145s] DEBUG:colcon.colcon_core.package_identification:Package 'rgo_ros2_pkg' with type 'ros.ament_cmake' and name 'rgo_ros2_pkg'
[0.145s] Level 1:colcon.colcon_core.package_identification:_identify(robot_sim_ros2_pkg) by extensions ['ignore', 'ignore_ament_install']
[0.145s] Level 1:colcon.colcon_core.package_identification:_identify(robot_sim_ros2_pkg) by extension 'ignore'
[0.145s] Level 1:colcon.colcon_core.package_identification:_identify(robot_sim_ros2_pkg) by extension 'ignore_ament_install'
[0.145s] Level 1:colcon.colcon_core.package_identification:_identify(robot_sim_ros2_pkg) by extensions ['colcon_pkg']
[0.145s] Level 1:colcon.colcon_core.package_identification:_identify(robot_sim_ros2_pkg) by extension 'colcon_pkg'
[0.145s] Level 1:colcon.colcon_core.package_identification:_identify(robot_sim_ros2_pkg) by extensions ['colcon_meta']
[0.145s] Level 1:colcon.colcon_core.package_identification:_identify(robot_sim_ros2_pkg) by extension 'colcon_meta'
[0.145s] Level 1:colcon.colcon_core.package_identification:_identify(robot_sim_ros2_pkg) by extensions ['ros']
[0.146s] Level 1:colcon.colcon_core.package_identification:_identify(robot_sim_ros2_pkg) by extension 'ros'
[0.146s] DEBUG:colcon.colcon_core.package_identification:Package 'robot_sim_ros2_pkg' with type 'ros.ament_cmake' and name 'robot_sim_ros2_pkg'
[0.146s] Level 1:colcon.colcon_core.package_discovery:discover_packages(recursive) using defaults
[0.147s] Level 1:colcon.colcon_core.package_discovery:discover_packages(ignore) discover
[0.147s] Level 1:colcon.colcon_core.package_discovery:discover_packages(ignore) using defaults
[0.147s] Level 1:colcon.colcon_core.package_discovery:discover_packages(path) discover
[0.147s] Level 1:colcon.colcon_core.package_discovery:discover_packages(path) using defaults
[0.162s] Level 1:colcon.colcon_core.package_discovery:discover_packages(prefix_path) check parameters
[0.162s] Level 1:colcon.colcon_core.package_discovery:discover_packages(prefix_path) discover
[0.164s] DEBUG:colcon.colcon_installed_package_information.package_discovery:Found 265 installed packages in /opt/ros/foxy
[0.173s] Level 1:colcon.colcon_core.package_discovery:discover_packages(prefix_path) using defaults
[0.233s] Level 5:colcon.colcon_core.verb:set package 'rgo_ros2_pkg' build argument 'cmake_args' from command line to 'None'
[0.233s] Level 5:colcon.colcon_core.verb:set package 'rgo_ros2_pkg' build argument 'cmake_target' from command line to 'None'
[0.233s] Level 5:colcon.colcon_core.verb:set package 'rgo_ros2_pkg' build argument 'cmake_target_skip_unavailable' from command line to 'False'
[0.233s] Level 5:colcon.colcon_core.verb:set package 'rgo_ros2_pkg' build argument 'cmake_clean_cache' from command line to 'False'
[0.234s] Level 5:colcon.colcon_core.verb:set package 'rgo_ros2_pkg' build argument 'cmake_clean_first' from command line to 'False'
[0.234s] Level 5:colcon.colcon_core.verb:set package 'rgo_ros2_pkg' build argument 'cmake_force_configure' from command line to 'False'
[0.234s] Level 5:colcon.colcon_core.verb:set package 'rgo_ros2_pkg' build argument 'ament_cmake_args' from command line to 'None'
[0.234s] Level 5:colcon.colcon_core.verb:set package 'rgo_ros2_pkg' build argument 'catkin_cmake_args' from command line to 'None'
[0.234s] Level 5:colcon.colcon_core.verb:set package 'rgo_ros2_pkg' build argument 'catkin_skip_building_tests' from command line to 'False'
[0.234s] DEBUG:colcon.colcon_core.verb:Building package 'rgo_ros2_pkg' with the following arguments: {'ament_cmake_args': None, 'build_base': '/home/rgo/ros2/capra/src/build/rgo_ros2_pkg', 'catkin_cmake_args': None, 'catkin_skip_building_tests': False, 'cmake_args': None, 'cmake_clean_cache': False, 'cmake_clean_first': False, 'cmake_force_configure': False, 'cmake_target': None, 'cmake_target_skip_unavailable': False, 'install_base': '/home/rgo/ros2/capra/src/install/rgo_ros2_pkg', 'merge_install': False, 'path': '/home/rgo/ros2/capra/src/rgo_ros2_pkg', 'symlink_install': False, 'test_result_base': None}
[0.235s] Level 5:colcon.colcon_core.verb:set package 'robot_sim_ros2_pkg' build argument 'cmake_args' from command line to 'None'
[0.235s] Level 5:colcon.colcon_core.verb:set package 'robot_sim_ros2_pkg' build argument 'cmake_target' from command line to 'None'
[0.235s] Level 5:colcon.colcon_core.verb:set package 'robot_sim_ros2_pkg' build argument 'cmake_target_skip_unavailable' from command line to 'False'
[0.235s] Level 5:colcon.colcon_core.verb:set package 'robot_sim_ros2_pkg' build argument 'cmake_clean_cache' from command line to 'False'
[0.235s] Level 5:colcon.colcon_core.verb:set package 'robot_sim_ros2_pkg' build argument 'cmake_clean_first' from command line to 'False'
[0.235s] Level 5:colcon.colcon_core.verb:set package 'robot_sim_ros2_pkg' build argument 'cmake_force_configure' from command line to 'False'
[0.235s] Level 5:colcon.colcon_core.verb:set package 'robot_sim_ros2_pkg' build argument 'ament_cmake_args' from command line to 'None'
[0.235s] Level 5:colcon.colcon_core.verb:set package 'robot_sim_ros2_pkg' build argument 'catkin_cmake_args' from command line to 'None'
[0.235s] Level 5:colcon.colcon_core.verb:set package 'robot_sim_ros2_pkg' build argument 'catkin_skip_building_tests' from command line to 'False'
[0.235s] DEBUG:colcon.colcon_core.verb:Building package 'robot_sim_ros2_pkg' with the following arguments: {'ament_cmake_args': None, 'build_base': '/home/rgo/ros2/capra/src/build/robot_sim_ros2_pkg', 'catkin_cmake_args': None, 'catkin_skip_building_tests': False, 'cmake_args': None, 'cmake_clean_cache': False, 'cmake_clean_first': False, 'cmake_force_configure': False, 'cmake_target': None, 'cmake_target_skip_unavailable': False, 'install_base': '/home/rgo/ros2/capra/src/install/robot_sim_ros2_pkg', 'merge_install': False, 'path': '/home/rgo/ros2/capra/src/robot_sim_ros2_pkg', 'symlink_install': False, 'test_result_base': None}
[0.236s] INFO:colcon.colcon_core.executor:Executing jobs using 'parallel' executor
[0.238s] DEBUG:colcon.colcon_parallel_executor.executor.parallel:run_until_complete
[0.238s] INFO:colcon.colcon_ros.task.ament_cmake.build:Building ROS package in '/home/rgo/ros2/capra/src/rgo_ros2_pkg' with build type 'ament_cmake'
[0.238s] INFO:colcon.colcon_cmake.task.cmake.build:Building CMake package in '/home/rgo/ros2/capra/src/rgo_ros2_pkg'
[0.242s] INFO:colcon.colcon_core.plugin_system:Skipping extension 'colcon_core.shell.bat': Not used on non-Windows systems
[0.243s] INFO:colcon.colcon_core.shell:Skip shell extension 'powershell' for command environment: Not usable outside of PowerShell
[0.243s] DEBUG:colcon.colcon_core.shell:Skip shell extension 'dsv' for command environment
[0.248s] INFO:colcon.colcon_ros.task.ament_cmake.build:Building ROS package in '/home/rgo/ros2/capra/src/robot_sim_ros2_pkg' with build type 'ament_cmake'
[0.248s] INFO:colcon.colcon_cmake.task.cmake.build:Building CMake package in '/home/rgo/ros2/capra/src/robot_sim_ros2_pkg'
[0.250s] INFO:colcon.colcon_core.shell:Skip shell extension 'powershell' for command environment: Not usable outside of PowerShell
[0.250s] DEBUG:colcon.colcon_core.shell:Skip shell extension 'dsv' for command environment
[0.259s] DEBUG:colcon.colcon_core.event_handler.log_command:Invoking command in '/home/rgo/ros2/capra/src/build/rgo_ros2_pkg': CMAKE_PREFIX_PATH=/opt/ros/foxy CONDA_PROMPT_MODIFIER=(base) /usr/bin/cmake --build /home/rgo/ros2/capra/src/build/rgo_ros2_pkg -- -j8 -l8
[0.268s] DEBUG:colcon.colcon_core.event_handler.log_command:Invoking command in '/home/rgo/ros2/capra/src/build/robot_sim_ros2_pkg': CMAKE_PREFIX_PATH=/opt/ros/foxy CONDA_PROMPT_MODIFIER=(base) /usr/bin/cmake --build /home/rgo/ros2/capra/src/build/robot_sim_ros2_pkg -- -j8 -l8
[0.334s] DEBUG:colcon.colcon_core.event_handler.log_command:Invoked command in '/home/rgo/ros2/capra/src/build/robot_sim_ros2_pkg' returned '0': CMAKE_PREFIX_PATH=/opt/ros/foxy CONDA_PROMPT_MODIFIER=(base) /usr/bin/cmake --build /home/rgo/ros2/capra/src/build/robot_sim_ros2_pkg -- -j8 -l8
[0.365s] DEBUG:colcon.colcon_core.event_handler.log_command:Invoking command in '/home/rgo/ros2/capra/src/build/robot_sim_ros2_pkg': CMAKE_PREFIX_PATH=/opt/ros/foxy CONDA_PROMPT_MODIFIER=(base) /usr/bin/cmake --install /home/rgo/ros2/capra/src/build/robot_sim_ros2_pkg
[0.375s] Level 1:colcon.colcon_core.environment:create_environment_scripts_only(robot_sim_ros2_pkg)
[0.376s] DEBUG:colcon.colcon_core.event_handler.log_command:Invoked command in '/home/rgo/ros2/capra/src/build/robot_sim_ros2_pkg' returned '0': CMAKE_PREFIX_PATH=/opt/ros/foxy CONDA_PROMPT_MODIFIER=(base) /usr/bin/cmake --install /home/rgo/ros2/capra/src/build/robot_sim_ros2_pkg
[0.381s] Level 1:colcon.colcon_core.environment:checking '/home/rgo/ros2/capra/src/install/robot_sim_ros2_pkg' for CMake module files
[0.382s] Level 1:colcon.colcon_core.environment:checking '/home/rgo/ros2/capra/src/install/robot_sim_ros2_pkg' for CMake config files
[0.382s] Level 1:colcon.colcon_core.shell:create_environment_hook('robot_sim_ros2_pkg', 'cmake_prefix_path')
[0.383s] INFO:colcon.colcon_core.shell:Creating environment hook '/home/rgo/ros2/capra/src/install/robot_sim_ros2_pkg/share/robot_sim_ros2_pkg/hook/cmake_prefix_path.ps1'
[0.384s] INFO:colcon.colcon_core.shell:Creating environment descriptor '/home/rgo/ros2/capra/src/install/robot_sim_ros2_pkg/share/robot_sim_ros2_pkg/hook/cmake_prefix_path.dsv'
[0.384s] INFO:colcon.colcon_core.shell:Creating environment hook '/home/rgo/ros2/capra/src/install/robot_sim_ros2_pkg/share/robot_sim_ros2_pkg/hook/cmake_prefix_path.sh'
[0.386s] Level 1:colcon.colcon_core.environment:checking '/home/rgo/ros2/capra/src/install/robot_sim_ros2_pkg/lib'
[0.386s] Level 1:colcon.colcon_core.environment:checking '/home/rgo/ros2/capra/src/install/robot_sim_ros2_pkg/bin'
[0.386s] Level 1:colcon.colcon_core.environment:checking '/home/rgo/ros2/capra/src/install/robot_sim_ros2_pkg/lib/pkgconfig/robot_sim_ros2_pkg.pc'
[0.386s] Level 1:colcon.colcon_core.environment:checking '/home/rgo/ros2/capra/src/install/robot_sim_ros2_pkg/lib/python3.8/site-packages'
[0.387s] Level 1:colcon.colcon_core.environment:checking '/home/rgo/ros2/capra/src/install/robot_sim_ros2_pkg/bin'
[0.387s] INFO:colcon.colcon_core.shell:Creating package script '/home/rgo/ros2/capra/src/install/robot_sim_ros2_pkg/share/robot_sim_ros2_pkg/package.ps1'
[0.389s] INFO:colcon.colcon_core.shell:Creating package descriptor '/home/rgo/ros2/capra/src/install/robot_sim_ros2_pkg/share/robot_sim_ros2_pkg/package.dsv'
[0.389s] INFO:colcon.colcon_core.shell:Creating package script '/home/rgo/ros2/capra/src/install/robot_sim_ros2_pkg/share/robot_sim_ros2_pkg/package.sh'
[0.390s] INFO:colcon.colcon_core.shell:Creating package script '/home/rgo/ros2/capra/src/install/robot_sim_ros2_pkg/share/robot_sim_ros2_pkg/package.bash'
[0.391s] INFO:colcon.colcon_core.shell:Creating package script '/home/rgo/ros2/capra/src/install/robot_sim_ros2_pkg/share/robot_sim_ros2_pkg/package.zsh'
[0.392s] Level 1:colcon.colcon_core.environment:create_file_with_runtime_dependencies(/home/rgo/ros2/capra/src/install/robot_sim_ros2_pkg/share/colcon-core/packages/robot_sim_ros2_pkg)
[0.412s] Level 1:colcon.colcon_core.environment:create_environment_scripts_only(robot_sim_ros2_pkg)
[0.413s] Level 1:colcon.colcon_core.environment:checking '/home/rgo/ros2/capra/src/install/robot_sim_ros2_pkg' for CMake module files
[0.413s] Level 1:colcon.colcon_core.environment:checking '/home/rgo/ros2/capra/src/install/robot_sim_ros2_pkg' for CMake config files
[0.414s] Level 1:colcon.colcon_core.shell:create_environment_hook('robot_sim_ros2_pkg', 'cmake_prefix_path')
[0.414s] INFO:colcon.colcon_core.shell:Creating environment hook '/home/rgo/ros2/capra/src/install/robot_sim_ros2_pkg/share/robot_sim_ros2_pkg/hook/cmake_prefix_path.ps1'
[0.415s] INFO:colcon.colcon_core.shell:Creating environment descriptor '/home/rgo/ros2/capra/src/install/robot_sim_ros2_pkg/share/robot_sim_ros2_pkg/hook/cmake_prefix_path.dsv'
[0.415s] INFO:colcon.colcon_core.shell:Creating environment hook '/home/rgo/ros2/capra/src/install/robot_sim_ros2_pkg/share/robot_sim_ros2_pkg/hook/cmake_prefix_path.sh'
[0.416s] Level 1:colcon.colcon_core.environment:checking '/home/rgo/ros2/capra/src/install/robot_sim_ros2_pkg/lib'
[0.416s] Level 1:colcon.colcon_core.environment:checking '/home/rgo/ros2/capra/src/install/robot_sim_ros2_pkg/bin'
[0.416s] Level 1:colcon.colcon_core.environment:checking '/home/rgo/ros2/capra/src/install/robot_sim_ros2_pkg/lib/pkgconfig/robot_sim_ros2_pkg.pc'
[0.417s] Level 1:colcon.colcon_core.environment:checking '/home/rgo/ros2/capra/src/install/robot_sim_ros2_pkg/lib/python3.8/site-packages'
[0.417s] Level 1:colcon.colcon_core.environment:checking '/home/rgo/ros2/capra/src/install/robot_sim_ros2_pkg/bin'
[0.418s] INFO:colcon.colcon_core.shell:Creating package script '/home/rgo/ros2/capra/src/install/robot_sim_ros2_pkg/share/robot_sim_ros2_pkg/package.ps1'
[0.419s] INFO:colcon.colcon_core.shell:Creating package descriptor '/home/rgo/ros2/capra/src/install/robot_sim_ros2_pkg/share/robot_sim_ros2_pkg/package.dsv'
[0.419s] INFO:colcon.colcon_core.shell:Creating package script '/home/rgo/ros2/capra/src/install/robot_sim_ros2_pkg/share/robot_sim_ros2_pkg/package.sh'
[0.420s] INFO:colcon.colcon_core.shell:Creating package script '/home/rgo/ros2/capra/src/install/robot_sim_ros2_pkg/share/robot_sim_ros2_pkg/package.bash'
[0.420s] INFO:colcon.colcon_core.shell:Creating package script '/home/rgo/ros2/capra/src/install/robot_sim_ros2_pkg/share/robot_sim_ros2_pkg/package.zsh'
[0.421s] Level 1:colcon.colcon_core.environment:create_file_with_runtime_dependencies(/home/rgo/ros2/capra/src/install/robot_sim_ros2_pkg/share/colcon-core/packages/robot_sim_ros2_pkg)
[5.764s] DEBUG:colcon.colcon_core.event_handler.log_command:Invoked command in '/home/rgo/ros2/capra/src/build/rgo_ros2_pkg' returned '0': CMAKE_PREFIX_PATH=/opt/ros/foxy CONDA_PROMPT_MODIFIER=(base) /usr/bin/cmake --build /home/rgo/ros2/capra/src/build/rgo_ros2_pkg -- -j8 -l8
[5.784s] DEBUG:colcon.colcon_core.event_handler.log_command:Invoking command in '/home/rgo/ros2/capra/src/build/rgo_ros2_pkg': CMAKE_PREFIX_PATH=/opt/ros/foxy CONDA_PROMPT_MODIFIER=(base) /usr/bin/cmake --install /home/rgo/ros2/capra/src/build/rgo_ros2_pkg
[5.796s] Level 1:colcon.colcon_core.environment:create_environment_scripts_only(rgo_ros2_pkg)
[5.797s] Level 1:colcon.colcon_core.environment:checking '/home/rgo/ros2/capra/src/install/rgo_ros2_pkg' for CMake module files
[5.798s] DEBUG:colcon.colcon_core.event_handler.log_command:Invoked command in '/home/rgo/ros2/capra/src/build/rgo_ros2_pkg' returned '0': CMAKE_PREFIX_PATH=/opt/ros/foxy CONDA_PROMPT_MODIFIER=(base) /usr/bin/cmake --install /home/rgo/ros2/capra/src/build/rgo_ros2_pkg
[5.798s] Level 1:colcon.colcon_core.environment:checking '/home/rgo/ros2/capra/src/install/rgo_ros2_pkg' for CMake config files
[5.798s] Level 1:colcon.colcon_core.shell:create_environment_hook('rgo_ros2_pkg', 'cmake_prefix_path')
[5.799s] INFO:colcon.colcon_core.shell:Creating environment hook '/home/rgo/ros2/capra/src/install/rgo_ros2_pkg/share/rgo_ros2_pkg/hook/cmake_prefix_path.ps1'
[5.799s] INFO:colcon.colcon_core.shell:Creating environment descriptor '/home/rgo/ros2/capra/src/install/rgo_ros2_pkg/share/rgo_ros2_pkg/hook/cmake_prefix_path.dsv'
[5.799s] INFO:colcon.colcon_core.shell:Creating environment hook '/home/rgo/ros2/capra/src/install/rgo_ros2_pkg/share/rgo_ros2_pkg/hook/cmake_prefix_path.sh'
[5.800s] Level 1:colcon.colcon_core.environment:checking '/home/rgo/ros2/capra/src/install/rgo_ros2_pkg/lib'
[5.800s] Level 1:colcon.colcon_core.environment:checking '/home/rgo/ros2/capra/src/install/rgo_ros2_pkg/bin'
[5.800s] Level 1:colcon.colcon_core.environment:checking '/home/rgo/ros2/capra/src/install/rgo_ros2_pkg/lib/pkgconfig/rgo_ros2_pkg.pc'
[5.800s] Level 1:colcon.colcon_core.environment:checking '/home/rgo/ros2/capra/src/install/rgo_ros2_pkg/lib/python3.8/site-packages'
[5.800s] Level 1:colcon.colcon_core.environment:checking '/home/rgo/ros2/capra/src/install/rgo_ros2_pkg/bin'
[5.801s] INFO:colcon.colcon_core.shell:Creating package script '/home/rgo/ros2/capra/src/install/rgo_ros2_pkg/share/rgo_ros2_pkg/package.ps1'
[5.801s] INFO:colcon.colcon_core.shell:Creating package descriptor '/home/rgo/ros2/capra/src/install/rgo_ros2_pkg/share/rgo_ros2_pkg/package.dsv'
[5.802s] INFO:colcon.colcon_core.shell:Creating package script '/home/rgo/ros2/capra/src/install/rgo_ros2_pkg/share/rgo_ros2_pkg/package.sh'
[5.802s] INFO:colcon.colcon_core.shell:Creating package script '/home/rgo/ros2/capra/src/install/rgo_ros2_pkg/share/rgo_ros2_pkg/package.bash'
[5.802s] INFO:colcon.colcon_core.shell:Creating package script '/home/rgo/ros2/capra/src/install/rgo_ros2_pkg/share/rgo_ros2_pkg/package.zsh'
[5.803s] Level 1:colcon.colcon_core.environment:create_file_with_runtime_dependencies(/home/rgo/ros2/capra/src/install/rgo_ros2_pkg/share/colcon-core/packages/rgo_ros2_pkg)
[5.822s] Level 1:colcon.colcon_core.environment:create_environment_scripts_only(rgo_ros2_pkg)
[5.823s] Level 1:colcon.colcon_core.environment:checking '/home/rgo/ros2/capra/src/install/rgo_ros2_pkg' for CMake module files
[5.823s] Level 1:colcon.colcon_core.environment:checking '/home/rgo/ros2/capra/src/install/rgo_ros2_pkg' for CMake config files
[5.823s] Level 1:colcon.colcon_core.shell:create_environment_hook('rgo_ros2_pkg', 'cmake_prefix_path')
[5.824s] INFO:colcon.colcon_core.shell:Creating environment hook '/home/rgo/ros2/capra/src/install/rgo_ros2_pkg/share/rgo_ros2_pkg/hook/cmake_prefix_path.ps1'
[5.824s] INFO:colcon.colcon_core.shell:Creating environment descriptor '/home/rgo/ros2/capra/src/install/rgo_ros2_pkg/share/rgo_ros2_pkg/hook/cmake_prefix_path.dsv'
[5.824s] INFO:colcon.colcon_core.shell:Creating environment hook '/home/rgo/ros2/capra/src/install/rgo_ros2_pkg/share/rgo_ros2_pkg/hook/cmake_prefix_path.sh'
[5.825s] Level 1:colcon.colcon_core.environment:checking '/home/rgo/ros2/capra/src/install/rgo_ros2_pkg/lib'
[5.825s] Level 1:colcon.colcon_core.environment:checking '/home/rgo/ros2/capra/src/install/rgo_ros2_pkg/bin'
[5.825s] Level 1:colcon.colcon_core.environment:checking '/home/rgo/ros2/capra/src/install/rgo_ros2_pkg/lib/pkgconfig/rgo_ros2_pkg.pc'
[5.825s] Level 1:colcon.colcon_core.environment:checking '/home/rgo/ros2/capra/src/install/rgo_ros2_pkg/lib/python3.8/site-packages'
[5.826s] Level 1:colcon.colcon_core.environment:checking '/home/rgo/ros2/capra/src/install/rgo_ros2_pkg/bin'
[5.826s] INFO:colcon.colcon_core.shell:Creating package script '/home/rgo/ros2/capra/src/install/rgo_ros2_pkg/share/rgo_ros2_pkg/package.ps1'
[5.827s] INFO:colcon.colcon_core.shell:Creating package descriptor '/home/rgo/ros2/capra/src/install/rgo_ros2_pkg/share/rgo_ros2_pkg/package.dsv'
[5.827s] INFO:colcon.colcon_core.shell:Creating package script '/home/rgo/ros2/capra/src/install/rgo_ros2_pkg/share/rgo_ros2_pkg/package.sh'
[5.827s] INFO:colcon.colcon_core.shell:Creating package script '/home/rgo/ros2/capra/src/install/rgo_ros2_pkg/share/rgo_ros2_pkg/package.bash'
[5.828s] INFO:colcon.colcon_core.shell:Creating package script '/home/rgo/ros2/capra/src/install/rgo_ros2_pkg/share/rgo_ros2_pkg/package.zsh'
[5.828s] Level 1:colcon.colcon_core.environment:create_file_with_runtime_dependencies(/home/rgo/ros2/capra/src/install/rgo_ros2_pkg/share/colcon-core/packages/rgo_ros2_pkg)
[5.828s] DEBUG:colcon.colcon_parallel_executor.executor.parallel:closing loop
[5.829s] DEBUG:colcon.colcon_parallel_executor.executor.parallel:loop closed
[5.829s] DEBUG:colcon.colcon_parallel_executor.executor.parallel:run_until_complete finished with '0'
[5.829s] DEBUG:colcon.colcon_core.event_reactor:joining thread
[5.836s] INFO:colcon.colcon_core.plugin_system:Skipping extension 'colcon_notification.desktop_notification.terminal_notifier': Not used on non-Darwin systems
[5.836s] INFO:colcon.colcon_core.plugin_system:Skipping extension 'colcon_notification.desktop_notification.win32': Not used on non-Windows systems
[5.836s] INFO:colcon.colcon_notification.desktop_notification:Sending desktop notification using 'notify2'
[5.856s] DEBUG:colcon.colcon_core.event_reactor:joined thread
[5.857s] INFO:colcon.colcon_core.shell:Creating prefix script '/home/rgo/ros2/capra/src/install/local_setup.ps1'
[5.858s] INFO:colcon.colcon_core.shell:Creating prefix util module '/home/rgo/ros2/capra/src/install/_local_setup_util_ps1.py'
[5.859s] INFO:colcon.colcon_core.shell:Creating prefix chain script '/home/rgo/ros2/capra/src/install/setup.ps1'
[5.860s] INFO:colcon.colcon_core.shell:Creating prefix script '/home/rgo/ros2/capra/src/install/local_setup.sh'
[5.861s] INFO:colcon.colcon_core.shell:Creating prefix util module '/home/rgo/ros2/capra/src/install/_local_setup_util_sh.py'
[5.861s] INFO:colcon.colcon_core.shell:Creating prefix chain script '/home/rgo/ros2/capra/src/install/setup.sh'
[5.863s] INFO:colcon.colcon_core.shell:Creating prefix script '/home/rgo/ros2/capra/src/install/local_setup.bash'
[5.864s] INFO:colcon.colcon_core.shell:Creating prefix chain script '/home/rgo/ros2/capra/src/install/setup.bash'
[5.866s] INFO:colcon.colcon_core.shell:Creating prefix script '/home/rgo/ros2/capra/src/install/local_setup.zsh'
[5.866s] INFO:colcon.colcon_core.shell:Creating prefix chain script '/home/rgo/ros2/capra/src/install/setup.zsh'
