[0.100s] Invoking command in '/home/rgo/ros2/capra/src/build/rgo_ros2_pkg': CMAKE_PREFIX_PATH=/opt/ros/foxy /usr/bin/cmake /home/rgo/ros2/capra/src/rgo_ros2_pkg -DCMAKE_INSTALL_PREFIX=/home/rgo/ros2/capra/src/install/rgo_ros2_pkg
[0.338s] -- The C compiler identification is GNU 9.4.0
[0.583s] -- The CXX compiler identification is GNU 9.4.0
[0.605s] -- Check for working C compiler: /usr/bin/cc
[0.918s] -- Check for working C compiler: /usr/bin/cc -- works
[0.925s] -- Detecting C compiler ABI info
[1.225s] -- Detecting C compiler ABI info - done
[1.311s] -- Detecting C compile features
[1.321s] -- Detecting C compile features - done
[1.329s] -- Check for working CXX compiler: /usr/bin/c++
[1.646s] -- Check for working CXX compiler: /usr/bin/c++ -- works
[1.653s] -- Detecting CXX compiler ABI info
[1.998s] -- Detecting CXX compiler ABI info - done
[2.071s] -- Detecting CXX compile features
[2.074s] -- Detecting CXX compile features - done
[2.078s] -- Found ament_cmake: 0.9.9 (/opt/ros/foxy/share/ament_cmake/cmake)
[2.166s] -- Found PythonInterp: /usr/bin/python3 (found suitable version "3.8.10", minimum required is "3") 
[2.168s] -- Using PYTHON_EXECUTABLE: /usr/bin/python3
[2.933s] -- Found rclcpp: 2.4.1 (/opt/ros/foxy/share/rclcpp/cmake)
[3.060s] -- Using all available rosidl_typesupport_c: rosidl_typesupport_fastrtps_c;rosidl_typesupport_introspection_c
[3.077s] -- Found rosidl_adapter: 1.2.1 (/opt/ros/foxy/share/rosidl_adapter/cmake)
[3.343s] -- Found OpenSSL: /usr/lib/aarch64-linux-gnu/libcrypto.so (found version "1.1.1f")  
[3.454s] -- Found FastRTPS: /opt/ros/foxy/include  
[3.691s] -- Using all available rosidl_typesupport_cpp: rosidl_typesupport_fastrtps_cpp;rosidl_typesupport_introspection_cpp
[3.872s] -- Found rmw_implementation_cmake: 1.0.3 (/opt/ros/foxy/share/rmw_implementation_cmake/cmake)
[3.877s] -- Using RMW implementation 'rmw_fastrtps_cpp' as default
[3.879s] -- Looking for pthread.h
[4.259s] -- Looking for pthread.h - found
[4.261s] -- Performing Test CMAKE_HAVE_LIBC_PTHREAD
[4.642s] -- Performing Test CMAKE_HAVE_LIBC_PTHREAD - Failed
[4.671s] -- Looking for pthread_create in pthreads
[4.913s] -- Looking for pthread_create in pthreads - not found
[4.914s] -- Looking for pthread_create in pthread
[5.209s] -- Looking for pthread_create in pthread - found
[5.211s] -- Found Threads: TRUE  
[5.718s] -- Found geometry_msgs: 2.0.5 (/opt/ros/foxy/share/geometry_msgs/cmake)
[5.832s] -- Found nav_msgs: 2.0.5 (/opt/ros/foxy/share/nav_msgs/cmake)
[6.081s] -- Found ament_lint_auto: 0.9.6 (/opt/ros/foxy/share/ament_lint_auto/cmake)
[6.433s] -- Added test 'copyright' to check source files copyright and LICENSE
[6.462s] -- Added test 'cppcheck' to perform static code analysis on C / C++ code
[6.463s] -- Configured cppcheck include dirs: 
[6.463s] -- Configured cppcheck exclude dirs and/or files: 
[6.492s] -- Added test 'cpplint' to check C / C++ code against the Google style
[6.494s] -- Configured cpplint exclude dirs and/or files: 
[6.497s] -- Added test 'flake8' to check Python code syntax and style conventions
[6.505s] -- Added test 'lint_cmake' to check CMake code style
[6.510s] -- Added test 'pep257' to check Python code against some of the style conventions in PEP 257
[6.537s] -- Added test 'uncrustify' to check C / C++ code style
[6.540s] -- Configured uncrustify additional arguments: 
[6.542s] -- Added test 'xmllint' to check XML markup files
[6.550s] -- Configuring done
[6.579s] -- Generating done
[6.583s] -- Build files have been written to: /home/rgo/ros2/capra/src/build/rgo_ros2_pkg
[6.621s] Invoked command in '/home/rgo/ros2/capra/src/build/rgo_ros2_pkg' returned '0': CMAKE_PREFIX_PATH=/opt/ros/foxy /usr/bin/cmake /home/rgo/ros2/capra/src/rgo_ros2_pkg -DCMAKE_INSTALL_PREFIX=/home/rgo/ros2/capra/src/install/rgo_ros2_pkg
[6.643s] Invoking command in '/home/rgo/ros2/capra/src/build/rgo_ros2_pkg': CMAKE_PREFIX_PATH=/opt/ros/foxy /usr/bin/cmake --build /home/rgo/ros2/capra/src/build/rgo_ros2_pkg -- -j6 -l6
[6.813s] [35m[1mScanning dependencies of target rgo_ros2_node[0m
[6.939s] [ 50%] [32mBuilding CXX object CMakeFiles/rgo_ros2_node.dir/src/rgo_ros2_node.cpp.o[0m
[38.741s] [100%] [32m[1mLinking CXX executable rgo_ros2_node[0m
[40.289s] [100%] Built target rgo_ros2_node
[40.389s] Invoked command in '/home/rgo/ros2/capra/src/build/rgo_ros2_pkg' returned '0': CMAKE_PREFIX_PATH=/opt/ros/foxy /usr/bin/cmake --build /home/rgo/ros2/capra/src/build/rgo_ros2_pkg -- -j6 -l6
[40.525s] Invoking command in '/home/rgo/ros2/capra/src/build/rgo_ros2_pkg': CMAKE_PREFIX_PATH=/opt/ros/foxy /usr/bin/cmake --install /home/rgo/ros2/capra/src/build/rgo_ros2_pkg
[40.587s] -- Install configuration: ""
[40.588s] -- Installing: /home/rgo/ros2/capra/src/install/rgo_ros2_pkg/lib/rgo_ros2_pkg/rgo_ros2_node
[40.605s] -- Set runtime path of "/home/rgo/ros2/capra/src/install/rgo_ros2_pkg/lib/rgo_ros2_pkg/rgo_ros2_node" to ""
[40.606s] -- Installing: /home/rgo/ros2/capra/src/install/rgo_ros2_pkg/share/ament_index/resource_index/package_run_dependencies/rgo_ros2_pkg
[40.607s] -- Installing: /home/rgo/ros2/capra/src/install/rgo_ros2_pkg/share/ament_index/resource_index/parent_prefix_path/rgo_ros2_pkg
[40.608s] -- Installing: /home/rgo/ros2/capra/src/install/rgo_ros2_pkg/share/rgo_ros2_pkg/environment/ament_prefix_path.sh
[40.610s] -- Installing: /home/rgo/ros2/capra/src/install/rgo_ros2_pkg/share/rgo_ros2_pkg/environment/ament_prefix_path.dsv
[40.611s] -- Installing: /home/rgo/ros2/capra/src/install/rgo_ros2_pkg/share/rgo_ros2_pkg/environment/path.sh
[40.613s] -- Installing: /home/rgo/ros2/capra/src/install/rgo_ros2_pkg/share/rgo_ros2_pkg/environment/path.dsv
[40.614s] -- Installing: /home/rgo/ros2/capra/src/install/rgo_ros2_pkg/share/rgo_ros2_pkg/local_setup.bash
[40.615s] -- Installing: /home/rgo/ros2/capra/src/install/rgo_ros2_pkg/share/rgo_ros2_pkg/local_setup.sh
[40.616s] -- Installing: /home/rgo/ros2/capra/src/install/rgo_ros2_pkg/share/rgo_ros2_pkg/local_setup.zsh
[40.618s] -- Installing: /home/rgo/ros2/capra/src/install/rgo_ros2_pkg/share/rgo_ros2_pkg/local_setup.dsv
[40.619s] -- Installing: /home/rgo/ros2/capra/src/install/rgo_ros2_pkg/share/rgo_ros2_pkg/package.dsv
[40.620s] -- Installing: /home/rgo/ros2/capra/src/install/rgo_ros2_pkg/share/ament_index/resource_index/packages/rgo_ros2_pkg
[40.621s] -- Installing: /home/rgo/ros2/capra/src/install/rgo_ros2_pkg/share/rgo_ros2_pkg/cmake/rgo_ros2_pkgConfig.cmake
[40.622s] -- Installing: /home/rgo/ros2/capra/src/install/rgo_ros2_pkg/share/rgo_ros2_pkg/cmake/rgo_ros2_pkgConfig-version.cmake
[40.622s] -- Installing: /home/rgo/ros2/capra/src/install/rgo_ros2_pkg/share/rgo_ros2_pkg/package.xml
[40.634s] Invoked command in '/home/rgo/ros2/capra/src/build/rgo_ros2_pkg' returned '0': CMAKE_PREFIX_PATH=/opt/ros/foxy /usr/bin/cmake --install /home/rgo/ros2/capra/src/build/rgo_ros2_pkg
