[0.064s] Invoking command in '/home/rgo/ros2/capra/src/build/rgo_ros2_pkg': CMAKE_PREFIX_PATH=${CMAKE_PREFIX_PATH}:/opt/ros/foxy /usr/bin/cmake --build /home/rgo/ros2/capra/src/build/rgo_ros2_pkg -- -j6 -l6
[0.140s] -- Found ament_cmake: 0.9.9 (/opt/ros/foxy/share/ament_cmake/cmake)
[0.219s] -- Using PYTHON_EXECUTABLE: /usr/bin/python3
[0.818s] -- Found rclcpp: 2.4.1 (/opt/ros/foxy/share/rclcpp/cmake)
[0.907s] -- Using all available rosidl_typesupport_c: rosidl_typesupport_fastrtps_c;rosidl_typesupport_introspection_c
[0.917s] -- Found rosidl_adapter: 1.2.1 (/opt/ros/foxy/share/rosidl_adapter/cmake)
[1.221s] -- Using all available rosidl_typesupport_cpp: rosidl_typesupport_fastrtps_cpp;rosidl_typesupport_introspection_cpp
[1.381s] -- Found rmw_implementation_cmake: 1.0.3 (/opt/ros/foxy/share/rmw_implementation_cmake/cmake)
[1.386s] -- Using RMW implementation 'rmw_fastrtps_cpp' as default
[1.856s] -- Found geometry_msgs: 2.0.5 (/opt/ros/foxy/share/geometry_msgs/cmake)
[1.966s] -- Found nav_msgs: 2.0.5 (/opt/ros/foxy/share/nav_msgs/cmake)
[2.203s] CMake Error at /opt/ros/foxy/share/ament_cmake_target_dependencies/cmake/ament_target_dependencies.cmake:145 (target_link_libraries):
[2.204s]   The keyword signature for target_link_libraries has already been used with
[2.205s]   the target "rgo_ros2_node".  All uses of target_link_libraries with a
[2.205s]   target must be either all-keyword or all-plain.
[2.206s] 
[2.206s]   The uses of the keyword signature are here:
[2.207s] 
[2.207s]    * CMakeLists.txt:41 (target_link_libraries)
[2.208s] 
[2.208s] Call Stack (most recent call first):
[2.208s]   CMakeLists.txt:58 (ament_target_dependencies)
[2.209s] 
[2.209s] 
[2.209s] -- Found ament_lint_auto: 0.9.6 (/opt/ros/foxy/share/ament_lint_auto/cmake)
[2.441s] -- Added test 'copyright' to check source files copyright and LICENSE
[2.467s] -- Added test 'cppcheck' to perform static code analysis on C / C++ code
[2.470s] -- Configured cppcheck include dirs: $<BUILD_INTERFACE:/home/rgo/ros2/capra/src/rgo_ros2_pkg/include>
[2.473s] -- Configured cppcheck exclude dirs and/or files: 
[2.494s] -- Added test 'cpplint' to check C / C++ code against the Google style
[2.498s] -- Configured cpplint exclude dirs and/or files: 
[2.501s] -- Added test 'flake8' to check Python code syntax and style conventions
[2.505s] -- Added test 'lint_cmake' to check CMake code style
[2.509s] -- Added test 'pep257' to check Python code against some of the style conventions in PEP 257
[2.535s] -- Added test 'uncrustify' to check C / C++ code style
[2.536s] -- Configured uncrustify additional arguments: 
[2.540s] -- Added test 'xmllint' to check XML markup files
[2.547s] -- Configuring incomplete, errors occurred!
[2.547s] See also "/home/rgo/ros2/capra/src/build/rgo_ros2_pkg/CMakeFiles/CMakeOutput.log".
[2.548s] See also "/home/rgo/ros2/capra/src/build/rgo_ros2_pkg/CMakeFiles/CMakeError.log".
[2.569s] make: *** [Makefile:296: cmake_check_build_system] Error 1
[2.593s] Invoked command in '/home/rgo/ros2/capra/src/build/rgo_ros2_pkg' returned '2': CMAKE_PREFIX_PATH=${CMAKE_PREFIX_PATH}:/opt/ros/foxy /usr/bin/cmake --build /home/rgo/ros2/capra/src/build/rgo_ros2_pkg -- -j6 -l6
