[0.121s] Invoking command in '/home/rgo/ros2/capra/src/build/robot_sim_ros2_pkg': CMAKE_PREFIX_PATH=/opt/ros/foxy /usr/bin/cmake --build /home/rgo/ros2/capra/src/build/robot_sim_ros2_pkg -- -j6 -l6
[0.940s] [100%] Built target robot_sim_ros2_node
[0.995s] Invoked command in '/home/rgo/ros2/capra/src/build/robot_sim_ros2_pkg' returned '0': CMAKE_PREFIX_PATH=/opt/ros/foxy /usr/bin/cmake --build /home/rgo/ros2/capra/src/build/robot_sim_ros2_pkg -- -j6 -l6
[1.143s] Invoking command in '/home/rgo/ros2/capra/src/build/robot_sim_ros2_pkg': CMAKE_PREFIX_PATH=/opt/ros/foxy /usr/bin/cmake --install /home/rgo/ros2/capra/src/build/robot_sim_ros2_pkg
[1.208s] -- Install configuration: ""
[1.211s] -- Up-to-date: /home/rgo/ros2/capra/src/install/robot_sim_ros2_pkg/lib/robot_sim_ros2_pkg/robot_sim_ros2_node
[1.212s] -- Up-to-date: /home/rgo/ros2/capra/src/install/robot_sim_ros2_pkg/share/ament_index/resource_index/package_run_dependencies/robot_sim_ros2_pkg
[1.214s] -- Up-to-date: /home/rgo/ros2/capra/src/install/robot_sim_ros2_pkg/share/ament_index/resource_index/parent_prefix_path/robot_sim_ros2_pkg
[1.215s] -- Up-to-date: /home/rgo/ros2/capra/src/install/robot_sim_ros2_pkg/share/robot_sim_ros2_pkg/environment/ament_prefix_path.sh
[1.216s] -- Up-to-date: /home/rgo/ros2/capra/src/install/robot_sim_ros2_pkg/share/robot_sim_ros2_pkg/environment/ament_prefix_path.dsv
[1.218s] -- Up-to-date: /home/rgo/ros2/capra/src/install/robot_sim_ros2_pkg/share/robot_sim_ros2_pkg/environment/path.sh
[1.220s] -- Up-to-date: /home/rgo/ros2/capra/src/install/robot_sim_ros2_pkg/share/robot_sim_ros2_pkg/environment/path.dsv
[1.221s] -- Up-to-date: /home/rgo/ros2/capra/src/install/robot_sim_ros2_pkg/share/robot_sim_ros2_pkg/local_setup.bash
[1.224s] -- Up-to-date: /home/rgo/ros2/capra/src/install/robot_sim_ros2_pkg/share/robot_sim_ros2_pkg/local_setup.sh
[1.226s] -- Up-to-date: /home/rgo/ros2/capra/src/install/robot_sim_ros2_pkg/share/robot_sim_ros2_pkg/local_setup.zsh
[1.227s] -- Up-to-date: /home/rgo/ros2/capra/src/install/robot_sim_ros2_pkg/share/robot_sim_ros2_pkg/local_setup.dsv
[1.228s] -- Installing: /home/rgo/ros2/capra/src/install/robot_sim_ros2_pkg/share/robot_sim_ros2_pkg/package.dsv
[1.229s] -- Up-to-date: /home/rgo/ros2/capra/src/install/robot_sim_ros2_pkg/share/ament_index/resource_index/packages/robot_sim_ros2_pkg
[1.233s] -- Up-to-date: /home/rgo/ros2/capra/src/install/robot_sim_ros2_pkg/share/robot_sim_ros2_pkg/cmake/robot_sim_ros2_pkgConfig.cmake
[1.235s] -- Up-to-date: /home/rgo/ros2/capra/src/install/robot_sim_ros2_pkg/share/robot_sim_ros2_pkg/cmake/robot_sim_ros2_pkgConfig-version.cmake
[1.237s] -- Up-to-date: /home/rgo/ros2/capra/src/install/robot_sim_ros2_pkg/share/robot_sim_ros2_pkg/package.xml
[1.356s] Invoked command in '/home/rgo/ros2/capra/src/build/robot_sim_ros2_pkg' returned '0': CMAKE_PREFIX_PATH=/opt/ros/foxy /usr/bin/cmake --install /home/rgo/ros2/capra/src/build/robot_sim_ros2_pkg
