[0.056s] Invoking command in '/home/rgo/ros2/capra/src/build/rgo_ros2_pkg': CMAKE_PREFIX_PATH=${CMAKE_PREFIX_PATH}:/opt/ros/foxy /usr/bin/cmake --build /home/rgo/ros2/capra/src/build/rgo_ros2_pkg -- -j6 -l6
[0.213s] -- Found ament_cmake: 0.9.9 (/opt/ros/foxy/share/ament_cmake/cmake)
[0.321s] -- Using PYTHON_EXECUTABLE: /usr/bin/python3
[0.926s] -- Found rclcpp: 2.4.1 (/opt/ros/foxy/share/rclcpp/cmake)
[1.006s] -- Using all available rosidl_typesupport_c: rosidl_typesupport_fastrtps_c;rosidl_typesupport_introspection_c
[1.017s] -- Found rosidl_adapter: 1.2.1 (/opt/ros/foxy/share/rosidl_adapter/cmake)
[1.325s] -- Using all available rosidl_typesupport_cpp: rosidl_typesupport_fastrtps_cpp;rosidl_typesupport_introspection_cpp
[1.477s] -- Found rmw_implementation_cmake: 1.0.3 (/opt/ros/foxy/share/rmw_implementation_cmake/cmake)
[1.483s] -- Using RMW implementation 'rmw_fastrtps_cpp' as default
[1.945s] -- Found geometry_msgs: 2.0.5 (/opt/ros/foxy/share/geometry_msgs/cmake)
[2.053s] -- Found nav_msgs: 2.0.5 (/opt/ros/foxy/share/nav_msgs/cmake)
[2.293s] -- Found ament_lint_auto: 0.9.6 (/opt/ros/foxy/share/ament_lint_auto/cmake)
[2.535s] -- Added test 'copyright' to check source files copyright and LICENSE
[2.555s] -- Added test 'cppcheck' to perform static code analysis on C / C++ code
[2.559s] -- Configured cppcheck include dirs: $<BUILD_INTERFACE:/home/rgo/ros2/capra/src/rgo_ros2_pkg/include>
[2.564s] -- Configured cppcheck exclude dirs and/or files: 
[2.581s] -- Added test 'cpplint' to check C / C++ code against the Google style
[2.585s] -- Configured cpplint exclude dirs and/or files: 
[2.589s] -- Added test 'flake8' to check Python code syntax and style conventions
[2.594s] -- Added test 'lint_cmake' to check CMake code style
[2.595s] -- Added test 'pep257' to check Python code against some of the style conventions in PEP 257
[2.620s] -- Added test 'uncrustify' to check C / C++ code style
[2.621s] -- Configured uncrustify additional arguments: 
[2.625s] -- Added test 'xmllint' to check XML markup files
[2.631s] -- Configuring done
[2.668s] -- Generating done
[2.674s] -- Build files have been written to: /home/rgo/ros2/capra/src/build/rgo_ros2_pkg
[2.771s] [35m[1mScanning dependencies of target rgo_ros2_node[0m
[2.902s] [ 33%] [32mBuilding CXX object CMakeFiles/rgo_ros2_node.dir/src/rgo_ros2_node.cpp.o[0m
[35.247s] [ 66%] [32m[1mLinking CXX executable rgo_ros2_node[0m
[37.325s] [100%] Built target rgo_ros2_node
[37.389s] Invoked command in '/home/rgo/ros2/capra/src/build/rgo_ros2_pkg' returned '0': CMAKE_PREFIX_PATH=${CMAKE_PREFIX_PATH}:/opt/ros/foxy /usr/bin/cmake --build /home/rgo/ros2/capra/src/build/rgo_ros2_pkg -- -j6 -l6
[37.642s] Invoking command in '/home/rgo/ros2/capra/src/build/rgo_ros2_pkg': CMAKE_PREFIX_PATH=${CMAKE_PREFIX_PATH}:/opt/ros/foxy /usr/bin/cmake --install /home/rgo/ros2/capra/src/build/rgo_ros2_pkg
[37.680s] -- Install configuration: ""
[37.683s] -- Installing: /home/rgo/ros2/capra/src/install/rgo_ros2_pkg/lib/rgo_ros2_pkg/rgo_ros2_node
[37.699s] -- Set runtime path of "/home/rgo/ros2/capra/src/install/rgo_ros2_pkg/lib/rgo_ros2_pkg/rgo_ros2_node" to ""
[37.702s] -- Up-to-date: /home/rgo/ros2/capra/src/install/rgo_ros2_pkg/share/ament_index/resource_index/package_run_dependencies/rgo_ros2_pkg
[37.710s] -- Up-to-date: /home/rgo/ros2/capra/src/install/rgo_ros2_pkg/share/ament_index/resource_index/parent_prefix_path/rgo_ros2_pkg
[37.725s] -- Up-to-date: /home/rgo/ros2/capra/src/install/rgo_ros2_pkg/share/rgo_ros2_pkg/environment/ament_prefix_path.sh
[37.727s] -- Installing: /home/rgo/ros2/capra/src/install/rgo_ros2_pkg/share/rgo_ros2_pkg/environment/ament_prefix_path.dsv
[37.729s] -- Up-to-date: /home/rgo/ros2/capra/src/install/rgo_ros2_pkg/share/rgo_ros2_pkg/environment/path.sh
[37.731s] -- Installing: /home/rgo/ros2/capra/src/install/rgo_ros2_pkg/share/rgo_ros2_pkg/environment/path.dsv
[37.743s] -- Up-to-date: /home/rgo/ros2/capra/src/install/rgo_ros2_pkg/share/rgo_ros2_pkg/local_setup.bash
[37.750s] -- Up-to-date: /home/rgo/ros2/capra/src/install/rgo_ros2_pkg/share/rgo_ros2_pkg/local_setup.sh
[37.754s] -- Up-to-date: /home/rgo/ros2/capra/src/install/rgo_ros2_pkg/share/rgo_ros2_pkg/local_setup.zsh
[37.759s] -- Installing: /home/rgo/ros2/capra/src/install/rgo_ros2_pkg/share/rgo_ros2_pkg/local_setup.dsv
[37.775s] -- Installing: /home/rgo/ros2/capra/src/install/rgo_ros2_pkg/share/rgo_ros2_pkg/package.dsv
[37.787s] -- Up-to-date: /home/rgo/ros2/capra/src/install/rgo_ros2_pkg/share/ament_index/resource_index/packages/rgo_ros2_pkg
[37.797s] -- Up-to-date: /home/rgo/ros2/capra/src/install/rgo_ros2_pkg/share/rgo_ros2_pkg/cmake/rgo_ros2_pkgConfig.cmake
[37.806s] -- Up-to-date: /home/rgo/ros2/capra/src/install/rgo_ros2_pkg/share/rgo_ros2_pkg/cmake/rgo_ros2_pkgConfig-version.cmake
[37.809s] -- Up-to-date: /home/rgo/ros2/capra/src/install/rgo_ros2_pkg/share/rgo_ros2_pkg/package.xml
[37.814s] Invoked command in '/home/rgo/ros2/capra/src/build/rgo_ros2_pkg' returned '0': CMAKE_PREFIX_PATH=${CMAKE_PREFIX_PATH}:/opt/ros/foxy /usr/bin/cmake --install /home/rgo/ros2/capra/src/build/rgo_ros2_pkg
