[0.078s] Invoking command in '/home/rgo/ros2/capra/src/build/rgo_ros2_pkg': CMAKE_PREFIX_PATH=${CMAKE_PREFIX_PATH}:/opt/ros/foxy /usr/bin/cmake --build /home/rgo/ros2/capra/src/build/rgo_ros2_pkg -- -j6 -l6
[0.336s] [35m[1mScanning dependencies of target rgo_ros2_node[0m
[0.512s] [ 33%] [32mBuilding CXX object CMakeFiles/rgo_ros2_node.dir/src/rgo_ros2_node.cpp.o[0m
[28.743s] [ 66%] [32m[1mLinking CXX executable rgo_ros2_node[0m
[30.369s] [100%] Built target rgo_ros2_node
[30.409s] Invoked command in '/home/rgo/ros2/capra/src/build/rgo_ros2_pkg' returned '0': CMAKE_PREFIX_PATH=${CMAKE_PREFIX_PATH}:/opt/ros/foxy /usr/bin/cmake --build /home/rgo/ros2/capra/src/build/rgo_ros2_pkg -- -j6 -l6
[30.536s] Invoking command in '/home/rgo/ros2/capra/src/build/rgo_ros2_pkg': CMAKE_PREFIX_PATH=${CMAKE_PREFIX_PATH}:/opt/ros/foxy /usr/bin/cmake --install /home/rgo/ros2/capra/src/build/rgo_ros2_pkg
[30.578s] -- Install configuration: ""
[30.581s] -- Installing: /home/rgo/ros2/capra/src/install/rgo_ros2_pkg/lib/rgo_ros2_pkg/rgo_ros2_node
[30.582s] -- Set runtime path of "/home/rgo/ros2/capra/src/install/rgo_ros2_pkg/lib/rgo_ros2_pkg/rgo_ros2_node" to ""
[30.587s] -- Up-to-date: /home/rgo/ros2/capra/src/install/rgo_ros2_pkg/share/ament_index/resource_index/package_run_dependencies/rgo_ros2_pkg
[30.593s] -- Up-to-date: /home/rgo/ros2/capra/src/install/rgo_ros2_pkg/share/ament_index/resource_index/parent_prefix_path/rgo_ros2_pkg
[30.607s] -- Up-to-date: /home/rgo/ros2/capra/src/install/rgo_ros2_pkg/share/rgo_ros2_pkg/environment/ament_prefix_path.sh
[30.610s] -- Up-to-date: /home/rgo/ros2/capra/src/install/rgo_ros2_pkg/share/rgo_ros2_pkg/environment/ament_prefix_path.dsv
[30.613s] -- Up-to-date: /home/rgo/ros2/capra/src/install/rgo_ros2_pkg/share/rgo_ros2_pkg/environment/path.sh
[30.617s] -- Up-to-date: /home/rgo/ros2/capra/src/install/rgo_ros2_pkg/share/rgo_ros2_pkg/environment/path.dsv
[30.619s] -- Up-to-date: /home/rgo/ros2/capra/src/install/rgo_ros2_pkg/share/rgo_ros2_pkg/local_setup.bash
[30.628s] -- Up-to-date: /home/rgo/ros2/capra/src/install/rgo_ros2_pkg/share/rgo_ros2_pkg/local_setup.sh
[30.631s] -- Up-to-date: /home/rgo/ros2/capra/src/install/rgo_ros2_pkg/share/rgo_ros2_pkg/local_setup.zsh
[30.634s] -- Up-to-date: /home/rgo/ros2/capra/src/install/rgo_ros2_pkg/share/rgo_ros2_pkg/local_setup.dsv
[30.640s] -- Installing: /home/rgo/ros2/capra/src/install/rgo_ros2_pkg/share/rgo_ros2_pkg/package.dsv
[30.647s] -- Up-to-date: /home/rgo/ros2/capra/src/install/rgo_ros2_pkg/share/ament_index/resource_index/packages/rgo_ros2_pkg
[30.670s] -- Up-to-date: /home/rgo/ros2/capra/src/install/rgo_ros2_pkg/share/rgo_ros2_pkg/cmake/rgo_ros2_pkgConfig.cmake
[30.678s] -- Up-to-date: /home/rgo/ros2/capra/src/install/rgo_ros2_pkg/share/rgo_ros2_pkg/cmake/rgo_ros2_pkgConfig-version.cmake
[30.681s] -- Up-to-date: /home/rgo/ros2/capra/src/install/rgo_ros2_pkg/share/rgo_ros2_pkg/package.xml
[30.684s] Invoked command in '/home/rgo/ros2/capra/src/build/rgo_ros2_pkg' returned '0': CMAKE_PREFIX_PATH=${CMAKE_PREFIX_PATH}:/opt/ros/foxy /usr/bin/cmake --install /home/rgo/ros2/capra/src/build/rgo_ros2_pkg
