[0.550s] DEBUG:colcon:Command line arguments: ['/usr/bin/colcon', 'build', '--packages-select', 'rgo_ros2_pkg']
[0.551s] DEBUG:colcon:Parsed command line arguments: Namespace(allow_overriding=[], ament_cmake_args=None, base_paths=['.'], build_base='build', catkin_cmake_args=None, catkin_skip_building_tests=False, cmake_args=None, cmake_clean_cache=False, cmake_clean_first=False, cmake_force_configure=False, cmake_target=None, cmake_target_skip_unavailable=False, continue_on_error=False, event_handlers=None, executor='parallel', ignore_user_meta=False, install_base='install', log_base=None, log_level=None, main=<bound method BuildVerb.main of <colcon_core.verb.build.BuildVerb object at 0x7f85fb2af0>>, merge_install=False, metas=['./colcon.meta'], packages_above=None, packages_above_and_dependencies=None, packages_above_depth=None, packages_end=None, packages_ignore=None, packages_ignore_regex=None, packages_select=['rgo_ros2_pkg'], packages_select_build_failed=False, packages_select_by_dep=None, packages_select_regex=None, packages_select_test_failures=False, packages_skip=None, packages_skip_build_finished=False, packages_skip_by_dep=None, packages_skip_regex=None, packages_skip_test_passed=False, packages_skip_up_to=None, packages_start=None, packages_up_to=None, packages_up_to_regex=None, parallel_workers=6, paths=None, symlink_install=False, test_result_base=None, verb_extension=<colcon_core.verb.build.BuildVerb object at 0x7f85fb2af0>, verb_name='build', verb_parser=<colcon_defaults.argument_parser.defaults.DefaultArgumentsDecorator object at 0x7f85f3d0a0>)
[0.649s] Level 1:colcon.colcon_core.package_discovery:discover_packages(colcon_meta) check parameters
[0.650s] Level 1:colcon.colcon_core.package_discovery:discover_packages(recursive) check parameters
[0.650s] Level 1:colcon.colcon_core.package_discovery:discover_packages(ignore) check parameters
[0.650s] Level 1:colcon.colcon_core.package_discovery:discover_packages(path) check parameters
[0.650s] Level 1:colcon.colcon_core.package_discovery:discover_packages(colcon_meta) discover
[0.651s] Level 1:colcon.colcon_core.package_discovery:discover_packages(recursive) discover
[0.651s] INFO:colcon.colcon_core.package_discovery:Crawling recursively for packages in '/home/rgo/ros2/capra/src'
[0.651s] Level 1:colcon.colcon_core.package_identification:_identify(.) by extensions ['ignore', 'ignore_ament_install']
[0.651s] Level 1:colcon.colcon_core.package_identification:_identify(.) by extension 'ignore'
[0.652s] Level 1:colcon.colcon_core.package_identification:_identify(.) by extension 'ignore_ament_install'
[0.652s] Level 1:colcon.colcon_core.package_identification:_identify(.) by extensions ['colcon_pkg']
[0.652s] Level 1:colcon.colcon_core.package_identification:_identify(.) by extension 'colcon_pkg'
[0.652s] Level 1:colcon.colcon_core.package_identification:_identify(.) by extensions ['colcon_meta']
[0.652s] Level 1:colcon.colcon_core.package_identification:_identify(.) by extension 'colcon_meta'
[0.653s] Level 1:colcon.colcon_core.package_identification:_identify(.) by extensions ['ros']
[0.653s] Level 1:colcon.colcon_core.package_identification:_identify(.) by extension 'ros'
[0.701s] Level 1:colcon.colcon_core.package_identification:_identify(.) by extensions ['cmake', 'python']
[0.702s] Level 1:colcon.colcon_core.package_identification:_identify(.) by extension 'cmake'
[0.702s] Level 1:colcon.colcon_core.package_identification:_identify(.) by extension 'python'
[0.702s] Level 1:colcon.colcon_core.package_identification:_identify(.) by extensions ['python_setup_py']
[0.703s] Level 1:colcon.colcon_core.package_identification:_identify(.) by extension 'python_setup_py'
[0.703s] Level 1:colcon.colcon_core.package_identification:_identify(build) by extensions ['ignore', 'ignore_ament_install']
[0.704s] Level 1:colcon.colcon_core.package_identification:_identify(build) by extension 'ignore'
[0.704s] Level 1:colcon.colcon_core.package_identification:_identify(build) ignored
[0.705s] Level 1:colcon.colcon_core.package_identification:_identify(install) by extensions ['ignore', 'ignore_ament_install']
[0.705s] Level 1:colcon.colcon_core.package_identification:_identify(install) by extension 'ignore'
[0.705s] Level 1:colcon.colcon_core.package_identification:_identify(install) ignored
[0.706s] Level 1:colcon.colcon_core.package_identification:_identify(log) by extensions ['ignore', 'ignore_ament_install']
[0.707s] Level 1:colcon.colcon_core.package_identification:_identify(log) by extension 'ignore'
[0.707s] Level 1:colcon.colcon_core.package_identification:_identify(log) ignored
[0.707s] Level 1:colcon.colcon_core.package_identification:_identify(rgo_ros2_pkg) by extensions ['ignore', 'ignore_ament_install']
[0.708s] Level 1:colcon.colcon_core.package_identification:_identify(rgo_ros2_pkg) by extension 'ignore'
[0.708s] Level 1:colcon.colcon_core.package_identification:_identify(rgo_ros2_pkg) by extension 'ignore_ament_install'
[0.708s] Level 1:colcon.colcon_core.package_identification:_identify(rgo_ros2_pkg) by extensions ['colcon_pkg']
[0.709s] Level 1:colcon.colcon_core.package_identification:_identify(rgo_ros2_pkg) by extension 'colcon_pkg'
[0.709s] Level 1:colcon.colcon_core.package_identification:_identify(rgo_ros2_pkg) by extensions ['colcon_meta']
[0.709s] Level 1:colcon.colcon_core.package_identification:_identify(rgo_ros2_pkg) by extension 'colcon_meta'
[0.710s] Level 1:colcon.colcon_core.package_identification:_identify(rgo_ros2_pkg) by extensions ['ros']
[0.710s] Level 1:colcon.colcon_core.package_identification:_identify(rgo_ros2_pkg) by extension 'ros'
[0.719s] DEBUG:colcon.colcon_core.package_identification:Package 'rgo_ros2_pkg' with type 'ros.ament_cmake' and name 'rgo_ros2_pkg'
[0.720s] Level 1:colcon.colcon_core.package_identification:_identify(robot_sim_ros2_pkg) by extensions ['ignore', 'ignore_ament_install']
[0.720s] Level 1:colcon.colcon_core.package_identification:_identify(robot_sim_ros2_pkg) by extension 'ignore'
[0.721s] Level 1:colcon.colcon_core.package_identification:_identify(robot_sim_ros2_pkg) by extension 'ignore_ament_install'
[0.721s] Level 1:colcon.colcon_core.package_identification:_identify(robot_sim_ros2_pkg) by extensions ['colcon_pkg']
[0.721s] Level 1:colcon.colcon_core.package_identification:_identify(robot_sim_ros2_pkg) by extension 'colcon_pkg'
[0.721s] Level 1:colcon.colcon_core.package_identification:_identify(robot_sim_ros2_pkg) by extensions ['colcon_meta']
[0.721s] Level 1:colcon.colcon_core.package_identification:_identify(robot_sim_ros2_pkg) by extension 'colcon_meta'
[0.721s] Level 1:colcon.colcon_core.package_identification:_identify(robot_sim_ros2_pkg) by extensions ['ros']
[0.722s] Level 1:colcon.colcon_core.package_identification:_identify(robot_sim_ros2_pkg) by extension 'ros'
[0.725s] DEBUG:colcon.colcon_core.package_identification:Package 'robot_sim_ros2_pkg' with type 'ros.ament_cmake' and name 'robot_sim_ros2_pkg'
[0.725s] Level 1:colcon.colcon_core.package_discovery:discover_packages(recursive) using defaults
[0.726s] Level 1:colcon.colcon_core.package_discovery:discover_packages(ignore) discover
[0.726s] Level 1:colcon.colcon_core.package_discovery:discover_packages(ignore) using defaults
[0.726s] Level 1:colcon.colcon_core.package_discovery:discover_packages(path) discover
[0.726s] Level 1:colcon.colcon_core.package_discovery:discover_packages(path) using defaults
[0.803s] INFO:colcon.colcon_core.package_selection:Skipping not selected package 'robot_sim_ros2_pkg' in 'robot_sim_ros2_pkg'
[0.805s] Level 1:colcon.colcon_core.package_discovery:discover_packages(prefix_path) check parameters
[0.805s] Level 1:colcon.colcon_core.package_discovery:discover_packages(prefix_path) discover
[0.816s] DEBUG:colcon.colcon_installed_package_information.package_discovery:Found 2 installed packages in /home/rgo/ros2/capra/src/install
[0.823s] DEBUG:colcon.colcon_installed_package_information.package_discovery:Found 256 installed packages in /opt/ros/foxy
[0.868s] Level 1:colcon.colcon_core.package_discovery:discover_packages(prefix_path) using defaults
[1.140s] Level 5:colcon.colcon_core.verb:set package 'rgo_ros2_pkg' build argument 'cmake_args' from command line to 'None'
[1.140s] Level 5:colcon.colcon_core.verb:set package 'rgo_ros2_pkg' build argument 'cmake_target' from command line to 'None'
[1.140s] Level 5:colcon.colcon_core.verb:set package 'rgo_ros2_pkg' build argument 'cmake_target_skip_unavailable' from command line to 'False'
[1.141s] Level 5:colcon.colcon_core.verb:set package 'rgo_ros2_pkg' build argument 'cmake_clean_cache' from command line to 'False'
[1.141s] Level 5:colcon.colcon_core.verb:set package 'rgo_ros2_pkg' build argument 'cmake_clean_first' from command line to 'False'
[1.141s] Level 5:colcon.colcon_core.verb:set package 'rgo_ros2_pkg' build argument 'cmake_force_configure' from command line to 'False'
[1.141s] Level 5:colcon.colcon_core.verb:set package 'rgo_ros2_pkg' build argument 'ament_cmake_args' from command line to 'None'
[1.141s] Level 5:colcon.colcon_core.verb:set package 'rgo_ros2_pkg' build argument 'catkin_cmake_args' from command line to 'None'
[1.141s] Level 5:colcon.colcon_core.verb:set package 'rgo_ros2_pkg' build argument 'catkin_skip_building_tests' from command line to 'False'
[1.141s] DEBUG:colcon.colcon_core.verb:Building package 'rgo_ros2_pkg' with the following arguments: {'ament_cmake_args': None, 'build_base': '/home/rgo/ros2/capra/src/build/rgo_ros2_pkg', 'catkin_cmake_args': None, 'catkin_skip_building_tests': False, 'cmake_args': None, 'cmake_clean_cache': False, 'cmake_clean_first': False, 'cmake_force_configure': False, 'cmake_target': None, 'cmake_target_skip_unavailable': False, 'install_base': '/home/rgo/ros2/capra/src/install/rgo_ros2_pkg', 'merge_install': False, 'path': '/home/rgo/ros2/capra/src/rgo_ros2_pkg', 'symlink_install': False, 'test_result_base': None}
[1.144s] INFO:colcon.colcon_core.executor:Executing jobs using 'parallel' executor
[1.162s] DEBUG:colcon.colcon_parallel_executor.executor.parallel:run_until_complete
[1.163s] INFO:colcon.colcon_ros.task.ament_cmake.build:Building ROS package in '/home/rgo/ros2/capra/src/rgo_ros2_pkg' with build type 'ament_cmake'
[1.164s] INFO:colcon.colcon_cmake.task.cmake.build:Building CMake package in '/home/rgo/ros2/capra/src/rgo_ros2_pkg'
[1.182s] INFO:colcon.colcon_core.plugin_system:Skipping extension 'colcon_core.shell.bat': Not used on non-Windows systems
[1.183s] INFO:colcon.colcon_core.shell:Skip shell extension 'powershell' for command environment: Not usable outside of PowerShell
[1.183s] DEBUG:colcon.colcon_core.shell:Skip shell extension 'dsv' for command environment
[1.226s] DEBUG:colcon.colcon_core.event_handler.log_command:Invoking command in '/home/rgo/ros2/capra/src/build/rgo_ros2_pkg': CMAKE_PREFIX_PATH=${CMAKE_PREFIX_PATH}:/opt/ros/foxy /usr/bin/cmake --build /home/rgo/ros2/capra/src/build/rgo_ros2_pkg -- -j6 -l6
[22.622s] DEBUG:colcon.colcon_core.event_handler.log_command:Invoked command in '/home/rgo/ros2/capra/src/build/rgo_ros2_pkg' returned '2': CMAKE_PREFIX_PATH=${CMAKE_PREFIX_PATH}:/opt/ros/foxy /usr/bin/cmake --build /home/rgo/ros2/capra/src/build/rgo_ros2_pkg -- -j6 -l6
[22.740s] Level 1:colcon.colcon_core.environment:create_environment_scripts_only(rgo_ros2_pkg)
[22.806s] Level 1:colcon.colcon_core.environment:checking '/home/rgo/ros2/capra/src/install/rgo_ros2_pkg' for CMake module files
[22.811s] Level 1:colcon.colcon_core.environment:checking '/home/rgo/ros2/capra/src/install/rgo_ros2_pkg' for CMake config files
[22.814s] Level 1:colcon.colcon_core.shell:create_environment_hook('rgo_ros2_pkg', 'cmake_prefix_path')
[22.828s] INFO:colcon.colcon_core.shell:Creating environment hook '/home/rgo/ros2/capra/src/install/rgo_ros2_pkg/share/rgo_ros2_pkg/hook/cmake_prefix_path.ps1'
[22.835s] INFO:colcon.colcon_core.shell:Creating environment descriptor '/home/rgo/ros2/capra/src/install/rgo_ros2_pkg/share/rgo_ros2_pkg/hook/cmake_prefix_path.dsv'
[22.840s] INFO:colcon.colcon_core.shell:Creating environment hook '/home/rgo/ros2/capra/src/install/rgo_ros2_pkg/share/rgo_ros2_pkg/hook/cmake_prefix_path.sh'
[22.850s] Level 1:colcon.colcon_core.environment:checking '/home/rgo/ros2/capra/src/install/rgo_ros2_pkg/lib'
[22.852s] Level 1:colcon.colcon_core.environment:checking '/home/rgo/ros2/capra/src/install/rgo_ros2_pkg/bin'
[22.852s] Level 1:colcon.colcon_core.environment:checking '/home/rgo/ros2/capra/src/install/rgo_ros2_pkg/lib/pkgconfig/rgo_ros2_pkg.pc'
[22.854s] Level 1:colcon.colcon_core.environment:checking '/home/rgo/ros2/capra/src/install/rgo_ros2_pkg/lib/python3.8/site-packages'
[22.856s] Level 1:colcon.colcon_core.environment:checking '/home/rgo/ros2/capra/src/install/rgo_ros2_pkg/bin'
[22.884s] INFO:colcon.colcon_core.shell:Creating package script '/home/rgo/ros2/capra/src/install/rgo_ros2_pkg/share/rgo_ros2_pkg/package.ps1'
[22.890s] INFO:colcon.colcon_core.shell:Creating package descriptor '/home/rgo/ros2/capra/src/install/rgo_ros2_pkg/share/rgo_ros2_pkg/package.dsv'
[22.894s] INFO:colcon.colcon_core.shell:Creating package script '/home/rgo/ros2/capra/src/install/rgo_ros2_pkg/share/rgo_ros2_pkg/package.sh'
[22.900s] INFO:colcon.colcon_core.shell:Creating package script '/home/rgo/ros2/capra/src/install/rgo_ros2_pkg/share/rgo_ros2_pkg/package.bash'
[22.905s] INFO:colcon.colcon_core.shell:Creating package script '/home/rgo/ros2/capra/src/install/rgo_ros2_pkg/share/rgo_ros2_pkg/package.zsh'
[22.911s] Level 1:colcon.colcon_core.environment:create_file_with_runtime_dependencies(/home/rgo/ros2/capra/src/install/rgo_ros2_pkg/share/colcon-core/packages/rgo_ros2_pkg)
[22.913s] DEBUG:colcon.colcon_parallel_executor.executor.parallel:closing loop
[22.914s] DEBUG:colcon.colcon_parallel_executor.executor.parallel:loop closed
[22.916s] DEBUG:colcon.colcon_parallel_executor.executor.parallel:run_until_complete finished with '2'
[22.916s] DEBUG:colcon.colcon_core.event_reactor:joining thread
[22.997s] INFO:colcon.colcon_core.plugin_system:Skipping extension 'colcon_notification.desktop_notification.notify_send': Could not find 'notify-send'
[22.999s] INFO:colcon.colcon_core.plugin_system:Skipping extension 'colcon_notification.desktop_notification.terminal_notifier': Not used on non-Darwin systems
[23.000s] INFO:colcon.colcon_core.plugin_system:Skipping extension 'colcon_notification.desktop_notification.win32': Not used on non-Windows systems
[23.001s] INFO:colcon.colcon_notification.desktop_notification:Sending desktop notification using 'notify2'
[23.006s] DEBUG:colcon.colcon_notification.desktop_notification.notify2:Failed to initialize notify2: org.freedesktop.DBus.Error.ServiceUnknown: The name org.freedesktop.Notifications was not provided by any .service files
[23.008s] DEBUG:colcon.colcon_core.event_reactor:joined thread
[23.030s] INFO:colcon.colcon_core.shell:Creating prefix script '/home/rgo/ros2/capra/src/install/local_setup.ps1'
[23.038s] INFO:colcon.colcon_core.shell:Creating prefix util module '/home/rgo/ros2/capra/src/install/_local_setup_util_ps1.py'
[23.049s] INFO:colcon.colcon_core.shell:Creating prefix chain script '/home/rgo/ros2/capra/src/install/setup.ps1'
[23.061s] INFO:colcon.colcon_core.shell:Creating prefix script '/home/rgo/ros2/capra/src/install/local_setup.sh'
[23.066s] INFO:colcon.colcon_core.shell:Creating prefix util module '/home/rgo/ros2/capra/src/install/_local_setup_util_sh.py'
[23.071s] INFO:colcon.colcon_core.shell:Creating prefix chain script '/home/rgo/ros2/capra/src/install/setup.sh'
[23.083s] INFO:colcon.colcon_core.shell:Creating prefix script '/home/rgo/ros2/capra/src/install/local_setup.bash'
[23.087s] INFO:colcon.colcon_core.shell:Creating prefix chain script '/home/rgo/ros2/capra/src/install/setup.bash'
[23.101s] INFO:colcon.colcon_core.shell:Creating prefix script '/home/rgo/ros2/capra/src/install/local_setup.zsh'
[23.107s] INFO:colcon.colcon_core.shell:Creating prefix chain script '/home/rgo/ros2/capra/src/install/setup.zsh'
