[35m[1mScanning dependencies of target rgo_ros2_node[0m
[ 66%] [32mBuilding CXX object CMakeFiles/rgo_ros2_node.dir/src/main.cpp.o[0m
[ 66%] [32mBuilding CXX object CMakeFiles/rgo_ros2_node.dir/src/rgo_ros2_node.cpp.o[0m
In file included from [01m[K/usr/local/include/RgoSDK/Services.h:7[m[K,
                 from [01m[K/usr/local/include/RgoSDK/PerceptionEngine.h:3[m[K,
                 from [01m[K/home/rgo/ros2/capra/src/rgo_ros2_pkg/include/rgo_ros2_node.h:6[m[K,
                 from [01m[K/home/rgo/ros2/capra/src/rgo_ros2_pkg/src/rgo_ros2_node.cpp:1[m[K:
[01m[K/usr/local/include/RgoSDK/PointsService.h:33:8:[m[K [01;31m[Kerror: [m[K‘[01m[Koptional[m[K’ in namespace ‘[01m[Kstd[m[K’ does not name a template type
   33 |   std::[01;31m[Koptional[m[K<PointOfInterest> GetById(PointId point_id) const;
      |        [01;31m[K^~~~~~~~[m[K
[01m[K/usr/local/include/RgoSDK/PointsService.h:33:3:[m[K [01;36m[Knote: [m[K‘[01m[Kstd::optional[m[K’ is only available from C++17 onwards
   33 |   [01;36m[Kstd[m[K::optional<PointOfInterest> GetById(PointId point_id) const;
      |   [01;36m[K^~~[m[K
In file included from [01m[K/usr/local/include/RgoSDK/Services.h:7[m[K,
                 from [01m[K/usr/local/include/RgoSDK/PerceptionEngine.h:3[m[K,
                 from [01m[K/home/rgo/ros2/capra/src/rgo_ros2_pkg/include/rgo_ros2_node.h:6[m[K,
                 from [01m[K/home/rgo/ros2/capra/src/rgo_ros2_pkg/src/main.cpp:2[m[K:
[01m[K/usr/local/include/RgoSDK/PointsService.h:33:8:[m[K [01;31m[Kerror: [m[K‘[01m[Koptional[m[K’ in namespace ‘[01m[Kstd[m[K’ does not name a template type
   33 |   std::[01;31m[Koptional[m[K<PointOfInterest> GetById(PointId point_id) const;
      |        [01;31m[K^~~~~~~~[m[K
[01m[K/usr/local/include/RgoSDK/PointsService.h:33:3:[m[K [01;36m[Knote: [m[K‘[01m[Kstd::optional[m[K’ is only available from C++17 onwards
   33 |   [01;36m[Kstd[m[K::optional<PointOfInterest> GetById(PointId point_id) const;
      |   [01;36m[K^~~[m[K
make[2]: *** [CMakeFiles/rgo_ros2_node.dir/build.make:63: CMakeFiles/rgo_ros2_node.dir/src/main.cpp.o] Error 1
make[2]: *** Waiting for unfinished jobs....
make[2]: *** [CMakeFiles/rgo_ros2_node.dir/build.make:76: CMakeFiles/rgo_ros2_node.dir/src/rgo_ros2_node.cpp.o] Error 1
make[1]: *** [CMakeFiles/Makefile2:78: CMakeFiles/rgo_ros2_node.dir/all] Error 2
make: *** [Makefile:141: all] Error 2
