[0.062s] Invoking command in '/home/rgo/ros2/capra/src/build/rgo_ros2_pkg': CMAKE_PREFIX_PATH=${CMAKE_PREFIX_PATH}:/opt/ros/foxy /usr/bin/cmake --build /home/rgo/ros2/capra/src/build/rgo_ros2_pkg -- -j6 -l6
[0.156s] -- Found ament_cmake: 0.9.9 (/opt/ros/foxy/share/ament_cmake/cmake)
[0.233s] -- Using PYTHON_EXECUTABLE: /usr/bin/python3
[0.831s] -- Found rclcpp: 2.4.1 (/opt/ros/foxy/share/rclcpp/cmake)
[0.920s] -- Using all available rosidl_typesupport_c: rosidl_typesupport_fastrtps_c;rosidl_typesupport_introspection_c
[0.930s] -- Found rosidl_adapter: 1.2.1 (/opt/ros/foxy/share/rosidl_adapter/cmake)
[1.238s] -- Using all available rosidl_typesupport_cpp: rosidl_typesupport_fastrtps_cpp;rosidl_typesupport_introspection_cpp
[1.393s] -- Found rmw_implementation_cmake: 1.0.3 (/opt/ros/foxy/share/rmw_implementation_cmake/cmake)
[1.398s] -- Using RMW implementation 'rmw_fastrtps_cpp' as default
[1.872s] -- Found geometry_msgs: 2.0.5 (/opt/ros/foxy/share/geometry_msgs/cmake)
[1.980s] -- Found nav_msgs: 2.0.5 (/opt/ros/foxy/share/nav_msgs/cmake)
[2.233s] CMake Error at CMakeLists.txt:31 (find_package):
[2.234s]   By not providing "Findsquid_mc.cmake" in CMAKE_MODULE_PATH this project has
[2.234s]   asked CMake to find a package configuration file provided by "squid_mc",
[2.234s]   but CMake did not find one.
[2.235s] 
[2.235s]   Could not find a package configuration file provided by "squid_mc" with any
[2.235s]   of the following names:
[2.236s] 
[2.236s]     squid_mcConfig.cmake
[2.237s]     squid_mc-config.cmake
[2.237s] 
[2.238s]   Add the installation prefix of "squid_mc" to CMAKE_PREFIX_PATH or set
[2.238s]   "squid_mc_DIR" to a directory containing one of the above files.  If
[2.239s]   "squid_mc" provides a separate development package or SDK, be sure it has
[2.239s]   been installed.
[2.239s] 
[2.240s] 
[2.240s] -- Configuring incomplete, errors occurred!
[2.240s] See also "/home/rgo/ros2/capra/src/build/rgo_ros2_pkg/CMakeFiles/CMakeOutput.log".
[2.241s] See also "/home/rgo/ros2/capra/src/build/rgo_ros2_pkg/CMakeFiles/CMakeError.log".
[2.277s] make: *** [Makefile:296: cmake_check_build_system] Error 1
[2.289s] Invoked command in '/home/rgo/ros2/capra/src/build/rgo_ros2_pkg' returned '2': CMAKE_PREFIX_PATH=${CMAKE_PREFIX_PATH}:/opt/ros/foxy /usr/bin/cmake --build /home/rgo/ros2/capra/src/build/rgo_ros2_pkg -- -j6 -l6
