[0.019s] Invoking command in '/home/rgo/ros2/capra/src/build/robot_sim_ros2_pkg': CMAKE_PREFIX_PATH=${CMAKE_PREFIX_PATH}:/opt/ros/foxy CONDA_PROMPT_MODIFIER=(base) /usr/bin/cmake /home/rgo/ros2/capra/src/robot_sim_ros2_pkg -DCMAKE_INSTALL_PREFIX=/home/rgo/ros2/capra/src/install/robot_sim_ros2_pkg
[0.075s] -- The C compiler identification is GNU 9.4.0
[0.127s] -- The CXX compiler identification is GNU 9.4.0
[0.134s] -- Check for working C compiler: /usr/bin/cc
[0.198s] -- Check for working C compiler: /usr/bin/cc -- works
[0.199s] -- Detecting C compiler ABI info
[0.261s] -- Detecting C compiler ABI info - done
[0.273s] -- Detecting C compile features
[0.274s] -- Detecting C compile features - done
[0.276s] -- Check for working CXX compiler: /usr/bin/c++
[0.345s] -- Check for working CXX compiler: /usr/bin/c++ -- works
[0.346s] -- Detecting CXX compiler ABI info
[0.421s] -- Detecting CXX compiler ABI info - done
[0.433s] -- Detecting CXX compile features
[0.434s] -- Detecting CXX compile features - done
[0.435s] -- Found ament_cmake: 0.9.9 (/opt/ros/foxy/share/ament_cmake/cmake)
[0.459s] -- Found PythonInterp: /home/rgo/miniconda3/bin/python3 (found suitable version "3.8.10", minimum required is "3") 
[0.459s] -- Using PYTHON_EXECUTABLE: /home/rgo/miniconda3/bin/python3
[0.622s] -- Found rclcpp: 2.4.1 (/opt/ros/foxy/share/rclcpp/cmake)
[0.658s] -- Using all available rosidl_typesupport_c: rosidl_typesupport_fastrtps_c;rosidl_typesupport_introspection_c
[0.664s] -- Found rosidl_adapter: 1.2.1 (/opt/ros/foxy/share/rosidl_adapter/cmake)
[0.731s] -- Found OpenSSL: /usr/lib/x86_64-linux-gnu/libcrypto.so (found version "1.1.1f")  
[0.758s] -- Found FastRTPS: /opt/ros/foxy/include  
[0.827s] -- Using all available rosidl_typesupport_cpp: rosidl_typesupport_fastrtps_cpp;rosidl_typesupport_introspection_cpp
[0.873s] -- Found rmw_implementation_cmake: 1.0.3 (/opt/ros/foxy/share/rmw_implementation_cmake/cmake)
[0.874s] -- Using RMW implementation 'rmw_fastrtps_cpp' as default
[0.875s] -- Looking for pthread.h
[0.938s] -- Looking for pthread.h - found
[0.939s] -- Performing Test CMAKE_HAVE_LIBC_PTHREAD
[1.008s] -- Performing Test CMAKE_HAVE_LIBC_PTHREAD - Failed
[1.008s] -- Looking for pthread_create in pthreads
[1.059s] -- Looking for pthread_create in pthreads - not found
[1.059s] -- Looking for pthread_create in pthread
[1.128s] -- Looking for pthread_create in pthread - found
[1.129s] -- Found Threads: TRUE  
[1.271s] -- Found geometry_msgs: 2.0.5 (/opt/ros/foxy/share/geometry_msgs/cmake)
[1.304s] -- Found ament_lint_auto: 0.9.6 (/opt/ros/foxy/share/ament_lint_auto/cmake)
[1.373s] -- Added test 'copyright' to check source files copyright and LICENSE
[1.374s] -- Added test 'cppcheck' to perform static code analysis on C / C++ code
[1.375s] -- Configured cppcheck include dirs: 
[1.375s] -- Configured cppcheck exclude dirs and/or files: 
[1.376s] -- Added test 'cpplint' to check C / C++ code against the Google style
[1.376s] -- Configured cpplint exclude dirs and/or files: 
[1.377s] -- Added test 'lint_cmake' to check CMake code style
[1.378s] -- Added test 'uncrustify' to check C / C++ code style
[1.378s] -- Configured uncrustify additional arguments: 
[1.379s] -- Added test 'xmllint' to check XML markup files
[1.383s] -- Configuring done
[1.384s] CMake Error at CMakeLists.txt:29 (add_executable):
[1.385s]   Cannot find source file:
[1.385s] 
[1.385s]     src/rgo_ros2_node.cpp
[1.385s] 
[1.385s]   Tried extensions .c .C .c++ .cc .cpp .cxx .cu .m .M .mm .h .hh .h++ .hm
[1.385s]   .hpp .hxx .in .txx
[1.385s] 
[1.385s] 
[1.386s] CMake Error at CMakeLists.txt:29 (add_executable):
[1.386s]   No SOURCES given to target: robot_sim_ros2_node
[1.386s] 
[1.386s] 
[1.386s] CMake Generate step failed.  Build files cannot be regenerated correctly.
[1.396s] Invoked command in '/home/rgo/ros2/capra/src/build/robot_sim_ros2_pkg' returned '1': CMAKE_PREFIX_PATH=${CMAKE_PREFIX_PATH}:/opt/ros/foxy CONDA_PROMPT_MODIFIER=(base) /usr/bin/cmake /home/rgo/ros2/capra/src/robot_sim_ros2_pkg -DCMAKE_INSTALL_PREFIX=/home/rgo/ros2/capra/src/install/robot_sim_ros2_pkg
