[0.018s] Invoking command in '/home/rgo/ros2/capra/src/build/robot_sim_ros2_pkg': CMAKE_PREFIX_PATH=${CMAKE_PREFIX_PATH}:/opt/ros/foxy CONDA_PROMPT_MODIFIER=(base) /usr/bin/cmake --build /home/rgo/ros2/capra/src/build/robot_sim_ros2_pkg -- -j8 -l8
[0.052s] [35m[1mScanning dependencies of target robot_sim_ros2_node[0m
[0.081s] [ 50%] [32mBuilding CXX object CMakeFiles/robot_sim_ros2_node.dir/src/robot_sim_ros2_node.cpp.o[0m
[4.906s] [100%] [32m[1mLinking CXX executable robot_sim_ros2_node[0m
[5.118s] [100%] Built target robot_sim_ros2_node
[5.128s] Invoked command in '/home/rgo/ros2/capra/src/build/robot_sim_ros2_pkg' returned '0': CMAKE_PREFIX_PATH=${CMAKE_PREFIX_PATH}:/opt/ros/foxy CONDA_PROMPT_MODIFIER=(base) /usr/bin/cmake --build /home/rgo/ros2/capra/src/build/robot_sim_ros2_pkg -- -j8 -l8
[5.147s] Invoking command in '/home/rgo/ros2/capra/src/build/robot_sim_ros2_pkg': CMAKE_PREFIX_PATH=${CMAKE_PREFIX_PATH}:/opt/ros/foxy CONDA_PROMPT_MODIFIER=(base) /usr/bin/cmake --install /home/rgo/ros2/capra/src/build/robot_sim_ros2_pkg
[5.155s] -- Install configuration: ""
[5.155s] -- Installing: /home/rgo/ros2/capra/src/install/robot_sim_ros2_pkg/lib/robot_sim_ros2_pkg/robot_sim_ros2_node
[5.157s] -- Set runtime path of "/home/rgo/ros2/capra/src/install/robot_sim_ros2_pkg/lib/robot_sim_ros2_pkg/robot_sim_ros2_node" to ""
[5.158s] -- Up-to-date: /home/rgo/ros2/capra/src/install/robot_sim_ros2_pkg/share/ament_index/resource_index/package_run_dependencies/robot_sim_ros2_pkg
[5.158s] -- Up-to-date: /home/rgo/ros2/capra/src/install/robot_sim_ros2_pkg/share/ament_index/resource_index/parent_prefix_path/robot_sim_ros2_pkg
[5.158s] -- Up-to-date: /home/rgo/ros2/capra/src/install/robot_sim_ros2_pkg/share/robot_sim_ros2_pkg/environment/ament_prefix_path.sh
[5.158s] -- Up-to-date: /home/rgo/ros2/capra/src/install/robot_sim_ros2_pkg/share/robot_sim_ros2_pkg/environment/ament_prefix_path.dsv
[5.158s] -- Up-to-date: /home/rgo/ros2/capra/src/install/robot_sim_ros2_pkg/share/robot_sim_ros2_pkg/environment/path.sh
[5.158s] -- Up-to-date: /home/rgo/ros2/capra/src/install/robot_sim_ros2_pkg/share/robot_sim_ros2_pkg/environment/path.dsv
[5.158s] -- Up-to-date: /home/rgo/ros2/capra/src/install/robot_sim_ros2_pkg/share/robot_sim_ros2_pkg/local_setup.bash
[5.158s] -- Up-to-date: /home/rgo/ros2/capra/src/install/robot_sim_ros2_pkg/share/robot_sim_ros2_pkg/local_setup.sh
[5.159s] -- Up-to-date: /home/rgo/ros2/capra/src/install/robot_sim_ros2_pkg/share/robot_sim_ros2_pkg/local_setup.zsh
[5.159s] -- Up-to-date: /home/rgo/ros2/capra/src/install/robot_sim_ros2_pkg/share/robot_sim_ros2_pkg/local_setup.dsv
[5.159s] -- Installing: /home/rgo/ros2/capra/src/install/robot_sim_ros2_pkg/share/robot_sim_ros2_pkg/package.dsv
[5.159s] -- Up-to-date: /home/rgo/ros2/capra/src/install/robot_sim_ros2_pkg/share/ament_index/resource_index/packages/robot_sim_ros2_pkg
[5.159s] -- Up-to-date: /home/rgo/ros2/capra/src/install/robot_sim_ros2_pkg/share/robot_sim_ros2_pkg/cmake/robot_sim_ros2_pkgConfig.cmake
[5.160s] -- Up-to-date: /home/rgo/ros2/capra/src/install/robot_sim_ros2_pkg/share/robot_sim_ros2_pkg/cmake/robot_sim_ros2_pkgConfig-version.cmake
[5.160s] -- Up-to-date: /home/rgo/ros2/capra/src/install/robot_sim_ros2_pkg/share/robot_sim_ros2_pkg/package.xml
[5.161s] Invoked command in '/home/rgo/ros2/capra/src/build/robot_sim_ros2_pkg' returned '0': CMAKE_PREFIX_PATH=${CMAKE_PREFIX_PATH}:/opt/ros/foxy CONDA_PROMPT_MODIFIER=(base) /usr/bin/cmake --install /home/rgo/ros2/capra/src/build/robot_sim_ros2_pkg
