-- Found ament_cmake: 0.9.9 (/opt/ros/foxy/share/ament_cmake/cmake)
-- Using PYTHON_EXECUTABLE: /home/rgo/miniconda3/bin/python3
-- Found rclcpp: 2.4.1 (/opt/ros/foxy/share/rclcpp/cmake)
-- Using all available rosidl_typesupport_c: rosidl_typesupport_fastrtps_c;rosidl_typesupport_introspection_c
-- Found rosidl_adapter: 1.2.1 (/opt/ros/foxy/share/rosidl_adapter/cmake)
-- Using all available rosidl_typesupport_cpp: rosidl_typesupport_fastrtps_cpp;rosidl_typesupport_introspection_cpp
-- Found rmw_implementation_cmake: 1.0.3 (/opt/ros/foxy/share/rmw_implementation_cmake/cmake)
-- Using RMW implementation 'rmw_fastrtps_cpp' as default
-- Found geometry_msgs: 2.0.5 (/opt/ros/foxy/share/geometry_msgs/cmake)
-- Found ament_lint_auto: 0.9.6 (/opt/ros/foxy/share/ament_lint_auto/cmake)
-- Added test 'copyright' to check source files copyright and LICENSE
-- Added test 'cppcheck' to perform static code analysis on C / C++ code
-- Configured cppcheck include dirs: 
-- Configured cppcheck exclude dirs and/or files: 
-- Added test 'cpplint' to check C / C++ code against the Google style
-- Configured cpplint exclude dirs and/or files: 
-- Added test 'lint_cmake' to check CMake code style
-- Added test 'uncrustify' to check C / C++ code style
-- Configured uncrustify additional arguments: 
-- Added test 'xmllint' to check XML markup files
-- Configuring done
-- Generating done
-- Build files have been written to: /home/rgo/ros2/capra/src/build/robot_sim_ros2_pkg
[35m[1mScanning dependencies of target robot_sim_ros2_node[0m
[ 50%] [32mBuilding CXX object CMakeFiles/robot_sim_ros2_node.dir/src/robot_sim_ros2_node.cpp.o[0m
[100%] [32m[1mLinking CXX executable robot_sim_ros2_node[0m
[100%] Built target robot_sim_ros2_node
-- Install configuration: ""
-- Installing: /home/rgo/ros2/capra/src/install/robot_sim_ros2_pkg/lib/robot_sim_ros2_pkg/robot_sim_ros2_node
-- Set runtime path of "/home/rgo/ros2/capra/src/install/robot_sim_ros2_pkg/lib/robot_sim_ros2_pkg/robot_sim_ros2_node" to ""
-- Installing: /home/rgo/ros2/capra/src/install/robot_sim_ros2_pkg/share/ament_index/resource_index/package_run_dependencies/robot_sim_ros2_pkg
-- Installing: /home/rgo/ros2/capra/src/install/robot_sim_ros2_pkg/share/ament_index/resource_index/parent_prefix_path/robot_sim_ros2_pkg
-- Installing: /home/rgo/ros2/capra/src/install/robot_sim_ros2_pkg/share/robot_sim_ros2_pkg/environment/ament_prefix_path.sh
-- Installing: /home/rgo/ros2/capra/src/install/robot_sim_ros2_pkg/share/robot_sim_ros2_pkg/environment/ament_prefix_path.dsv
-- Installing: /home/rgo/ros2/capra/src/install/robot_sim_ros2_pkg/share/robot_sim_ros2_pkg/environment/path.sh
-- Installing: /home/rgo/ros2/capra/src/install/robot_sim_ros2_pkg/share/robot_sim_ros2_pkg/environment/path.dsv
-- Installing: /home/rgo/ros2/capra/src/install/robot_sim_ros2_pkg/share/robot_sim_ros2_pkg/local_setup.bash
-- Installing: /home/rgo/ros2/capra/src/install/robot_sim_ros2_pkg/share/robot_sim_ros2_pkg/local_setup.sh
-- Installing: /home/rgo/ros2/capra/src/install/robot_sim_ros2_pkg/share/robot_sim_ros2_pkg/local_setup.zsh
-- Installing: /home/rgo/ros2/capra/src/install/robot_sim_ros2_pkg/share/robot_sim_ros2_pkg/local_setup.dsv
-- Installing: /home/rgo/ros2/capra/src/install/robot_sim_ros2_pkg/share/robot_sim_ros2_pkg/package.dsv
-- Installing: /home/rgo/ros2/capra/src/install/robot_sim_ros2_pkg/share/ament_index/resource_index/packages/robot_sim_ros2_pkg
-- Installing: /home/rgo/ros2/capra/src/install/robot_sim_ros2_pkg/share/robot_sim_ros2_pkg/cmake/robot_sim_ros2_pkgConfig.cmake
-- Installing: /home/rgo/ros2/capra/src/install/robot_sim_ros2_pkg/share/robot_sim_ros2_pkg/cmake/robot_sim_ros2_pkgConfig-version.cmake
-- Installing: /home/rgo/ros2/capra/src/install/robot_sim_ros2_pkg/share/robot_sim_ros2_pkg/package.xml
