[0.107s] DEBUG:colcon:Command line arguments: ['/usr/bin/colcon', 'build']
[0.107s] DEBUG:colcon:Parsed command line arguments: Namespace(allow_overriding=[], ament_cmake_args=None, base_paths=['.'], build_base='build', catkin_cmake_args=None, catkin_skip_building_tests=False, cmake_args=None, cmake_clean_cache=False, cmake_clean_first=False, cmake_force_configure=False, cmake_target=None, cmake_target_skip_unavailable=False, continue_on_error=False, event_handlers=None, executor='parallel', ignore_user_meta=False, install_base='install', log_base=None, log_level=None, main=<bound method BuildVerb.main of <colcon_core.verb.build.BuildVerb object at 0x7fa6b697d580>>, merge_install=False, metas=['./colcon.meta'], packages_above=None, packages_above_and_dependencies=None, packages_above_depth=None, packages_end=None, packages_ignore=None, packages_ignore_regex=None, packages_select=None, packages_select_build_failed=False, packages_select_by_dep=None, packages_select_regex=None, packages_select_test_failures=False, packages_skip=None, packages_skip_build_finished=False, packages_skip_by_dep=None, packages_skip_regex=None, packages_skip_test_passed=False, packages_skip_up_to=None, packages_start=None, packages_up_to=None, packages_up_to_regex=None, parallel_workers=8, paths=None, symlink_install=False, test_result_base=None, verb_extension=<colcon_core.verb.build.BuildVerb object at 0x7fa6b697d580>, verb_name='build', verb_parser=<colcon_defaults.argument_parser.defaults.DefaultArgumentsDecorator object at 0x7fa6b697dac0>)
[0.128s] Level 1:colcon.colcon_core.package_discovery:discover_packages(colcon_meta) check parameters
[0.128s] Level 1:colcon.colcon_core.package_discovery:discover_packages(recursive) check parameters
[0.128s] Level 1:colcon.colcon_core.package_discovery:discover_packages(ignore) check parameters
[0.128s] Level 1:colcon.colcon_core.package_discovery:discover_packages(path) check parameters
[0.128s] Level 1:colcon.colcon_core.package_discovery:discover_packages(colcon_meta) discover
[0.128s] Level 1:colcon.colcon_core.package_discovery:discover_packages(recursive) discover
[0.128s] INFO:colcon.colcon_core.package_discovery:Crawling recursively for packages in '/home/rgo/ros2/capra/src'
[0.128s] Level 1:colcon.colcon_core.package_identification:_identify(.) by extensions ['ignore', 'ignore_ament_install']
[0.128s] Level 1:colcon.colcon_core.package_identification:_identify(.) by extension 'ignore'
[0.128s] Level 1:colcon.colcon_core.package_identification:_identify(.) by extension 'ignore_ament_install'
[0.128s] Level 1:colcon.colcon_core.package_identification:_identify(.) by extensions ['colcon_pkg']
[0.129s] Level 1:colcon.colcon_core.package_identification:_identify(.) by extension 'colcon_pkg'
[0.129s] Level 1:colcon.colcon_core.package_identification:_identify(.) by extensions ['colcon_meta']
[0.129s] Level 1:colcon.colcon_core.package_identification:_identify(.) by extension 'colcon_meta'
[0.129s] Level 1:colcon.colcon_core.package_identification:_identify(.) by extensions ['ros']
[0.129s] Level 1:colcon.colcon_core.package_identification:_identify(.) by extension 'ros'
[0.138s] Level 1:colcon.colcon_core.package_identification:_identify(.) by extensions ['cmake', 'python']
[0.138s] Level 1:colcon.colcon_core.package_identification:_identify(.) by extension 'cmake'
[0.138s] Level 1:colcon.colcon_core.package_identification:_identify(.) by extension 'python'
[0.138s] Level 1:colcon.colcon_core.package_identification:_identify(.) by extensions ['python_setup_py']
[0.138s] Level 1:colcon.colcon_core.package_identification:_identify(.) by extension 'python_setup_py'
[0.139s] Level 1:colcon.colcon_core.package_identification:_identify(build) by extensions ['ignore', 'ignore_ament_install']
[0.139s] Level 1:colcon.colcon_core.package_identification:_identify(build) by extension 'ignore'
[0.139s] Level 1:colcon.colcon_core.package_identification:_identify(build) ignored
[0.139s] Level 1:colcon.colcon_core.package_identification:_identify(install) by extensions ['ignore', 'ignore_ament_install']
[0.139s] Level 1:colcon.colcon_core.package_identification:_identify(install) by extension 'ignore'
[0.139s] Level 1:colcon.colcon_core.package_identification:_identify(install) ignored
[0.139s] Level 1:colcon.colcon_core.package_identification:_identify(log) by extensions ['ignore', 'ignore_ament_install']
[0.140s] Level 1:colcon.colcon_core.package_identification:_identify(log) by extension 'ignore'
[0.140s] Level 1:colcon.colcon_core.package_identification:_identify(log) ignored
[0.140s] Level 1:colcon.colcon_core.package_identification:_identify(rgo_ros2_pkg) by extensions ['ignore', 'ignore_ament_install']
[0.140s] Level 1:colcon.colcon_core.package_identification:_identify(rgo_ros2_pkg) by extension 'ignore'
[0.140s] Level 1:colcon.colcon_core.package_identification:_identify(rgo_ros2_pkg) by extension 'ignore_ament_install'
[0.140s] Level 1:colcon.colcon_core.package_identification:_identify(rgo_ros2_pkg) by extensions ['colcon_pkg']
[0.140s] Level 1:colcon.colcon_core.package_identification:_identify(rgo_ros2_pkg) by extension 'colcon_pkg'
[0.140s] Level 1:colcon.colcon_core.package_identification:_identify(rgo_ros2_pkg) by extensions ['colcon_meta']
[0.140s] Level 1:colcon.colcon_core.package_identification:_identify(rgo_ros2_pkg) by extension 'colcon_meta'
[0.140s] Level 1:colcon.colcon_core.package_identification:_identify(rgo_ros2_pkg) by extensions ['ros']
[0.140s] Level 1:colcon.colcon_core.package_identification:_identify(rgo_ros2_pkg) by extension 'ros'
[0.142s] DEBUG:colcon.colcon_core.package_identification:Package 'rgo_ros2_pkg' with type 'ros.ament_cmake' and name 'rgo_ros2_pkg'
[0.143s] Level 1:colcon.colcon_core.package_identification:_identify(robot_sim_ros2_pkg) by extensions ['ignore', 'ignore_ament_install']
[0.143s] Level 1:colcon.colcon_core.package_identification:_identify(robot_sim_ros2_pkg) by extension 'ignore'
[0.143s] Level 1:colcon.colcon_core.package_identification:_identify(robot_sim_ros2_pkg) by extension 'ignore_ament_install'
[0.143s] Level 1:colcon.colcon_core.package_identification:_identify(robot_sim_ros2_pkg) by extensions ['colcon_pkg']
[0.143s] Level 1:colcon.colcon_core.package_identification:_identify(robot_sim_ros2_pkg) by extension 'colcon_pkg'
[0.143s] Level 1:colcon.colcon_core.package_identification:_identify(robot_sim_ros2_pkg) by extensions ['colcon_meta']
[0.143s] Level 1:colcon.colcon_core.package_identification:_identify(robot_sim_ros2_pkg) by extension 'colcon_meta'
[0.143s] Level 1:colcon.colcon_core.package_identification:_identify(robot_sim_ros2_pkg) by extensions ['ros']
[0.143s] Level 1:colcon.colcon_core.package_identification:_identify(robot_sim_ros2_pkg) by extension 'ros'
[0.144s] DEBUG:colcon.colcon_core.package_identification:Package 'robot_sim_ros2_pkg' with type 'ros.ament_cmake' and name 'robot_sim_ros2_pkg'
[0.144s] Level 1:colcon.colcon_core.package_discovery:discover_packages(recursive) using defaults
[0.144s] Level 1:colcon.colcon_core.package_discovery:discover_packages(ignore) discover
[0.144s] Level 1:colcon.colcon_core.package_discovery:discover_packages(ignore) using defaults
[0.144s] Level 1:colcon.colcon_core.package_discovery:discover_packages(path) discover
[0.144s] Level 1:colcon.colcon_core.package_discovery:discover_packages(path) using defaults
[0.158s] Level 1:colcon.colcon_core.package_discovery:discover_packages(prefix_path) check parameters
[0.158s] Level 1:colcon.colcon_core.package_discovery:discover_packages(prefix_path) discover
[0.160s] DEBUG:colcon.colcon_installed_package_information.package_discovery:Found 265 installed packages in /opt/ros/foxy
[0.170s] Level 1:colcon.colcon_core.package_discovery:discover_packages(prefix_path) using defaults
[0.235s] Level 5:colcon.colcon_core.verb:set package 'rgo_ros2_pkg' build argument 'cmake_args' from command line to 'None'
[0.235s] Level 5:colcon.colcon_core.verb:set package 'rgo_ros2_pkg' build argument 'cmake_target' from command line to 'None'
[0.235s] Level 5:colcon.colcon_core.verb:set package 'rgo_ros2_pkg' build argument 'cmake_target_skip_unavailable' from command line to 'False'
[0.235s] Level 5:colcon.colcon_core.verb:set package 'rgo_ros2_pkg' build argument 'cmake_clean_cache' from command line to 'False'
[0.235s] Level 5:colcon.colcon_core.verb:set package 'rgo_ros2_pkg' build argument 'cmake_clean_first' from command line to 'False'
[0.235s] Level 5:colcon.colcon_core.verb:set package 'rgo_ros2_pkg' build argument 'cmake_force_configure' from command line to 'False'
[0.235s] Level 5:colcon.colcon_core.verb:set package 'rgo_ros2_pkg' build argument 'ament_cmake_args' from command line to 'None'
[0.235s] Level 5:colcon.colcon_core.verb:set package 'rgo_ros2_pkg' build argument 'catkin_cmake_args' from command line to 'None'
[0.235s] Level 5:colcon.colcon_core.verb:set package 'rgo_ros2_pkg' build argument 'catkin_skip_building_tests' from command line to 'False'
[0.235s] DEBUG:colcon.colcon_core.verb:Building package 'rgo_ros2_pkg' with the following arguments: {'ament_cmake_args': None, 'build_base': '/home/rgo/ros2/capra/src/build/rgo_ros2_pkg', 'catkin_cmake_args': None, 'catkin_skip_building_tests': False, 'cmake_args': None, 'cmake_clean_cache': False, 'cmake_clean_first': False, 'cmake_force_configure': False, 'cmake_target': None, 'cmake_target_skip_unavailable': False, 'install_base': '/home/rgo/ros2/capra/src/install/rgo_ros2_pkg', 'merge_install': False, 'path': '/home/rgo/ros2/capra/src/rgo_ros2_pkg', 'symlink_install': False, 'test_result_base': None}
[0.236s] Level 5:colcon.colcon_core.verb:set package 'robot_sim_ros2_pkg' build argument 'cmake_args' from command line to 'None'
[0.236s] Level 5:colcon.colcon_core.verb:set package 'robot_sim_ros2_pkg' build argument 'cmake_target' from command line to 'None'
[0.236s] Level 5:colcon.colcon_core.verb:set package 'robot_sim_ros2_pkg' build argument 'cmake_target_skip_unavailable' from command line to 'False'
[0.236s] Level 5:colcon.colcon_core.verb:set package 'robot_sim_ros2_pkg' build argument 'cmake_clean_cache' from command line to 'False'
[0.236s] Level 5:colcon.colcon_core.verb:set package 'robot_sim_ros2_pkg' build argument 'cmake_clean_first' from command line to 'False'
[0.236s] Level 5:colcon.colcon_core.verb:set package 'robot_sim_ros2_pkg' build argument 'cmake_force_configure' from command line to 'False'
[0.236s] Level 5:colcon.colcon_core.verb:set package 'robot_sim_ros2_pkg' build argument 'ament_cmake_args' from command line to 'None'
[0.236s] Level 5:colcon.colcon_core.verb:set package 'robot_sim_ros2_pkg' build argument 'catkin_cmake_args' from command line to 'None'
[0.236s] Level 5:colcon.colcon_core.verb:set package 'robot_sim_ros2_pkg' build argument 'catkin_skip_building_tests' from command line to 'False'
[0.236s] DEBUG:colcon.colcon_core.verb:Building package 'robot_sim_ros2_pkg' with the following arguments: {'ament_cmake_args': None, 'build_base': '/home/rgo/ros2/capra/src/build/robot_sim_ros2_pkg', 'catkin_cmake_args': None, 'catkin_skip_building_tests': False, 'cmake_args': None, 'cmake_clean_cache': False, 'cmake_clean_first': False, 'cmake_force_configure': False, 'cmake_target': None, 'cmake_target_skip_unavailable': False, 'install_base': '/home/rgo/ros2/capra/src/install/robot_sim_ros2_pkg', 'merge_install': False, 'path': '/home/rgo/ros2/capra/src/robot_sim_ros2_pkg', 'symlink_install': False, 'test_result_base': None}
[0.237s] INFO:colcon.colcon_core.executor:Executing jobs using 'parallel' executor
[0.238s] DEBUG:colcon.colcon_parallel_executor.executor.parallel:run_until_complete
[0.238s] INFO:colcon.colcon_ros.task.ament_cmake.build:Building ROS package in '/home/rgo/ros2/capra/src/rgo_ros2_pkg' with build type 'ament_cmake'
[0.239s] INFO:colcon.colcon_cmake.task.cmake.build:Building CMake package in '/home/rgo/ros2/capra/src/rgo_ros2_pkg'
[0.242s] INFO:colcon.colcon_core.plugin_system:Skipping extension 'colcon_core.shell.bat': Not used on non-Windows systems
[0.242s] INFO:colcon.colcon_core.shell:Skip shell extension 'powershell' for command environment: Not usable outside of PowerShell
[0.243s] DEBUG:colcon.colcon_core.shell:Skip shell extension 'dsv' for command environment
[0.247s] INFO:colcon.colcon_ros.task.ament_cmake.build:Building ROS package in '/home/rgo/ros2/capra/src/robot_sim_ros2_pkg' with build type 'ament_cmake'
[0.247s] INFO:colcon.colcon_cmake.task.cmake.build:Building CMake package in '/home/rgo/ros2/capra/src/robot_sim_ros2_pkg'
[0.248s] INFO:colcon.colcon_core.shell:Skip shell extension 'powershell' for command environment: Not usable outside of PowerShell
[0.248s] DEBUG:colcon.colcon_core.shell:Skip shell extension 'dsv' for command environment
[0.259s] DEBUG:colcon.colcon_core.event_handler.log_command:Invoking command in '/home/rgo/ros2/capra/src/build/rgo_ros2_pkg': CMAKE_PREFIX_PATH=/opt/ros/foxy CONDA_PROMPT_MODIFIER=(base) /usr/bin/cmake --build /home/rgo/ros2/capra/src/build/rgo_ros2_pkg -- -j8 -l8
[0.269s] DEBUG:colcon.colcon_core.event_handler.log_command:Invoking command in '/home/rgo/ros2/capra/src/build/robot_sim_ros2_pkg': CMAKE_PREFIX_PATH=/opt/ros/foxy CONDA_PROMPT_MODIFIER=(base) /usr/bin/cmake --build /home/rgo/ros2/capra/src/build/robot_sim_ros2_pkg -- -j8 -l8
[0.319s] DEBUG:colcon.colcon_core.event_handler.log_command:Invoked command in '/home/rgo/ros2/capra/src/build/rgo_ros2_pkg' returned '0': CMAKE_PREFIX_PATH=/opt/ros/foxy CONDA_PROMPT_MODIFIER=(base) /usr/bin/cmake --build /home/rgo/ros2/capra/src/build/rgo_ros2_pkg -- -j8 -l8
[0.351s] DEBUG:colcon.colcon_core.event_handler.log_command:Invoking command in '/home/rgo/ros2/capra/src/build/rgo_ros2_pkg': CMAKE_PREFIX_PATH=/opt/ros/foxy CONDA_PROMPT_MODIFIER=(base) /usr/bin/cmake --install /home/rgo/ros2/capra/src/build/rgo_ros2_pkg
[0.362s] Level 1:colcon.colcon_core.environment:create_environment_scripts_only(rgo_ros2_pkg)
[0.363s] DEBUG:colcon.colcon_core.event_handler.log_command:Invoked command in '/home/rgo/ros2/capra/src/build/rgo_ros2_pkg' returned '0': CMAKE_PREFIX_PATH=/opt/ros/foxy CONDA_PROMPT_MODIFIER=(base) /usr/bin/cmake --install /home/rgo/ros2/capra/src/build/rgo_ros2_pkg
[0.368s] Level 1:colcon.colcon_core.environment:checking '/home/rgo/ros2/capra/src/install/rgo_ros2_pkg' for CMake module files
[0.369s] Level 1:colcon.colcon_core.environment:checking '/home/rgo/ros2/capra/src/install/rgo_ros2_pkg' for CMake config files
[0.369s] Level 1:colcon.colcon_core.shell:create_environment_hook('rgo_ros2_pkg', 'cmake_prefix_path')
[0.370s] INFO:colcon.colcon_core.shell:Creating environment hook '/home/rgo/ros2/capra/src/install/rgo_ros2_pkg/share/rgo_ros2_pkg/hook/cmake_prefix_path.ps1'
[0.370s] INFO:colcon.colcon_core.shell:Creating environment descriptor '/home/rgo/ros2/capra/src/install/rgo_ros2_pkg/share/rgo_ros2_pkg/hook/cmake_prefix_path.dsv'
[0.371s] INFO:colcon.colcon_core.shell:Creating environment hook '/home/rgo/ros2/capra/src/install/rgo_ros2_pkg/share/rgo_ros2_pkg/hook/cmake_prefix_path.sh'
[0.372s] Level 1:colcon.colcon_core.environment:checking '/home/rgo/ros2/capra/src/install/rgo_ros2_pkg/lib'
[0.372s] Level 1:colcon.colcon_core.environment:checking '/home/rgo/ros2/capra/src/install/rgo_ros2_pkg/bin'
[0.372s] Level 1:colcon.colcon_core.environment:checking '/home/rgo/ros2/capra/src/install/rgo_ros2_pkg/lib/pkgconfig/rgo_ros2_pkg.pc'
[0.373s] Level 1:colcon.colcon_core.environment:checking '/home/rgo/ros2/capra/src/install/rgo_ros2_pkg/lib/python3.8/site-packages'
[0.373s] Level 1:colcon.colcon_core.environment:checking '/home/rgo/ros2/capra/src/install/rgo_ros2_pkg/bin'
[0.374s] INFO:colcon.colcon_core.shell:Creating package script '/home/rgo/ros2/capra/src/install/rgo_ros2_pkg/share/rgo_ros2_pkg/package.ps1'
[0.375s] INFO:colcon.colcon_core.shell:Creating package descriptor '/home/rgo/ros2/capra/src/install/rgo_ros2_pkg/share/rgo_ros2_pkg/package.dsv'
[0.376s] INFO:colcon.colcon_core.shell:Creating package script '/home/rgo/ros2/capra/src/install/rgo_ros2_pkg/share/rgo_ros2_pkg/package.sh'
[0.377s] INFO:colcon.colcon_core.shell:Creating package script '/home/rgo/ros2/capra/src/install/rgo_ros2_pkg/share/rgo_ros2_pkg/package.bash'
[0.378s] INFO:colcon.colcon_core.shell:Creating package script '/home/rgo/ros2/capra/src/install/rgo_ros2_pkg/share/rgo_ros2_pkg/package.zsh'
[0.378s] Level 1:colcon.colcon_core.environment:create_file_with_runtime_dependencies(/home/rgo/ros2/capra/src/install/rgo_ros2_pkg/share/colcon-core/packages/rgo_ros2_pkg)
[0.399s] Level 1:colcon.colcon_core.environment:create_environment_scripts_only(rgo_ros2_pkg)
[0.400s] Level 1:colcon.colcon_core.environment:checking '/home/rgo/ros2/capra/src/install/rgo_ros2_pkg' for CMake module files
[0.400s] Level 1:colcon.colcon_core.environment:checking '/home/rgo/ros2/capra/src/install/rgo_ros2_pkg' for CMake config files
[0.400s] Level 1:colcon.colcon_core.shell:create_environment_hook('rgo_ros2_pkg', 'cmake_prefix_path')
[0.401s] INFO:colcon.colcon_core.shell:Creating environment hook '/home/rgo/ros2/capra/src/install/rgo_ros2_pkg/share/rgo_ros2_pkg/hook/cmake_prefix_path.ps1'
[0.401s] INFO:colcon.colcon_core.shell:Creating environment descriptor '/home/rgo/ros2/capra/src/install/rgo_ros2_pkg/share/rgo_ros2_pkg/hook/cmake_prefix_path.dsv'
[0.402s] INFO:colcon.colcon_core.shell:Creating environment hook '/home/rgo/ros2/capra/src/install/rgo_ros2_pkg/share/rgo_ros2_pkg/hook/cmake_prefix_path.sh'
[0.402s] Level 1:colcon.colcon_core.environment:checking '/home/rgo/ros2/capra/src/install/rgo_ros2_pkg/lib'
[0.402s] Level 1:colcon.colcon_core.environment:checking '/home/rgo/ros2/capra/src/install/rgo_ros2_pkg/bin'
[0.403s] Level 1:colcon.colcon_core.environment:checking '/home/rgo/ros2/capra/src/install/rgo_ros2_pkg/lib/pkgconfig/rgo_ros2_pkg.pc'
[0.403s] Level 1:colcon.colcon_core.environment:checking '/home/rgo/ros2/capra/src/install/rgo_ros2_pkg/lib/python3.8/site-packages'
[0.403s] Level 1:colcon.colcon_core.environment:checking '/home/rgo/ros2/capra/src/install/rgo_ros2_pkg/bin'
[0.404s] INFO:colcon.colcon_core.shell:Creating package script '/home/rgo/ros2/capra/src/install/rgo_ros2_pkg/share/rgo_ros2_pkg/package.ps1'
[0.404s] INFO:colcon.colcon_core.shell:Creating package descriptor '/home/rgo/ros2/capra/src/install/rgo_ros2_pkg/share/rgo_ros2_pkg/package.dsv'
[0.405s] INFO:colcon.colcon_core.shell:Creating package script '/home/rgo/ros2/capra/src/install/rgo_ros2_pkg/share/rgo_ros2_pkg/package.sh'
[0.405s] INFO:colcon.colcon_core.shell:Creating package script '/home/rgo/ros2/capra/src/install/rgo_ros2_pkg/share/rgo_ros2_pkg/package.bash'
[0.405s] INFO:colcon.colcon_core.shell:Creating package script '/home/rgo/ros2/capra/src/install/rgo_ros2_pkg/share/rgo_ros2_pkg/package.zsh'
[0.406s] Level 1:colcon.colcon_core.environment:create_file_with_runtime_dependencies(/home/rgo/ros2/capra/src/install/rgo_ros2_pkg/share/colcon-core/packages/rgo_ros2_pkg)
[6.691s] DEBUG:colcon.colcon_core.event_handler.log_command:Invoked command in '/home/rgo/ros2/capra/src/build/robot_sim_ros2_pkg' returned '0': CMAKE_PREFIX_PATH=/opt/ros/foxy CONDA_PROMPT_MODIFIER=(base) /usr/bin/cmake --build /home/rgo/ros2/capra/src/build/robot_sim_ros2_pkg -- -j8 -l8
[6.710s] DEBUG:colcon.colcon_core.event_handler.log_command:Invoking command in '/home/rgo/ros2/capra/src/build/robot_sim_ros2_pkg': CMAKE_PREFIX_PATH=/opt/ros/foxy CONDA_PROMPT_MODIFIER=(base) /usr/bin/cmake --install /home/rgo/ros2/capra/src/build/robot_sim_ros2_pkg
[6.722s] Level 1:colcon.colcon_core.environment:create_environment_scripts_only(robot_sim_ros2_pkg)
[6.724s] Level 1:colcon.colcon_core.environment:checking '/home/rgo/ros2/capra/src/install/robot_sim_ros2_pkg' for CMake module files
[6.724s] DEBUG:colcon.colcon_core.event_handler.log_command:Invoked command in '/home/rgo/ros2/capra/src/build/robot_sim_ros2_pkg' returned '0': CMAKE_PREFIX_PATH=/opt/ros/foxy CONDA_PROMPT_MODIFIER=(base) /usr/bin/cmake --install /home/rgo/ros2/capra/src/build/robot_sim_ros2_pkg
[6.725s] Level 1:colcon.colcon_core.environment:checking '/home/rgo/ros2/capra/src/install/robot_sim_ros2_pkg' for CMake config files
[6.725s] Level 1:colcon.colcon_core.shell:create_environment_hook('robot_sim_ros2_pkg', 'cmake_prefix_path')
[6.726s] INFO:colcon.colcon_core.shell:Creating environment hook '/home/rgo/ros2/capra/src/install/robot_sim_ros2_pkg/share/robot_sim_ros2_pkg/hook/cmake_prefix_path.ps1'
[6.726s] INFO:colcon.colcon_core.shell:Creating environment descriptor '/home/rgo/ros2/capra/src/install/robot_sim_ros2_pkg/share/robot_sim_ros2_pkg/hook/cmake_prefix_path.dsv'
[6.727s] INFO:colcon.colcon_core.shell:Creating environment hook '/home/rgo/ros2/capra/src/install/robot_sim_ros2_pkg/share/robot_sim_ros2_pkg/hook/cmake_prefix_path.sh'
[6.728s] Level 1:colcon.colcon_core.environment:checking '/home/rgo/ros2/capra/src/install/robot_sim_ros2_pkg/lib'
[6.728s] Level 1:colcon.colcon_core.environment:checking '/home/rgo/ros2/capra/src/install/robot_sim_ros2_pkg/bin'
[6.728s] Level 1:colcon.colcon_core.environment:checking '/home/rgo/ros2/capra/src/install/robot_sim_ros2_pkg/lib/pkgconfig/robot_sim_ros2_pkg.pc'
[6.728s] Level 1:colcon.colcon_core.environment:checking '/home/rgo/ros2/capra/src/install/robot_sim_ros2_pkg/lib/python3.8/site-packages'
[6.728s] Level 1:colcon.colcon_core.environment:checking '/home/rgo/ros2/capra/src/install/robot_sim_ros2_pkg/bin'
[6.729s] INFO:colcon.colcon_core.shell:Creating package script '/home/rgo/ros2/capra/src/install/robot_sim_ros2_pkg/share/robot_sim_ros2_pkg/package.ps1'
[6.730s] INFO:colcon.colcon_core.shell:Creating package descriptor '/home/rgo/ros2/capra/src/install/robot_sim_ros2_pkg/share/robot_sim_ros2_pkg/package.dsv'
[6.730s] INFO:colcon.colcon_core.shell:Creating package script '/home/rgo/ros2/capra/src/install/robot_sim_ros2_pkg/share/robot_sim_ros2_pkg/package.sh'
[6.730s] INFO:colcon.colcon_core.shell:Creating package script '/home/rgo/ros2/capra/src/install/robot_sim_ros2_pkg/share/robot_sim_ros2_pkg/package.bash'
[6.731s] INFO:colcon.colcon_core.shell:Creating package script '/home/rgo/ros2/capra/src/install/robot_sim_ros2_pkg/share/robot_sim_ros2_pkg/package.zsh'
[6.731s] Level 1:colcon.colcon_core.environment:create_file_with_runtime_dependencies(/home/rgo/ros2/capra/src/install/robot_sim_ros2_pkg/share/colcon-core/packages/robot_sim_ros2_pkg)
[6.749s] Level 1:colcon.colcon_core.environment:create_environment_scripts_only(robot_sim_ros2_pkg)
[6.750s] Level 1:colcon.colcon_core.environment:checking '/home/rgo/ros2/capra/src/install/robot_sim_ros2_pkg' for CMake module files
[6.751s] Level 1:colcon.colcon_core.environment:checking '/home/rgo/ros2/capra/src/install/robot_sim_ros2_pkg' for CMake config files
[6.751s] Level 1:colcon.colcon_core.shell:create_environment_hook('robot_sim_ros2_pkg', 'cmake_prefix_path')
[6.752s] INFO:colcon.colcon_core.shell:Creating environment hook '/home/rgo/ros2/capra/src/install/robot_sim_ros2_pkg/share/robot_sim_ros2_pkg/hook/cmake_prefix_path.ps1'
[6.752s] INFO:colcon.colcon_core.shell:Creating environment descriptor '/home/rgo/ros2/capra/src/install/robot_sim_ros2_pkg/share/robot_sim_ros2_pkg/hook/cmake_prefix_path.dsv'
[6.752s] INFO:colcon.colcon_core.shell:Creating environment hook '/home/rgo/ros2/capra/src/install/robot_sim_ros2_pkg/share/robot_sim_ros2_pkg/hook/cmake_prefix_path.sh'
[6.753s] Level 1:colcon.colcon_core.environment:checking '/home/rgo/ros2/capra/src/install/robot_sim_ros2_pkg/lib'
[6.753s] Level 1:colcon.colcon_core.environment:checking '/home/rgo/ros2/capra/src/install/robot_sim_ros2_pkg/bin'
[6.753s] Level 1:colcon.colcon_core.environment:checking '/home/rgo/ros2/capra/src/install/robot_sim_ros2_pkg/lib/pkgconfig/robot_sim_ros2_pkg.pc'
[6.754s] Level 1:colcon.colcon_core.environment:checking '/home/rgo/ros2/capra/src/install/robot_sim_ros2_pkg/lib/python3.8/site-packages'
[6.754s] Level 1:colcon.colcon_core.environment:checking '/home/rgo/ros2/capra/src/install/robot_sim_ros2_pkg/bin'
[6.754s] INFO:colcon.colcon_core.shell:Creating package script '/home/rgo/ros2/capra/src/install/robot_sim_ros2_pkg/share/robot_sim_ros2_pkg/package.ps1'
[6.755s] INFO:colcon.colcon_core.shell:Creating package descriptor '/home/rgo/ros2/capra/src/install/robot_sim_ros2_pkg/share/robot_sim_ros2_pkg/package.dsv'
[6.755s] INFO:colcon.colcon_core.shell:Creating package script '/home/rgo/ros2/capra/src/install/robot_sim_ros2_pkg/share/robot_sim_ros2_pkg/package.sh'
[6.756s] INFO:colcon.colcon_core.shell:Creating package script '/home/rgo/ros2/capra/src/install/robot_sim_ros2_pkg/share/robot_sim_ros2_pkg/package.bash'
[6.757s] INFO:colcon.colcon_core.shell:Creating package script '/home/rgo/ros2/capra/src/install/robot_sim_ros2_pkg/share/robot_sim_ros2_pkg/package.zsh'
[6.757s] Level 1:colcon.colcon_core.environment:create_file_with_runtime_dependencies(/home/rgo/ros2/capra/src/install/robot_sim_ros2_pkg/share/colcon-core/packages/robot_sim_ros2_pkg)
[6.758s] DEBUG:colcon.colcon_parallel_executor.executor.parallel:closing loop
[6.758s] DEBUG:colcon.colcon_parallel_executor.executor.parallel:loop closed
[6.758s] DEBUG:colcon.colcon_parallel_executor.executor.parallel:run_until_complete finished with '0'
[6.758s] DEBUG:colcon.colcon_core.event_reactor:joining thread
[6.764s] INFO:colcon.colcon_core.plugin_system:Skipping extension 'colcon_notification.desktop_notification.terminal_notifier': Not used on non-Darwin systems
[6.764s] INFO:colcon.colcon_core.plugin_system:Skipping extension 'colcon_notification.desktop_notification.win32': Not used on non-Windows systems
[6.764s] INFO:colcon.colcon_notification.desktop_notification:Sending desktop notification using 'notify2'
[6.775s] DEBUG:colcon.colcon_core.event_reactor:joined thread
[6.776s] INFO:colcon.colcon_core.shell:Creating prefix script '/home/rgo/ros2/capra/src/install/local_setup.ps1'
[6.776s] INFO:colcon.colcon_core.shell:Creating prefix util module '/home/rgo/ros2/capra/src/install/_local_setup_util_ps1.py'
[6.778s] INFO:colcon.colcon_core.shell:Creating prefix chain script '/home/rgo/ros2/capra/src/install/setup.ps1'
[6.779s] INFO:colcon.colcon_core.shell:Creating prefix script '/home/rgo/ros2/capra/src/install/local_setup.sh'
[6.780s] INFO:colcon.colcon_core.shell:Creating prefix util module '/home/rgo/ros2/capra/src/install/_local_setup_util_sh.py'
[6.780s] INFO:colcon.colcon_core.shell:Creating prefix chain script '/home/rgo/ros2/capra/src/install/setup.sh'
[6.781s] INFO:colcon.colcon_core.shell:Creating prefix script '/home/rgo/ros2/capra/src/install/local_setup.bash'
[6.782s] INFO:colcon.colcon_core.shell:Creating prefix chain script '/home/rgo/ros2/capra/src/install/setup.bash'
[6.782s] INFO:colcon.colcon_core.shell:Creating prefix script '/home/rgo/ros2/capra/src/install/local_setup.zsh'
[6.783s] INFO:colcon.colcon_core.shell:Creating prefix chain script '/home/rgo/ros2/capra/src/install/setup.zsh'
