[0.087s] Invoking command in '/home/rgo/ros2/capra/src/build/rgo_ros2_pkg': CMAKE_PREFIX_PATH=${CMAKE_PREFIX_PATH}:/opt/ros/foxy /usr/bin/cmake --build /home/rgo/ros2/capra/src/build/rgo_ros2_pkg -- -j6 -l6
[0.244s] [35m[1mScanning dependencies of target rgo_ros2_node[0m
[0.353s] [ 50%] [32mBuilding CXX object CMakeFiles/rgo_ros2_node.dir/src/rgo_ros2_node.cpp.o[0m
[30.657s] [100%] [32m[1mLinking CXX executable rgo_ros2_node[0m
[32.712s] [100%] Built target rgo_ros2_node
[32.755s] Invoked command in '/home/rgo/ros2/capra/src/build/rgo_ros2_pkg' returned '0': CMAKE_PREFIX_PATH=${CMAKE_PREFIX_PATH}:/opt/ros/foxy /usr/bin/cmake --build /home/rgo/ros2/capra/src/build/rgo_ros2_pkg -- -j6 -l6
[32.880s] Invoking command in '/home/rgo/ros2/capra/src/build/rgo_ros2_pkg': CMAKE_PREFIX_PATH=${CMAKE_PREFIX_PATH}:/opt/ros/foxy /usr/bin/cmake --install /home/rgo/ros2/capra/src/build/rgo_ros2_pkg
[32.928s] -- Install configuration: ""
[32.931s] -- Installing: /home/rgo/ros2/capra/src/install/rgo_ros2_pkg/lib/rgo_ros2_pkg/rgo_ros2_node
[32.964s] -- Set runtime path of "/home/rgo/ros2/capra/src/install/rgo_ros2_pkg/lib/rgo_ros2_pkg/rgo_ros2_node" to ""
[32.966s] -- Up-to-date: /home/rgo/ros2/capra/src/install/rgo_ros2_pkg/share/ament_index/resource_index/package_run_dependencies/rgo_ros2_pkg
[32.968s] -- Installing: /home/rgo/ros2/capra/src/install/rgo_ros2_pkg/share/ament_index/resource_index/parent_prefix_path/rgo_ros2_pkg
[32.971s] -- Up-to-date: /home/rgo/ros2/capra/src/install/rgo_ros2_pkg/share/rgo_ros2_pkg/environment/ament_prefix_path.sh
[32.972s] -- Installing: /home/rgo/ros2/capra/src/install/rgo_ros2_pkg/share/rgo_ros2_pkg/environment/ament_prefix_path.dsv
[32.974s] -- Up-to-date: /home/rgo/ros2/capra/src/install/rgo_ros2_pkg/share/rgo_ros2_pkg/environment/path.sh
[32.977s] -- Installing: /home/rgo/ros2/capra/src/install/rgo_ros2_pkg/share/rgo_ros2_pkg/environment/path.dsv
[32.980s] -- Up-to-date: /home/rgo/ros2/capra/src/install/rgo_ros2_pkg/share/rgo_ros2_pkg/local_setup.bash
[32.995s] -- Up-to-date: /home/rgo/ros2/capra/src/install/rgo_ros2_pkg/share/rgo_ros2_pkg/local_setup.sh
[33.009s] -- Up-to-date: /home/rgo/ros2/capra/src/install/rgo_ros2_pkg/share/rgo_ros2_pkg/local_setup.zsh
[33.030s] -- Installing: /home/rgo/ros2/capra/src/install/rgo_ros2_pkg/share/rgo_ros2_pkg/local_setup.dsv
[33.036s] -- Installing: /home/rgo/ros2/capra/src/install/rgo_ros2_pkg/share/rgo_ros2_pkg/package.dsv
[33.039s] -- Up-to-date: /home/rgo/ros2/capra/src/install/rgo_ros2_pkg/share/ament_index/resource_index/packages/rgo_ros2_pkg
[33.043s] -- Up-to-date: /home/rgo/ros2/capra/src/install/rgo_ros2_pkg/share/rgo_ros2_pkg/cmake/rgo_ros2_pkgConfig.cmake
[33.046s] -- Up-to-date: /home/rgo/ros2/capra/src/install/rgo_ros2_pkg/share/rgo_ros2_pkg/cmake/rgo_ros2_pkgConfig-version.cmake
[33.050s] -- Up-to-date: /home/rgo/ros2/capra/src/install/rgo_ros2_pkg/share/rgo_ros2_pkg/package.xml
[33.054s] Invoked command in '/home/rgo/ros2/capra/src/build/rgo_ros2_pkg' returned '0': CMAKE_PREFIX_PATH=${CMAKE_PREFIX_PATH}:/opt/ros/foxy /usr/bin/cmake --install /home/rgo/ros2/capra/src/build/rgo_ros2_pkg
