[0.567s] DEBUG:colcon:Command line arguments: ['/usr/bin/colcon', 'build', '--packages-select', 'rgo_ros2_pkg']
[0.567s] DEBUG:colcon:Parsed command line arguments: Namespace(allow_overriding=[], ament_cmake_args=None, base_paths=['.'], build_base='build', catkin_cmake_args=None, catkin_skip_building_tests=False, cmake_args=None, cmake_clean_cache=False, cmake_clean_first=False, cmake_force_configure=False, cmake_target=None, cmake_target_skip_unavailable=False, continue_on_error=False, event_handlers=None, executor='parallel', ignore_user_meta=False, install_base='install', log_base=None, log_level=None, main=<bound method BuildVerb.main of <colcon_core.verb.build.BuildVerb object at 0x7f7d4c6b50>>, merge_install=False, metas=['./colcon.meta'], packages_above=None, packages_above_and_dependencies=None, packages_above_depth=None, packages_end=None, packages_ignore=None, packages_ignore_regex=None, packages_select=['rgo_ros2_pkg'], packages_select_build_failed=False, packages_select_by_dep=None, packages_select_regex=None, packages_select_test_failures=False, packages_skip=None, packages_skip_build_finished=False, packages_skip_by_dep=None, packages_skip_regex=None, packages_skip_test_passed=False, packages_skip_up_to=None, packages_start=None, packages_up_to=None, packages_up_to_regex=None, parallel_workers=6, paths=None, symlink_install=False, test_result_base=None, verb_extension=<colcon_core.verb.build.BuildVerb object at 0x7f7d4c6b50>, verb_name='build', verb_parser=<colcon_defaults.argument_parser.defaults.DefaultArgumentsDecorator object at 0x7f7d451100>)
[0.661s] Level 1:colcon.colcon_core.package_discovery:discover_packages(colcon_meta) check parameters
[0.662s] Level 1:colcon.colcon_core.package_discovery:discover_packages(recursive) check parameters
[0.662s] Level 1:colcon.colcon_core.package_discovery:discover_packages(ignore) check parameters
[0.662s] Level 1:colcon.colcon_core.package_discovery:discover_packages(path) check parameters
[0.662s] Level 1:colcon.colcon_core.package_discovery:discover_packages(colcon_meta) discover
[0.663s] Level 1:colcon.colcon_core.package_discovery:discover_packages(recursive) discover
[0.663s] INFO:colcon.colcon_core.package_discovery:Crawling recursively for packages in '/home/rgo/ros2/capra/src'
[0.663s] Level 1:colcon.colcon_core.package_identification:_identify(.) by extensions ['ignore', 'ignore_ament_install']
[0.664s] Level 1:colcon.colcon_core.package_identification:_identify(.) by extension 'ignore'
[0.664s] Level 1:colcon.colcon_core.package_identification:_identify(.) by extension 'ignore_ament_install'
[0.664s] Level 1:colcon.colcon_core.package_identification:_identify(.) by extensions ['colcon_pkg']
[0.665s] Level 1:colcon.colcon_core.package_identification:_identify(.) by extension 'colcon_pkg'
[0.665s] Level 1:colcon.colcon_core.package_identification:_identify(.) by extensions ['colcon_meta']
[0.665s] Level 1:colcon.colcon_core.package_identification:_identify(.) by extension 'colcon_meta'
[0.665s] Level 1:colcon.colcon_core.package_identification:_identify(.) by extensions ['ros']
[0.665s] Level 1:colcon.colcon_core.package_identification:_identify(.) by extension 'ros'
[0.708s] Level 1:colcon.colcon_core.package_identification:_identify(.) by extensions ['cmake', 'python']
[0.708s] Level 1:colcon.colcon_core.package_identification:_identify(.) by extension 'cmake'
[0.709s] Level 1:colcon.colcon_core.package_identification:_identify(.) by extension 'python'
[0.709s] Level 1:colcon.colcon_core.package_identification:_identify(.) by extensions ['python_setup_py']
[0.709s] Level 1:colcon.colcon_core.package_identification:_identify(.) by extension 'python_setup_py'
[0.710s] Level 1:colcon.colcon_core.package_identification:_identify(build) by extensions ['ignore', 'ignore_ament_install']
[0.710s] Level 1:colcon.colcon_core.package_identification:_identify(build) by extension 'ignore'
[0.710s] Level 1:colcon.colcon_core.package_identification:_identify(build) ignored
[0.711s] Level 1:colcon.colcon_core.package_identification:_identify(install) by extensions ['ignore', 'ignore_ament_install']
[0.711s] Level 1:colcon.colcon_core.package_identification:_identify(install) by extension 'ignore'
[0.712s] Level 1:colcon.colcon_core.package_identification:_identify(install) ignored
[0.712s] Level 1:colcon.colcon_core.package_identification:_identify(log) by extensions ['ignore', 'ignore_ament_install']
[0.713s] Level 1:colcon.colcon_core.package_identification:_identify(log) by extension 'ignore'
[0.713s] Level 1:colcon.colcon_core.package_identification:_identify(log) ignored
[0.713s] Level 1:colcon.colcon_core.package_identification:_identify(rgo_ros2_pkg) by extensions ['ignore', 'ignore_ament_install']
[0.714s] Level 1:colcon.colcon_core.package_identification:_identify(rgo_ros2_pkg) by extension 'ignore'
[0.714s] Level 1:colcon.colcon_core.package_identification:_identify(rgo_ros2_pkg) by extension 'ignore_ament_install'
[0.714s] Level 1:colcon.colcon_core.package_identification:_identify(rgo_ros2_pkg) by extensions ['colcon_pkg']
[0.714s] Level 1:colcon.colcon_core.package_identification:_identify(rgo_ros2_pkg) by extension 'colcon_pkg'
[0.715s] Level 1:colcon.colcon_core.package_identification:_identify(rgo_ros2_pkg) by extensions ['colcon_meta']
[0.715s] Level 1:colcon.colcon_core.package_identification:_identify(rgo_ros2_pkg) by extension 'colcon_meta'
[0.715s] Level 1:colcon.colcon_core.package_identification:_identify(rgo_ros2_pkg) by extensions ['ros']
[0.715s] Level 1:colcon.colcon_core.package_identification:_identify(rgo_ros2_pkg) by extension 'ros'
[0.725s] DEBUG:colcon.colcon_core.package_identification:Package 'rgo_ros2_pkg' with type 'ros.ament_cmake' and name 'rgo_ros2_pkg'
[0.725s] Level 1:colcon.colcon_core.package_identification:_identify(robot_sim_ros2_pkg) by extensions ['ignore', 'ignore_ament_install']
[0.726s] Level 1:colcon.colcon_core.package_identification:_identify(robot_sim_ros2_pkg) by extension 'ignore'
[0.726s] Level 1:colcon.colcon_core.package_identification:_identify(robot_sim_ros2_pkg) by extension 'ignore_ament_install'
[0.726s] Level 1:colcon.colcon_core.package_identification:_identify(robot_sim_ros2_pkg) by extensions ['colcon_pkg']
[0.726s] Level 1:colcon.colcon_core.package_identification:_identify(robot_sim_ros2_pkg) by extension 'colcon_pkg'
[0.727s] Level 1:colcon.colcon_core.package_identification:_identify(robot_sim_ros2_pkg) by extensions ['colcon_meta']
[0.727s] Level 1:colcon.colcon_core.package_identification:_identify(robot_sim_ros2_pkg) by extension 'colcon_meta'
[0.727s] Level 1:colcon.colcon_core.package_identification:_identify(robot_sim_ros2_pkg) by extensions ['ros']
[0.727s] Level 1:colcon.colcon_core.package_identification:_identify(robot_sim_ros2_pkg) by extension 'ros'
[0.730s] DEBUG:colcon.colcon_core.package_identification:Package 'robot_sim_ros2_pkg' with type 'ros.ament_cmake' and name 'robot_sim_ros2_pkg'
[0.731s] Level 1:colcon.colcon_core.package_discovery:discover_packages(recursive) using defaults
[0.731s] Level 1:colcon.colcon_core.package_discovery:discover_packages(ignore) discover
[0.731s] Level 1:colcon.colcon_core.package_discovery:discover_packages(ignore) using defaults
[0.731s] Level 1:colcon.colcon_core.package_discovery:discover_packages(path) discover
[0.731s] Level 1:colcon.colcon_core.package_discovery:discover_packages(path) using defaults
[0.805s] INFO:colcon.colcon_core.package_selection:Skipping not selected package 'robot_sim_ros2_pkg' in 'robot_sim_ros2_pkg'
[0.808s] Level 1:colcon.colcon_core.package_discovery:discover_packages(prefix_path) check parameters
[0.808s] Level 1:colcon.colcon_core.package_discovery:discover_packages(prefix_path) discover
[0.819s] DEBUG:colcon.colcon_installed_package_information.package_discovery:Found 2 installed packages in /home/rgo/ros2/capra/src/install
[0.826s] DEBUG:colcon.colcon_installed_package_information.package_discovery:Found 256 installed packages in /opt/ros/foxy
[0.872s] Level 1:colcon.colcon_core.package_discovery:discover_packages(prefix_path) using defaults
[1.145s] Level 5:colcon.colcon_core.verb:set package 'rgo_ros2_pkg' build argument 'cmake_args' from command line to 'None'
[1.146s] Level 5:colcon.colcon_core.verb:set package 'rgo_ros2_pkg' build argument 'cmake_target' from command line to 'None'
[1.146s] Level 5:colcon.colcon_core.verb:set package 'rgo_ros2_pkg' build argument 'cmake_target_skip_unavailable' from command line to 'False'
[1.146s] Level 5:colcon.colcon_core.verb:set package 'rgo_ros2_pkg' build argument 'cmake_clean_cache' from command line to 'False'
[1.146s] Level 5:colcon.colcon_core.verb:set package 'rgo_ros2_pkg' build argument 'cmake_clean_first' from command line to 'False'
[1.146s] Level 5:colcon.colcon_core.verb:set package 'rgo_ros2_pkg' build argument 'cmake_force_configure' from command line to 'False'
[1.146s] Level 5:colcon.colcon_core.verb:set package 'rgo_ros2_pkg' build argument 'ament_cmake_args' from command line to 'None'
[1.146s] Level 5:colcon.colcon_core.verb:set package 'rgo_ros2_pkg' build argument 'catkin_cmake_args' from command line to 'None'
[1.146s] Level 5:colcon.colcon_core.verb:set package 'rgo_ros2_pkg' build argument 'catkin_skip_building_tests' from command line to 'False'
[1.147s] DEBUG:colcon.colcon_core.verb:Building package 'rgo_ros2_pkg' with the following arguments: {'ament_cmake_args': None, 'build_base': '/home/rgo/ros2/capra/src/build/rgo_ros2_pkg', 'catkin_cmake_args': None, 'catkin_skip_building_tests': False, 'cmake_args': None, 'cmake_clean_cache': False, 'cmake_clean_first': False, 'cmake_force_configure': False, 'cmake_target': None, 'cmake_target_skip_unavailable': False, 'install_base': '/home/rgo/ros2/capra/src/install/rgo_ros2_pkg', 'merge_install': False, 'path': '/home/rgo/ros2/capra/src/rgo_ros2_pkg', 'symlink_install': False, 'test_result_base': None}
[1.149s] INFO:colcon.colcon_core.executor:Executing jobs using 'parallel' executor
[1.167s] DEBUG:colcon.colcon_parallel_executor.executor.parallel:run_until_complete
[1.169s] INFO:colcon.colcon_ros.task.ament_cmake.build:Building ROS package in '/home/rgo/ros2/capra/src/rgo_ros2_pkg' with build type 'ament_cmake'
[1.169s] INFO:colcon.colcon_cmake.task.cmake.build:Building CMake package in '/home/rgo/ros2/capra/src/rgo_ros2_pkg'
[1.189s] INFO:colcon.colcon_core.plugin_system:Skipping extension 'colcon_core.shell.bat': Not used on non-Windows systems
[1.190s] INFO:colcon.colcon_core.shell:Skip shell extension 'powershell' for command environment: Not usable outside of PowerShell
[1.190s] DEBUG:colcon.colcon_core.shell:Skip shell extension 'dsv' for command environment
[1.239s] DEBUG:colcon.colcon_core.event_handler.log_command:Invoking command in '/home/rgo/ros2/capra/src/build/rgo_ros2_pkg': CMAKE_PREFIX_PATH=${CMAKE_PREFIX_PATH}:/opt/ros/foxy /usr/bin/cmake --build /home/rgo/ros2/capra/src/build/rgo_ros2_pkg -- -j6 -l6
[31.741s] DEBUG:colcon.colcon_core.event_handler.log_command:Invoked command in '/home/rgo/ros2/capra/src/build/rgo_ros2_pkg' returned '0': CMAKE_PREFIX_PATH=${CMAKE_PREFIX_PATH}:/opt/ros/foxy /usr/bin/cmake --build /home/rgo/ros2/capra/src/build/rgo_ros2_pkg -- -j6 -l6
[31.907s] DEBUG:colcon.colcon_core.event_handler.log_command:Invoking command in '/home/rgo/ros2/capra/src/build/rgo_ros2_pkg': CMAKE_PREFIX_PATH=${CMAKE_PREFIX_PATH}:/opt/ros/foxy /usr/bin/cmake --install /home/rgo/ros2/capra/src/build/rgo_ros2_pkg
[31.962s] Level 1:colcon.colcon_core.environment:create_environment_scripts_only(rgo_ros2_pkg)
[32.046s] DEBUG:colcon.colcon_core.event_handler.log_command:Invoked command in '/home/rgo/ros2/capra/src/build/rgo_ros2_pkg' returned '0': CMAKE_PREFIX_PATH=${CMAKE_PREFIX_PATH}:/opt/ros/foxy /usr/bin/cmake --install /home/rgo/ros2/capra/src/build/rgo_ros2_pkg
[32.079s] Level 1:colcon.colcon_core.environment:checking '/home/rgo/ros2/capra/src/install/rgo_ros2_pkg' for CMake module files
[32.092s] Level 1:colcon.colcon_core.environment:checking '/home/rgo/ros2/capra/src/install/rgo_ros2_pkg' for CMake config files
[32.095s] Level 1:colcon.colcon_core.shell:create_environment_hook('rgo_ros2_pkg', 'cmake_prefix_path')
[32.109s] INFO:colcon.colcon_core.shell:Creating environment hook '/home/rgo/ros2/capra/src/install/rgo_ros2_pkg/share/rgo_ros2_pkg/hook/cmake_prefix_path.ps1'
[32.116s] INFO:colcon.colcon_core.shell:Creating environment descriptor '/home/rgo/ros2/capra/src/install/rgo_ros2_pkg/share/rgo_ros2_pkg/hook/cmake_prefix_path.dsv'
[32.122s] INFO:colcon.colcon_core.shell:Creating environment hook '/home/rgo/ros2/capra/src/install/rgo_ros2_pkg/share/rgo_ros2_pkg/hook/cmake_prefix_path.sh'
[32.133s] Level 1:colcon.colcon_core.environment:checking '/home/rgo/ros2/capra/src/install/rgo_ros2_pkg/lib'
[32.135s] Level 1:colcon.colcon_core.environment:checking '/home/rgo/ros2/capra/src/install/rgo_ros2_pkg/bin'
[32.136s] Level 1:colcon.colcon_core.environment:checking '/home/rgo/ros2/capra/src/install/rgo_ros2_pkg/lib/pkgconfig/rgo_ros2_pkg.pc'
[32.139s] Level 1:colcon.colcon_core.environment:checking '/home/rgo/ros2/capra/src/install/rgo_ros2_pkg/lib/python3.8/site-packages'
[32.142s] Level 1:colcon.colcon_core.environment:checking '/home/rgo/ros2/capra/src/install/rgo_ros2_pkg/bin'
[32.153s] INFO:colcon.colcon_core.shell:Creating package script '/home/rgo/ros2/capra/src/install/rgo_ros2_pkg/share/rgo_ros2_pkg/package.ps1'
[32.159s] INFO:colcon.colcon_core.shell:Creating package descriptor '/home/rgo/ros2/capra/src/install/rgo_ros2_pkg/share/rgo_ros2_pkg/package.dsv'
[32.169s] INFO:colcon.colcon_core.shell:Creating package script '/home/rgo/ros2/capra/src/install/rgo_ros2_pkg/share/rgo_ros2_pkg/package.sh'
[32.175s] INFO:colcon.colcon_core.shell:Creating package script '/home/rgo/ros2/capra/src/install/rgo_ros2_pkg/share/rgo_ros2_pkg/package.bash'
[32.180s] INFO:colcon.colcon_core.shell:Creating package script '/home/rgo/ros2/capra/src/install/rgo_ros2_pkg/share/rgo_ros2_pkg/package.zsh'
[32.185s] Level 1:colcon.colcon_core.environment:create_file_with_runtime_dependencies(/home/rgo/ros2/capra/src/install/rgo_ros2_pkg/share/colcon-core/packages/rgo_ros2_pkg)
[32.352s] Level 1:colcon.colcon_core.environment:create_environment_scripts_only(rgo_ros2_pkg)
[32.386s] Level 1:colcon.colcon_core.environment:checking '/home/rgo/ros2/capra/src/install/rgo_ros2_pkg' for CMake module files
[32.390s] Level 1:colcon.colcon_core.environment:checking '/home/rgo/ros2/capra/src/install/rgo_ros2_pkg' for CMake config files
[32.392s] Level 1:colcon.colcon_core.shell:create_environment_hook('rgo_ros2_pkg', 'cmake_prefix_path')
[32.404s] INFO:colcon.colcon_core.shell:Creating environment hook '/home/rgo/ros2/capra/src/install/rgo_ros2_pkg/share/rgo_ros2_pkg/hook/cmake_prefix_path.ps1'
[32.410s] INFO:colcon.colcon_core.shell:Creating environment descriptor '/home/rgo/ros2/capra/src/install/rgo_ros2_pkg/share/rgo_ros2_pkg/hook/cmake_prefix_path.dsv'
[32.416s] INFO:colcon.colcon_core.shell:Creating environment hook '/home/rgo/ros2/capra/src/install/rgo_ros2_pkg/share/rgo_ros2_pkg/hook/cmake_prefix_path.sh'
[32.424s] Level 1:colcon.colcon_core.environment:checking '/home/rgo/ros2/capra/src/install/rgo_ros2_pkg/lib'
[32.425s] Level 1:colcon.colcon_core.environment:checking '/home/rgo/ros2/capra/src/install/rgo_ros2_pkg/bin'
[32.426s] Level 1:colcon.colcon_core.environment:checking '/home/rgo/ros2/capra/src/install/rgo_ros2_pkg/lib/pkgconfig/rgo_ros2_pkg.pc'
[32.428s] Level 1:colcon.colcon_core.environment:checking '/home/rgo/ros2/capra/src/install/rgo_ros2_pkg/lib/python3.8/site-packages'
[32.430s] Level 1:colcon.colcon_core.environment:checking '/home/rgo/ros2/capra/src/install/rgo_ros2_pkg/bin'
[32.445s] INFO:colcon.colcon_core.shell:Creating package script '/home/rgo/ros2/capra/src/install/rgo_ros2_pkg/share/rgo_ros2_pkg/package.ps1'
[32.452s] INFO:colcon.colcon_core.shell:Creating package descriptor '/home/rgo/ros2/capra/src/install/rgo_ros2_pkg/share/rgo_ros2_pkg/package.dsv'
[32.458s] INFO:colcon.colcon_core.shell:Creating package script '/home/rgo/ros2/capra/src/install/rgo_ros2_pkg/share/rgo_ros2_pkg/package.sh'
[32.462s] INFO:colcon.colcon_core.shell:Creating package script '/home/rgo/ros2/capra/src/install/rgo_ros2_pkg/share/rgo_ros2_pkg/package.bash'
[32.465s] INFO:colcon.colcon_core.shell:Creating package script '/home/rgo/ros2/capra/src/install/rgo_ros2_pkg/share/rgo_ros2_pkg/package.zsh'
[32.468s] Level 1:colcon.colcon_core.environment:create_file_with_runtime_dependencies(/home/rgo/ros2/capra/src/install/rgo_ros2_pkg/share/colcon-core/packages/rgo_ros2_pkg)
[32.470s] DEBUG:colcon.colcon_parallel_executor.executor.parallel:closing loop
[32.472s] DEBUG:colcon.colcon_parallel_executor.executor.parallel:loop closed
[32.475s] DEBUG:colcon.colcon_parallel_executor.executor.parallel:run_until_complete finished with '0'
[32.477s] DEBUG:colcon.colcon_core.event_reactor:joining thread
[32.539s] INFO:colcon.colcon_core.plugin_system:Skipping extension 'colcon_notification.desktop_notification.notify_send': Could not find 'notify-send'
[32.540s] INFO:colcon.colcon_core.plugin_system:Skipping extension 'colcon_notification.desktop_notification.terminal_notifier': Not used on non-Darwin systems
[32.541s] INFO:colcon.colcon_core.plugin_system:Skipping extension 'colcon_notification.desktop_notification.win32': Not used on non-Windows systems
[32.542s] INFO:colcon.colcon_notification.desktop_notification:Sending desktop notification using 'notify2'
[32.546s] DEBUG:colcon.colcon_notification.desktop_notification.notify2:Failed to initialize notify2: org.freedesktop.DBus.Error.ServiceUnknown: The name org.freedesktop.Notifications was not provided by any .service files
[32.546s] DEBUG:colcon.colcon_core.event_reactor:joined thread
[32.561s] INFO:colcon.colcon_core.shell:Creating prefix script '/home/rgo/ros2/capra/src/install/local_setup.ps1'
[32.569s] INFO:colcon.colcon_core.shell:Creating prefix util module '/home/rgo/ros2/capra/src/install/_local_setup_util_ps1.py'
[32.582s] INFO:colcon.colcon_core.shell:Creating prefix chain script '/home/rgo/ros2/capra/src/install/setup.ps1'
[32.594s] INFO:colcon.colcon_core.shell:Creating prefix script '/home/rgo/ros2/capra/src/install/local_setup.sh'
[32.599s] INFO:colcon.colcon_core.shell:Creating prefix util module '/home/rgo/ros2/capra/src/install/_local_setup_util_sh.py'
[32.604s] INFO:colcon.colcon_core.shell:Creating prefix chain script '/home/rgo/ros2/capra/src/install/setup.sh'
[32.615s] INFO:colcon.colcon_core.shell:Creating prefix script '/home/rgo/ros2/capra/src/install/local_setup.bash'
[32.620s] INFO:colcon.colcon_core.shell:Creating prefix chain script '/home/rgo/ros2/capra/src/install/setup.bash'
[32.631s] INFO:colcon.colcon_core.shell:Creating prefix script '/home/rgo/ros2/capra/src/install/local_setup.zsh'
[32.637s] INFO:colcon.colcon_core.shell:Creating prefix chain script '/home/rgo/ros2/capra/src/install/setup.zsh'
