[0.072s] Invoking command in '/home/rgo/ros2/capra/src/build/rgo_ros2_pkg': CMAKE_PREFIX_PATH=${CMAKE_PREFIX_PATH}:/opt/ros/foxy /usr/bin/cmake --build /home/rgo/ros2/capra/src/build/rgo_ros2_pkg -- -j6 -l6
[0.218s] -- Found ament_cmake: 0.9.9 (/opt/ros/foxy/share/ament_cmake/cmake)
[0.350s] -- Using PYTHON_EXECUTABLE: /usr/bin/python3
[0.977s] -- Found rclcpp: 2.4.1 (/opt/ros/foxy/share/rclcpp/cmake)
[1.073s] -- Using all available rosidl_typesupport_c: rosidl_typesupport_fastrtps_c;rosidl_typesupport_introspection_c
[1.083s] -- Found rosidl_adapter: 1.2.1 (/opt/ros/foxy/share/rosidl_adapter/cmake)
[1.386s] -- Using all available rosidl_typesupport_cpp: rosidl_typesupport_fastrtps_cpp;rosidl_typesupport_introspection_cpp
[1.543s] -- Found rmw_implementation_cmake: 1.0.3 (/opt/ros/foxy/share/rmw_implementation_cmake/cmake)
[1.550s] -- Using RMW implementation 'rmw_fastrtps_cpp' as default
[2.013s] -- Found geometry_msgs: 2.0.5 (/opt/ros/foxy/share/geometry_msgs/cmake)
[2.123s] -- Found nav_msgs: 2.0.5 (/opt/ros/foxy/share/nav_msgs/cmake)
[2.373s] CMake Error at CMakeLists.txt:41 (target_link_libraries):
[2.373s]   Cannot specify link libraries for target "slam" which is not built by this
[2.374s]   project.
[2.374s] 
[2.374s] 
[2.375s] -- Configuring incomplete, errors occurred!
[2.375s] See also "/home/rgo/ros2/capra/src/build/rgo_ros2_pkg/CMakeFiles/CMakeOutput.log".
[2.376s] See also "/home/rgo/ros2/capra/src/build/rgo_ros2_pkg/CMakeFiles/CMakeError.log".
[2.409s] make: *** [Makefile:296: cmake_check_build_system] Error 1
[2.427s] Invoked command in '/home/rgo/ros2/capra/src/build/rgo_ros2_pkg' returned '2': CMAKE_PREFIX_PATH=${CMAKE_PREFIX_PATH}:/opt/ros/foxy /usr/bin/cmake --build /home/rgo/ros2/capra/src/build/rgo_ros2_pkg -- -j6 -l6
