[0.014s] Invoking command in '/home/rgo/ros2/capra/src/rgo_ros2_pkg/build/rgo_ros2_pkg': CMAKE_PREFIX_PATH=${CMAKE_PREFIX_PATH}:/opt/ros/foxy CONDA_PROMPT_MODIFIER=(base) /usr/bin/cmake --build /home/rgo/ros2/capra/src/rgo_ros2_pkg/build/rgo_ros2_pkg -- -j8 -l8
[0.039s] -- Found ament_cmake: 0.9.9 (/opt/ros/foxy/share/ament_cmake/cmake)
[0.057s] -- Using PYTHON_EXECUTABLE: /home/rgo/miniconda3/bin/python3
[0.173s] -- Found rclcpp: 2.4.1 (/opt/ros/foxy/share/rclcpp/cmake)
[0.202s] -- Using all available rosidl_typesupport_c: rosidl_typesupport_fastrtps_c;rosidl_typesupport_introspection_c
[0.206s] -- Found rosidl_adapter: 1.2.1 (/opt/ros/foxy/share/rosidl_adapter/cmake)
[0.308s] -- Using all available rosidl_typesupport_cpp: rosidl_typesupport_fastrtps_cpp;rosidl_typesupport_introspection_cpp
[0.351s] -- Found rmw_implementation_cmake: 1.0.3 (/opt/ros/foxy/share/rmw_implementation_cmake/cmake)
[0.353s] -- Using RMW implementation 'rmw_fastrtps_cpp' as default
[0.478s] -- Found geometry_msgs: 2.0.5 (/opt/ros/foxy/share/geometry_msgs/cmake)
[0.508s] -- Found ament_lint_auto: 0.9.6 (/opt/ros/foxy/share/ament_lint_auto/cmake)
[0.562s] -- Added test 'copyright' to check source files copyright and LICENSE
[0.571s] -- Added test 'cppcheck' to perform static code analysis on C / C++ code
[0.571s] -- Configured cppcheck include dirs: 
[0.572s] -- Configured cppcheck exclude dirs and/or files: 
[0.580s] -- Added test 'cpplint' to check C / C++ code against the Google style
[0.581s] -- Configured cpplint exclude dirs and/or files: 
[0.582s] -- Added test 'flake8' to check Python code syntax and style conventions
[0.585s] -- Added test 'lint_cmake' to check CMake code style
[0.586s] -- Added test 'pep257' to check Python code against some of the style conventions in PEP 257
[0.595s] -- Added test 'uncrustify' to check C / C++ code style
[0.595s] -- Configured uncrustify additional arguments: 
[0.597s] -- Added test 'xmllint' to check XML markup files
[0.599s] -- Configuring done
[0.607s] -- Generating done
[0.609s] -- Build files have been written to: /home/rgo/ros2/capra/src/rgo_ros2_pkg/build/rgo_ros2_pkg
[0.633s] [35m[1mScanning dependencies of target rgo_ros2_node[0m
[0.659s] [ 50%] [32mBuilding CXX object CMakeFiles/rgo_ros2_node.dir/src/rgo_ros2_node.cpp.o[0m
[4.718s] [100%] [32m[1mLinking CXX executable rgo_ros2_node[0m
[4.920s] [100%] Built target rgo_ros2_node
[4.930s] Invoked command in '/home/rgo/ros2/capra/src/rgo_ros2_pkg/build/rgo_ros2_pkg' returned '0': CMAKE_PREFIX_PATH=${CMAKE_PREFIX_PATH}:/opt/ros/foxy CONDA_PROMPT_MODIFIER=(base) /usr/bin/cmake --build /home/rgo/ros2/capra/src/rgo_ros2_pkg/build/rgo_ros2_pkg -- -j8 -l8
[4.956s] Invoking command in '/home/rgo/ros2/capra/src/rgo_ros2_pkg/build/rgo_ros2_pkg': CMAKE_PREFIX_PATH=${CMAKE_PREFIX_PATH}:/opt/ros/foxy CONDA_PROMPT_MODIFIER=(base) /usr/bin/cmake --install /home/rgo/ros2/capra/src/rgo_ros2_pkg/build/rgo_ros2_pkg
[4.965s] -- Install configuration: ""
[4.965s] -- Installing: /home/rgo/ros2/capra/src/rgo_ros2_pkg/install/rgo_ros2_pkg/lib/rgo_ros2_pkg/rgo_ros2_node
[4.966s] -- Set runtime path of "/home/rgo/ros2/capra/src/rgo_ros2_pkg/install/rgo_ros2_pkg/lib/rgo_ros2_pkg/rgo_ros2_node" to ""
[4.966s] -- Up-to-date: /home/rgo/ros2/capra/src/rgo_ros2_pkg/install/rgo_ros2_pkg/share/ament_index/resource_index/package_run_dependencies/rgo_ros2_pkg
[4.967s] -- Up-to-date: /home/rgo/ros2/capra/src/rgo_ros2_pkg/install/rgo_ros2_pkg/share/ament_index/resource_index/parent_prefix_path/rgo_ros2_pkg
[4.967s] -- Up-to-date: /home/rgo/ros2/capra/src/rgo_ros2_pkg/install/rgo_ros2_pkg/share/rgo_ros2_pkg/environment/ament_prefix_path.sh
[4.967s] -- Installing: /home/rgo/ros2/capra/src/rgo_ros2_pkg/install/rgo_ros2_pkg/share/rgo_ros2_pkg/environment/ament_prefix_path.dsv
[4.967s] -- Up-to-date: /home/rgo/ros2/capra/src/rgo_ros2_pkg/install/rgo_ros2_pkg/share/rgo_ros2_pkg/environment/path.sh
[4.967s] -- Installing: /home/rgo/ros2/capra/src/rgo_ros2_pkg/install/rgo_ros2_pkg/share/rgo_ros2_pkg/environment/path.dsv
[4.967s] -- Up-to-date: /home/rgo/ros2/capra/src/rgo_ros2_pkg/install/rgo_ros2_pkg/share/rgo_ros2_pkg/local_setup.bash
[4.967s] -- Up-to-date: /home/rgo/ros2/capra/src/rgo_ros2_pkg/install/rgo_ros2_pkg/share/rgo_ros2_pkg/local_setup.sh
[4.967s] -- Up-to-date: /home/rgo/ros2/capra/src/rgo_ros2_pkg/install/rgo_ros2_pkg/share/rgo_ros2_pkg/local_setup.zsh
[4.967s] -- Installing: /home/rgo/ros2/capra/src/rgo_ros2_pkg/install/rgo_ros2_pkg/share/rgo_ros2_pkg/local_setup.dsv
[4.967s] -- Installing: /home/rgo/ros2/capra/src/rgo_ros2_pkg/install/rgo_ros2_pkg/share/rgo_ros2_pkg/package.dsv
[4.967s] -- Up-to-date: /home/rgo/ros2/capra/src/rgo_ros2_pkg/install/rgo_ros2_pkg/share/ament_index/resource_index/packages/rgo_ros2_pkg
[4.967s] -- Up-to-date: /home/rgo/ros2/capra/src/rgo_ros2_pkg/install/rgo_ros2_pkg/share/rgo_ros2_pkg/cmake/rgo_ros2_pkgConfig.cmake
[4.968s] -- Up-to-date: /home/rgo/ros2/capra/src/rgo_ros2_pkg/install/rgo_ros2_pkg/share/rgo_ros2_pkg/cmake/rgo_ros2_pkgConfig-version.cmake
[4.968s] -- Up-to-date: /home/rgo/ros2/capra/src/rgo_ros2_pkg/install/rgo_ros2_pkg/share/rgo_ros2_pkg/package.xml
[4.970s] Invoked command in '/home/rgo/ros2/capra/src/rgo_ros2_pkg/build/rgo_ros2_pkg' returned '0': CMAKE_PREFIX_PATH=${CMAKE_PREFIX_PATH}:/opt/ros/foxy CONDA_PROMPT_MODIFIER=(base) /usr/bin/cmake --install /home/rgo/ros2/capra/src/rgo_ros2_pkg/build/rgo_ros2_pkg
