[0.011s] Invoking command in '/home/rgo/ros2/capra/src/rgo_ros2_pkg/build/rgo_ros2_pkg': CMAKE_PREFIX_PATH=/opt/ros/foxy CONDA_PROMPT_MODIFIER=(base) /usr/bin/cmake --build /home/rgo/ros2/capra/src/rgo_ros2_pkg/build/rgo_ros2_pkg -- -j8 -l8
[0.046s] [35m[1mScanning dependencies of target talker[0m
[0.067s] [ 50%] [32mBuilding CXX object CMakeFiles/talker.dir/src/rgo_ros2_node.cpp.o[0m
[2.483s] [100%] [32m[1mLinking CXX executable talker[0m
[2.615s] [100%] Built target talker
[2.625s] Invoked command in '/home/rgo/ros2/capra/src/rgo_ros2_pkg/build/rgo_ros2_pkg' returned '0': CMAKE_PREFIX_PATH=/opt/ros/foxy CONDA_PROMPT_MODIFIER=(base) /usr/bin/cmake --build /home/rgo/ros2/capra/src/rgo_ros2_pkg/build/rgo_ros2_pkg -- -j8 -l8
[2.652s] Invoking command in '/home/rgo/ros2/capra/src/rgo_ros2_pkg/build/rgo_ros2_pkg': CMAKE_PREFIX_PATH=/opt/ros/foxy CONDA_PROMPT_MODIFIER=(base) /usr/bin/cmake --install /home/rgo/ros2/capra/src/rgo_ros2_pkg/build/rgo_ros2_pkg
[2.659s] -- Install configuration: ""
[2.659s] -- Installing: /home/rgo/ros2/capra/src/rgo_ros2_pkg/install/rgo_ros2_pkg/lib/rgo_ros2_pkg/talker
[2.660s] -- Set runtime path of "/home/rgo/ros2/capra/src/rgo_ros2_pkg/install/rgo_ros2_pkg/lib/rgo_ros2_pkg/talker" to ""
[2.660s] -- Up-to-date: /home/rgo/ros2/capra/src/rgo_ros2_pkg/install/rgo_ros2_pkg/share/ament_index/resource_index/package_run_dependencies/rgo_ros2_pkg
[2.660s] -- Up-to-date: /home/rgo/ros2/capra/src/rgo_ros2_pkg/install/rgo_ros2_pkg/share/ament_index/resource_index/parent_prefix_path/rgo_ros2_pkg
[2.661s] -- Up-to-date: /home/rgo/ros2/capra/src/rgo_ros2_pkg/install/rgo_ros2_pkg/share/rgo_ros2_pkg/environment/ament_prefix_path.sh
[2.661s] -- Up-to-date: /home/rgo/ros2/capra/src/rgo_ros2_pkg/install/rgo_ros2_pkg/share/rgo_ros2_pkg/environment/ament_prefix_path.dsv
[2.661s] -- Up-to-date: /home/rgo/ros2/capra/src/rgo_ros2_pkg/install/rgo_ros2_pkg/share/rgo_ros2_pkg/environment/path.sh
[2.661s] -- Up-to-date: /home/rgo/ros2/capra/src/rgo_ros2_pkg/install/rgo_ros2_pkg/share/rgo_ros2_pkg/environment/path.dsv
[2.661s] -- Up-to-date: /home/rgo/ros2/capra/src/rgo_ros2_pkg/install/rgo_ros2_pkg/share/rgo_ros2_pkg/local_setup.bash
[2.661s] -- Up-to-date: /home/rgo/ros2/capra/src/rgo_ros2_pkg/install/rgo_ros2_pkg/share/rgo_ros2_pkg/local_setup.sh
[2.661s] -- Up-to-date: /home/rgo/ros2/capra/src/rgo_ros2_pkg/install/rgo_ros2_pkg/share/rgo_ros2_pkg/local_setup.zsh
[2.661s] -- Up-to-date: /home/rgo/ros2/capra/src/rgo_ros2_pkg/install/rgo_ros2_pkg/share/rgo_ros2_pkg/local_setup.dsv
[2.661s] -- Installing: /home/rgo/ros2/capra/src/rgo_ros2_pkg/install/rgo_ros2_pkg/share/rgo_ros2_pkg/package.dsv
[2.661s] -- Up-to-date: /home/rgo/ros2/capra/src/rgo_ros2_pkg/install/rgo_ros2_pkg/share/ament_index/resource_index/packages/rgo_ros2_pkg
[2.661s] -- Up-to-date: /home/rgo/ros2/capra/src/rgo_ros2_pkg/install/rgo_ros2_pkg/share/rgo_ros2_pkg/cmake/rgo_ros2_pkgConfig.cmake
[2.661s] -- Up-to-date: /home/rgo/ros2/capra/src/rgo_ros2_pkg/install/rgo_ros2_pkg/share/rgo_ros2_pkg/cmake/rgo_ros2_pkgConfig-version.cmake
[2.661s] -- Up-to-date: /home/rgo/ros2/capra/src/rgo_ros2_pkg/install/rgo_ros2_pkg/share/rgo_ros2_pkg/package.xml
[2.662s] Invoked command in '/home/rgo/ros2/capra/src/rgo_ros2_pkg/build/rgo_ros2_pkg' returned '0': CMAKE_PREFIX_PATH=/opt/ros/foxy CONDA_PROMPT_MODIFIER=(base) /usr/bin/cmake --install /home/rgo/ros2/capra/src/rgo_ros2_pkg/build/rgo_ros2_pkg
