[35m[1mScanning dependencies of target rgo_ros2_node[0m
[ 33%] [32mBuilding CXX object CMakeFiles/rgo_ros2_node.dir/src/rgo_ros2_node.cpp.o[0m
[01m[K/home/rgo/ros2/capra/src/rgo_ros2_pkg/src/rgo_ros2_node.cpp:[m[K In member function ‘[01m[Kvoid RgoRos2Node::timer_callback()[m[K’:
[01m[K/home/rgo/ros2/capra/src/rgo_ros2_pkg/src/rgo_ros2_node.cpp:129:8:[m[K [01;35m[Kwarning: [m[Kvariable ‘[01m[Kmessage[m[K’ set but not used [[01;35m[K-Wunused-but-set-variable[m[K]
  129 |   auto [01;35m[Kmessage[m[K = geometry_msgs::msg::Pose();
      |        [01;35m[K^~~~~~~[m[K
[ 66%] [32m[1mLinking CXX executable rgo_ros2_node[0m
[100%] Built target rgo_ros2_node
-- Install configuration: ""
-- Installing: /home/rgo/ros2/capra/src/install/rgo_ros2_pkg/lib/rgo_ros2_pkg/rgo_ros2_node
-- Set runtime path of "/home/rgo/ros2/capra/src/install/rgo_ros2_pkg/lib/rgo_ros2_pkg/rgo_ros2_node" to ""
-- Up-to-date: /home/rgo/ros2/capra/src/install/rgo_ros2_pkg/share/ament_index/resource_index/package_run_dependencies/rgo_ros2_pkg
-- Up-to-date: /home/rgo/ros2/capra/src/install/rgo_ros2_pkg/share/ament_index/resource_index/parent_prefix_path/rgo_ros2_pkg
-- Up-to-date: /home/rgo/ros2/capra/src/install/rgo_ros2_pkg/share/rgo_ros2_pkg/environment/ament_prefix_path.sh
-- Up-to-date: /home/rgo/ros2/capra/src/install/rgo_ros2_pkg/share/rgo_ros2_pkg/environment/ament_prefix_path.dsv
-- Up-to-date: /home/rgo/ros2/capra/src/install/rgo_ros2_pkg/share/rgo_ros2_pkg/environment/path.sh
-- Up-to-date: /home/rgo/ros2/capra/src/install/rgo_ros2_pkg/share/rgo_ros2_pkg/environment/path.dsv
-- Up-to-date: /home/rgo/ros2/capra/src/install/rgo_ros2_pkg/share/rgo_ros2_pkg/local_setup.bash
-- Up-to-date: /home/rgo/ros2/capra/src/install/rgo_ros2_pkg/share/rgo_ros2_pkg/local_setup.sh
-- Up-to-date: /home/rgo/ros2/capra/src/install/rgo_ros2_pkg/share/rgo_ros2_pkg/local_setup.zsh
-- Up-to-date: /home/rgo/ros2/capra/src/install/rgo_ros2_pkg/share/rgo_ros2_pkg/local_setup.dsv
-- Installing: /home/rgo/ros2/capra/src/install/rgo_ros2_pkg/share/rgo_ros2_pkg/package.dsv
-- Up-to-date: /home/rgo/ros2/capra/src/install/rgo_ros2_pkg/share/ament_index/resource_index/packages/rgo_ros2_pkg
-- Up-to-date: /home/rgo/ros2/capra/src/install/rgo_ros2_pkg/share/rgo_ros2_pkg/cmake/rgo_ros2_pkgConfig.cmake
-- Up-to-date: /home/rgo/ros2/capra/src/install/rgo_ros2_pkg/share/rgo_ros2_pkg/cmake/rgo_ros2_pkgConfig-version.cmake
-- Up-to-date: /home/rgo/ros2/capra/src/install/rgo_ros2_pkg/share/rgo_ros2_pkg/package.xml
