[35m[1mScanning dependencies of target rgo_ros2_node[0m
[ 50%] [32mBuilding CXX object CMakeFiles/rgo_ros2_node.dir/src/rgo_ros2_node.cpp.o[0m
[100%] [32m[1mLinking CXX executable rgo_ros2_node[0m
[100%] Built target rgo_ros2_node
-- Install configuration: ""
-- Installing: /home/rgo/ros2/capra/src/rgo_ros2_pkg/install/rgo_ros2_pkg/lib/rgo_ros2_pkg/rgo_ros2_node
-- Set runtime path of "/home/rgo/ros2/capra/src/rgo_ros2_pkg/install/rgo_ros2_pkg/lib/rgo_ros2_pkg/rgo_ros2_node" to ""
-- Installing: /home/rgo/ros2/capra/src/rgo_ros2_pkg/install/rgo_ros2_pkg/share/ament_index/resource_index/package_run_dependencies/rgo_ros2_pkg
-- Up-to-date: /home/rgo/ros2/capra/src/rgo_ros2_pkg/install/rgo_ros2_pkg/share/ament_index/resource_index/parent_prefix_path/rgo_ros2_pkg
-- Up-to-date: /home/rgo/ros2/capra/src/rgo_ros2_pkg/install/rgo_ros2_pkg/share/rgo_ros2_pkg/environment/ament_prefix_path.sh
-- Installing: /home/rgo/ros2/capra/src/rgo_ros2_pkg/install/rgo_ros2_pkg/share/rgo_ros2_pkg/environment/ament_prefix_path.dsv
-- Up-to-date: /home/rgo/ros2/capra/src/rgo_ros2_pkg/install/rgo_ros2_pkg/share/rgo_ros2_pkg/environment/path.sh
-- Installing: /home/rgo/ros2/capra/src/rgo_ros2_pkg/install/rgo_ros2_pkg/share/rgo_ros2_pkg/environment/path.dsv
-- Up-to-date: /home/rgo/ros2/capra/src/rgo_ros2_pkg/install/rgo_ros2_pkg/share/rgo_ros2_pkg/local_setup.bash
-- Up-to-date: /home/rgo/ros2/capra/src/rgo_ros2_pkg/install/rgo_ros2_pkg/share/rgo_ros2_pkg/local_setup.sh
-- Up-to-date: /home/rgo/ros2/capra/src/rgo_ros2_pkg/install/rgo_ros2_pkg/share/rgo_ros2_pkg/local_setup.zsh
-- Installing: /home/rgo/ros2/capra/src/rgo_ros2_pkg/install/rgo_ros2_pkg/share/rgo_ros2_pkg/local_setup.dsv
-- Installing: /home/rgo/ros2/capra/src/rgo_ros2_pkg/install/rgo_ros2_pkg/share/rgo_ros2_pkg/package.dsv
-- Up-to-date: /home/rgo/ros2/capra/src/rgo_ros2_pkg/install/rgo_ros2_pkg/share/ament_index/resource_index/packages/rgo_ros2_pkg
-- Up-to-date: /home/rgo/ros2/capra/src/rgo_ros2_pkg/install/rgo_ros2_pkg/share/rgo_ros2_pkg/cmake/rgo_ros2_pkgConfig.cmake
-- Up-to-date: /home/rgo/ros2/capra/src/rgo_ros2_pkg/install/rgo_ros2_pkg/share/rgo_ros2_pkg/cmake/rgo_ros2_pkgConfig-version.cmake
-- Installing: /home/rgo/ros2/capra/src/rgo_ros2_pkg/install/rgo_ros2_pkg/share/rgo_ros2_pkg/package.xml
