[0.013s] Invoking command in '/home/rgo/ros2/capra/src/rgo_ros2_pkg/build/rgo_ros2_pkg': CMAKE_PREFIX_PATH=${CMAKE_PREFIX_PATH}:/opt/ros/foxy CONDA_PROMPT_MODIFIER=(base) /usr/bin/cmake --build /home/rgo/ros2/capra/src/rgo_ros2_pkg/build/rgo_ros2_pkg -- -j8 -l8
[0.051s] [35m[1mScanning dependencies of target rgo_ros2_node[0m
[0.076s] [ 50%] [32mBuilding CXX object CMakeFiles/rgo_ros2_node.dir/src/rgo_ros2_node.cpp.o[0m
[2.559s] [100%] [32m[1mLinking CXX executable rgo_ros2_node[0m
[2.691s] [100%] Built target rgo_ros2_node
[2.701s] Invoked command in '/home/rgo/ros2/capra/src/rgo_ros2_pkg/build/rgo_ros2_pkg' returned '0': CMAKE_PREFIX_PATH=${CMAKE_PREFIX_PATH}:/opt/ros/foxy CONDA_PROMPT_MODIFIER=(base) /usr/bin/cmake --build /home/rgo/ros2/capra/src/rgo_ros2_pkg/build/rgo_ros2_pkg -- -j8 -l8
[2.730s] Invoking command in '/home/rgo/ros2/capra/src/rgo_ros2_pkg/build/rgo_ros2_pkg': CMAKE_PREFIX_PATH=${CMAKE_PREFIX_PATH}:/opt/ros/foxy CONDA_PROMPT_MODIFIER=(base) /usr/bin/cmake --install /home/rgo/ros2/capra/src/rgo_ros2_pkg/build/rgo_ros2_pkg
[2.736s] -- Install configuration: ""
[2.736s] -- Installing: /home/rgo/ros2/capra/src/rgo_ros2_pkg/install/rgo_ros2_pkg/lib/rgo_ros2_pkg/rgo_ros2_node
[2.737s] -- Set runtime path of "/home/rgo/ros2/capra/src/rgo_ros2_pkg/install/rgo_ros2_pkg/lib/rgo_ros2_pkg/rgo_ros2_node" to ""
[2.738s] -- Installing: /home/rgo/ros2/capra/src/rgo_ros2_pkg/install/rgo_ros2_pkg/share/ament_index/resource_index/package_run_dependencies/rgo_ros2_pkg
[2.738s] -- Up-to-date: /home/rgo/ros2/capra/src/rgo_ros2_pkg/install/rgo_ros2_pkg/share/ament_index/resource_index/parent_prefix_path/rgo_ros2_pkg
[2.738s] -- Up-to-date: /home/rgo/ros2/capra/src/rgo_ros2_pkg/install/rgo_ros2_pkg/share/rgo_ros2_pkg/environment/ament_prefix_path.sh
[2.738s] -- Installing: /home/rgo/ros2/capra/src/rgo_ros2_pkg/install/rgo_ros2_pkg/share/rgo_ros2_pkg/environment/ament_prefix_path.dsv
[2.738s] -- Up-to-date: /home/rgo/ros2/capra/src/rgo_ros2_pkg/install/rgo_ros2_pkg/share/rgo_ros2_pkg/environment/path.sh
[2.738s] -- Installing: /home/rgo/ros2/capra/src/rgo_ros2_pkg/install/rgo_ros2_pkg/share/rgo_ros2_pkg/environment/path.dsv
[2.739s] -- Up-to-date: /home/rgo/ros2/capra/src/rgo_ros2_pkg/install/rgo_ros2_pkg/share/rgo_ros2_pkg/local_setup.bash
[2.739s] -- Up-to-date: /home/rgo/ros2/capra/src/rgo_ros2_pkg/install/rgo_ros2_pkg/share/rgo_ros2_pkg/local_setup.sh
[2.739s] -- Up-to-date: /home/rgo/ros2/capra/src/rgo_ros2_pkg/install/rgo_ros2_pkg/share/rgo_ros2_pkg/local_setup.zsh
[2.739s] -- Installing: /home/rgo/ros2/capra/src/rgo_ros2_pkg/install/rgo_ros2_pkg/share/rgo_ros2_pkg/local_setup.dsv
[2.739s] -- Installing: /home/rgo/ros2/capra/src/rgo_ros2_pkg/install/rgo_ros2_pkg/share/rgo_ros2_pkg/package.dsv
[2.739s] -- Up-to-date: /home/rgo/ros2/capra/src/rgo_ros2_pkg/install/rgo_ros2_pkg/share/ament_index/resource_index/packages/rgo_ros2_pkg
[2.739s] -- Up-to-date: /home/rgo/ros2/capra/src/rgo_ros2_pkg/install/rgo_ros2_pkg/share/rgo_ros2_pkg/cmake/rgo_ros2_pkgConfig.cmake
[2.739s] -- Up-to-date: /home/rgo/ros2/capra/src/rgo_ros2_pkg/install/rgo_ros2_pkg/share/rgo_ros2_pkg/cmake/rgo_ros2_pkgConfig-version.cmake
[2.739s] -- Installing: /home/rgo/ros2/capra/src/rgo_ros2_pkg/install/rgo_ros2_pkg/share/rgo_ros2_pkg/package.xml
[2.742s] Invoked command in '/home/rgo/ros2/capra/src/rgo_ros2_pkg/build/rgo_ros2_pkg' returned '0': CMAKE_PREFIX_PATH=${CMAKE_PREFIX_PATH}:/opt/ros/foxy CONDA_PROMPT_MODIFIER=(base) /usr/bin/cmake --install /home/rgo/ros2/capra/src/rgo_ros2_pkg/build/rgo_ros2_pkg
