[0.066s] Invoking command in '/home/rgo/ros2/capra/src/build/robot_sim_ros2_pkg': CMAKE_PREFIX_PATH=${CMAKE_PREFIX_PATH}:/opt/ros/foxy /usr/bin/cmake /home/rgo/ros2/capra/src/robot_sim_ros2_pkg -DCMAKE_CXX_FLAGS=-std=c++17 -DCMAKE_INSTALL_PREFIX=/home/rgo/ros2/capra/src/install/robot_sim_ros2_pkg
[0.179s] -- Found ament_cmake: 0.9.9 (/opt/ros/foxy/share/ament_cmake/cmake)
[0.265s] -- Using PYTHON_EXECUTABLE: /usr/bin/python3
[0.987s] -- Found rclcpp: 2.4.1 (/opt/ros/foxy/share/rclcpp/cmake)
[1.086s] -- Using all available rosidl_typesupport_c: rosidl_typesupport_fastrtps_c;rosidl_typesupport_introspection_c
[1.094s] -- Found rosidl_adapter: 1.2.1 (/opt/ros/foxy/share/rosidl_adapter/cmake)
[1.444s] -- Using all available rosidl_typesupport_cpp: rosidl_typesupport_fastrtps_cpp;rosidl_typesupport_introspection_cpp
[1.609s] -- Found rmw_implementation_cmake: 1.0.3 (/opt/ros/foxy/share/rmw_implementation_cmake/cmake)
[1.614s] -- Using RMW implementation 'rmw_fastrtps_cpp' as default
[2.105s] -- Found geometry_msgs: 2.0.5 (/opt/ros/foxy/share/geometry_msgs/cmake)
[2.218s] -- Found nav_msgs: 2.0.5 (/opt/ros/foxy/share/nav_msgs/cmake)
[2.457s] -- Found ament_lint_auto: 0.9.6 (/opt/ros/foxy/share/ament_lint_auto/cmake)
[2.920s] -- Added test 'copyright' to check source files copyright and LICENSE
[2.921s] -- Added test 'cppcheck' to perform static code analysis on C / C++ code
[2.922s] -- Configured cppcheck include dirs: 
[2.922s] -- Configured cppcheck exclude dirs and/or files: 
[2.925s] -- Added test 'cpplint' to check C / C++ code against the Google style
[2.925s] -- Configured cpplint exclude dirs and/or files: 
[2.933s] -- Added test 'lint_cmake' to check CMake code style
[2.935s] -- Added test 'uncrustify' to check C / C++ code style
[2.935s] -- Configured uncrustify additional arguments: 
[2.936s] -- Added test 'xmllint' to check XML markup files
[2.953s] -- Configuring done
[2.998s] -- Generating done
[3.007s] -- Build files have been written to: /home/rgo/ros2/capra/src/build/robot_sim_ros2_pkg
[3.036s] Invoked command in '/home/rgo/ros2/capra/src/build/robot_sim_ros2_pkg' returned '0': CMAKE_PREFIX_PATH=${CMAKE_PREFIX_PATH}:/opt/ros/foxy /usr/bin/cmake /home/rgo/ros2/capra/src/robot_sim_ros2_pkg -DCMAKE_CXX_FLAGS=-std=c++17 -DCMAKE_INSTALL_PREFIX=/home/rgo/ros2/capra/src/install/robot_sim_ros2_pkg
[3.062s] Invoking command in '/home/rgo/ros2/capra/src/build/robot_sim_ros2_pkg': CMAKE_PREFIX_PATH=${CMAKE_PREFIX_PATH}:/opt/ros/foxy /usr/bin/cmake --build /home/rgo/ros2/capra/src/build/robot_sim_ros2_pkg -- -j6 -l6
[3.302s] [ 50%] [32mBuilding CXX object CMakeFiles/robot_sim_ros2_node.dir/src/robot_sim_ros2_node.cpp.o[0m
[33.656s] [100%] [32m[1mLinking CXX executable robot_sim_ros2_node[0m
[35.133s] [100%] Built target robot_sim_ros2_node
