Logging level is set to info

<info,394,../PerceptionEngineImpl/src/lib/HttpControl/PeHttpServer.cpp,32570051>  Starting Perception Engine HTTP Server
<info,235,../PerceptionEngineImpl/src/lib/ClientImpl/source/LocalizationServiceImpl.cpp,32570051>  Added callback for global map udpates!!!
<info,359,../PerceptionEngineImpl/src/lib/ClientImpl/source/PerceptionEngineImpl.cpp,32570052>  runtimes services
<info,55,../RGoLib.Communication/source/comm_client.cpp,32585653>  Connecting to 127.0.0.1:3455 ...
<info,90,../RGoLib.Communication/source/comm_client.cpp,32585661>  Client Connected to 127.0.0.1:3455!
<info,167,../PerceptionEngineImpl/src/lib/ClientImpl/source/PerceptionEngineImpl.cpp,32585662>  Location service connection status changed to true
<info,55,../RGoLib.Communication/source/comm_client.cpp,32585663>  Connecting to 127.0.0.1:3456 ...
<info,90,../RGoLib.Communication/source/comm_client.cpp,32585663>  Client Connected to 127.0.0.1:3456!
<info,153,../PerceptionEngineImpl/src/lib/ClientImpl/source/PerceptionEngineImpl.cpp,32585664>  Robot service connection status changed to true
<info,423,../PerceptionEngineImpl/src/lib/ClientImpl/source/PerceptionEngineImpl.cpp,32585667>  Connected! Starting!
<info,114,../PerceptionEngineImpl/src/lib/ClientImpl/source/LocalizationServiceImpl.cpp,32585668>  Localization Service configured
<info,127,../PerceptionEngineImpl/src/lib/ClientImpl/source/LocalizationServiceImpl.cpp,32585669>  Registered for global map updates!!!
<info,436,../PerceptionEngineImpl/src/lib/ClientImpl/source/PerceptionEngineImpl.cpp,32585669>  Perception Engine Started.
<error,131,../RGoLib.Communication/source/session.cpp,32595478>  RgoCommSession 3456 error: End of file
<info,153,../PerceptionEngineImpl/src/lib/ClientImpl/source/PerceptionEngineImpl.cpp,32595479>  Robot service connection status changed to false
<info,46,../RGoLib.Communication/source/comm_client.cpp,32595479>  Terminated RGo Client.
<error,132,../RGoLib.Communication/source/rpc_client.cpp,32595940>  End point not connected!
<error,132,../RGoLib.Communication/source/rpc_client.cpp,32596441>  End point not connected!
<error,132,../RGoLib.Communication/source/rpc_client.cpp,32596940>  End point not connected!
<error,132,../RGoLib.Communication/source/rpc_client.cpp,32597441>  End point not connected!
<error,131,../RGoLib.Communication/source/session.cpp,32597596>  RgoCommSession 3455 error: End of file
<info,167,../PerceptionEngineImpl/src/lib/ClientImpl/source/PerceptionEngineImpl.cpp,32597597>  Location service connection status changed to false
<info,46,../RGoLib.Communication/source/comm_client.cpp,32597597>  Terminated RGo Client.
<error,132,../RGoLib.Communication/source/rpc_client.cpp,32597940>  End point not connected!
<error,132,../RGoLib.Communication/source/rpc_client.cpp,32598440>  End point not connected!
<error,132,../RGoLib.Communication/source/rpc_client.cpp,32598941>  End point not connected!
<error,132,../RGoLib.Communication/source/rpc_client.cpp,32599441>  End point not connected!
<error,132,../RGoLib.Communication/source/rpc_client.cpp,32599941>  End point not connected!
<error,132,../RGoLib.Communication/source/rpc_client.cpp,32600442>  End point not connected!
<error,132,../RGoLib.Communication/source/rpc_client.cpp,32600940>  End point not connected!
<info,406,../PerceptionEngineImpl/src/lib/HttpControl/PeHttpServer.cpp,32601054>  Stopping Perception Engine HTTP Server
<info,54,../PerceptionEngineImpl/src/lib/ClientImpl/source/PerceptionEngineImpl.cpp,32601055>  Stopping Perception Engine Connection...
<info,46,../RGoLib.Communication/source/comm_client.cpp,32601055>  Terminated RGo Client.
<info,46,../RGoLib.Communication/source/comm_client.cpp,32601055>  Terminated RGo Client.
<info,85,../PerceptionEngineImpl/src/lib/ClientImpl/source/PerceptionEngineImpl.cpp,32601055>  Perception Engine Disconnected.
<info,444,../PerceptionEngineImpl/src/lib/ClientImpl/source/PerceptionEngineImpl.cpp,32601055>  Shutting down runtime...
<info,452,../PerceptionEngineImpl/src/lib/ClientImpl/source/PerceptionEngineImpl.cpp,32601385>  Runtime closed, took 0 seconds
<info,453,../PerceptionEngineImpl/src/lib/ClientImpl/source/PerceptionEngineImpl.cpp,32601386>  Perception Engine Stopped.
<info,38,../RGoLib.Communication/source/session.cpp,32601386>  Session 3455 closed.
<info,38,../RGoLib.Communication/source/session.cpp,32601386>  Session 3456 closed.
<info,181,../Utils/source/Logger.cpp,32601446>  LoggerWorker termination message
Log is terminated by request
LoggerWorker terminated
