[0.014s] Invoking command in '/home/rgo/ros2/capra/src/rgo_ros2_pkg/build/rgo_ros2_pkg': CMAKE_PREFIX_PATH=${CMAKE_PREFIX_PATH}:/opt/ros/foxy CONDA_PROMPT_MODIFIER=(base) /usr/bin/cmake --build /home/rgo/ros2/capra/src/rgo_ros2_pkg/build/rgo_ros2_pkg -- -j8 -l8
[0.052s] [35m[1mScanning dependencies of target rgo_ros2_node[0m
[0.082s] [ 50%] [32mBuilding CXX object CMakeFiles/rgo_ros2_node.dir/src/rgo_ros2_node.cpp.o[0m
[4.391s] [100%] [32m[1mLinking CXX executable rgo_ros2_node[0m
[4.603s] [100%] Built target rgo_ros2_node
[4.612s] Invoked command in '/home/rgo/ros2/capra/src/rgo_ros2_pkg/build/rgo_ros2_pkg' returned '0': CMAKE_PREFIX_PATH=${CMAKE_PREFIX_PATH}:/opt/ros/foxy CONDA_PROMPT_MODIFIER=(base) /usr/bin/cmake --build /home/rgo/ros2/capra/src/rgo_ros2_pkg/build/rgo_ros2_pkg -- -j8 -l8
[4.641s] Invoking command in '/home/rgo/ros2/capra/src/rgo_ros2_pkg/build/rgo_ros2_pkg': CMAKE_PREFIX_PATH=${CMAKE_PREFIX_PATH}:/opt/ros/foxy CONDA_PROMPT_MODIFIER=(base) /usr/bin/cmake --install /home/rgo/ros2/capra/src/rgo_ros2_pkg/build/rgo_ros2_pkg
[4.648s] -- Install configuration: ""
[4.648s] -- Installing: /home/rgo/ros2/capra/src/rgo_ros2_pkg/install/rgo_ros2_pkg/lib/rgo_ros2_pkg/rgo_ros2_node
[4.650s] -- Set runtime path of "/home/rgo/ros2/capra/src/rgo_ros2_pkg/install/rgo_ros2_pkg/lib/rgo_ros2_pkg/rgo_ros2_node" to ""
[4.650s] -- Up-to-date: /home/rgo/ros2/capra/src/rgo_ros2_pkg/install/rgo_ros2_pkg/share/ament_index/resource_index/package_run_dependencies/rgo_ros2_pkg
[4.651s] -- Up-to-date: /home/rgo/ros2/capra/src/rgo_ros2_pkg/install/rgo_ros2_pkg/share/ament_index/resource_index/parent_prefix_path/rgo_ros2_pkg
[4.651s] -- Up-to-date: /home/rgo/ros2/capra/src/rgo_ros2_pkg/install/rgo_ros2_pkg/share/rgo_ros2_pkg/environment/ament_prefix_path.sh
[4.651s] -- Up-to-date: /home/rgo/ros2/capra/src/rgo_ros2_pkg/install/rgo_ros2_pkg/share/rgo_ros2_pkg/environment/ament_prefix_path.dsv
[4.651s] -- Up-to-date: /home/rgo/ros2/capra/src/rgo_ros2_pkg/install/rgo_ros2_pkg/share/rgo_ros2_pkg/environment/path.sh
[4.651s] -- Up-to-date: /home/rgo/ros2/capra/src/rgo_ros2_pkg/install/rgo_ros2_pkg/share/rgo_ros2_pkg/environment/path.dsv
[4.651s] -- Up-to-date: /home/rgo/ros2/capra/src/rgo_ros2_pkg/install/rgo_ros2_pkg/share/rgo_ros2_pkg/local_setup.bash
[4.651s] -- Up-to-date: /home/rgo/ros2/capra/src/rgo_ros2_pkg/install/rgo_ros2_pkg/share/rgo_ros2_pkg/local_setup.sh
[4.652s] -- Up-to-date: /home/rgo/ros2/capra/src/rgo_ros2_pkg/install/rgo_ros2_pkg/share/rgo_ros2_pkg/local_setup.zsh
[4.652s] -- Up-to-date: /home/rgo/ros2/capra/src/rgo_ros2_pkg/install/rgo_ros2_pkg/share/rgo_ros2_pkg/local_setup.dsv
[4.652s] -- Installing: /home/rgo/ros2/capra/src/rgo_ros2_pkg/install/rgo_ros2_pkg/share/rgo_ros2_pkg/package.dsv
[4.652s] -- Up-to-date: /home/rgo/ros2/capra/src/rgo_ros2_pkg/install/rgo_ros2_pkg/share/ament_index/resource_index/packages/rgo_ros2_pkg
[4.652s] -- Up-to-date: /home/rgo/ros2/capra/src/rgo_ros2_pkg/install/rgo_ros2_pkg/share/rgo_ros2_pkg/cmake/rgo_ros2_pkgConfig.cmake
[4.652s] -- Up-to-date: /home/rgo/ros2/capra/src/rgo_ros2_pkg/install/rgo_ros2_pkg/share/rgo_ros2_pkg/cmake/rgo_ros2_pkgConfig-version.cmake
[4.653s] -- Up-to-date: /home/rgo/ros2/capra/src/rgo_ros2_pkg/install/rgo_ros2_pkg/share/rgo_ros2_pkg/package.xml
[4.654s] Invoked command in '/home/rgo/ros2/capra/src/rgo_ros2_pkg/build/rgo_ros2_pkg' returned '0': CMAKE_PREFIX_PATH=${CMAKE_PREFIX_PATH}:/opt/ros/foxy CONDA_PROMPT_MODIFIER=(base) /usr/bin/cmake --install /home/rgo/ros2/capra/src/rgo_ros2_pkg/build/rgo_ros2_pkg
